This file contains any messages produced by compilers while
running configure, to aid debugging if configure makes a mistake.

It was created by gas configure 2.29.1, which was
generated by GNU Autoconf 2.64.  Invocation command line was

  $ /home/mdl/jun/afl-ptrix/afl-pt/samples/objdump-samples/target/binutils-2.29.1/gas/configure --srcdir=.././gas --cache-file=./config.cache --with-gnu-as --with-gnu-ld --program-transform-name=s,y,y, --disable-option-checking --build=x86_64-pc-linux-gnu --host=x86_64-pc-linux-gnu --target=x86_64-pc-linux-gnu

## --------- ##
## Platform. ##
## --------- ##

hostname = mdl-XPS-8900
uname -m = x86_64
uname -r = 4.4.0-31-generic
uname -s = Linux
uname -v = #50~14.04.1-Ubuntu SMP Wed Jul 13 01:07:32 UTC 2016

/usr/bin/uname -p = unknown
/bin/uname -X     = unknown

/bin/arch              = unknown
/usr/bin/arch -k       = unknown
/usr/convex/getsysinfo = unknown
/usr/bin/hostinfo      = unknown
/bin/machine           = unknown
/usr/bin/oslevel       = unknown
/bin/universe          = unknown

PATH: /usr/local/sbin
PATH: /usr/local/bin
PATH: /usr/sbin
PATH: /usr/bin
PATH: /sbin
PATH: /bin
PATH: /usr/games
PATH: /usr/local/games


## ----------- ##
## Core tests. ##
## ----------- ##

configure:2210: creating cache ./config.cache
configure:2315: checking build system type
configure:2329: result: x86_64-pc-linux-gnu
configure:2349: checking host system type
configure:2362: result: x86_64-pc-linux-gnu
configure:2382: checking target system type
configure:2395: result: x86_64-pc-linux-gnu
configure:2429: checking for x86_64-pc-linux-gnu-gcc
configure:2456: result: gcc
configure:2725: checking for C compiler version
configure:2734: gcc --version >&5
gcc (Ubuntu 4.8.4-2ubuntu1~14.04.3) 4.8.4
Copyright (C) 2013 Free Software Foundation, Inc.
This is free software; see the source for copying conditions.  There is NO
warranty; not even for MERCHANTABILITY or FITNESS FOR A PARTICULAR PURPOSE.

configure:2745: $? = 0
configure:2734: gcc -v >&5
Using built-in specs.
COLLECT_GCC=gcc
COLLECT_LTO_WRAPPER=/usr/lib/gcc/x86_64-linux-gnu/4.8/lto-wrapper
Target: x86_64-linux-gnu
Configured with: ../src/configure -v --with-pkgversion='Ubuntu 4.8.4-2ubuntu1~14.04.3' --with-bugurl=file:///usr/share/doc/gcc-4.8/README.Bugs --enable-languages=c,c++,java,go,d,fortran,objc,obj-c++ --prefix=/usr --program-suffix=-4.8 --enable-shared --enable-linker-build-id --libexecdir=/usr/lib --without-included-gettext --enable-threads=posix --with-gxx-include-dir=/usr/include/c++/4.8 --libdir=/usr/lib --enable-nls --with-sysroot=/ --enable-clocale=gnu --enable-libstdcxx-debug --enable-libstdcxx-time=yes --enable-gnu-unique-object --disable-libmudflap --enable-plugin --with-system-zlib --disable-browser-plugin --enable-java-awt=gtk --enable-gtk-cairo --with-java-home=/usr/lib/jvm/java-1.5.0-gcj-4.8-amd64/jre --enable-java-home --with-jvm-root-dir=/usr/lib/jvm/java-1.5.0-gcj-4.8-amd64 --with-jvm-jar-dir=/usr/lib/jvm-exports/java-1.5.0-gcj-4.8-amd64 --with-arch-directory=amd64 --with-ecj-jar=/usr/share/java/eclipse-ecj.jar --enable-objc-gc --enable-multiarch --disable-werror --with-arch-32=i686 --with-abi=m64 --with-multilib-list=m32,m64,mx32 --with-tune=generic --enable-checking=release --build=x86_64-linux-gnu --host=x86_64-linux-gnu --target=x86_64-linux-gnu
Thread model: posix
gcc version 4.8.4 (Ubuntu 4.8.4-2ubuntu1~14.04.3) 
configure:2745: $? = 0
configure:2734: gcc -V >&5
gcc: error: unrecognized command line option '-V'
gcc: fatal error: no input files
compilation terminated.
configure:2745: $? = 4
configure:2734: gcc -qversion >&5
gcc: error: unrecognized command line option '-qversion'
gcc: fatal error: no input files
compilation terminated.
configure:2745: $? = 4
configure:2765: checking for C compiler default output file name
configure:2787: gcc -fsanitize=address -g  -static-libstdc++ -static-libgcc  conftest.c  >&5
configure:2791: $? = 0
configure:2828: result: a.out
configure:2844: checking whether the C compiler works
configure:2853: ./a.out
configure:2857: $? = 0
configure:2872: result: yes
configure:2879: checking whether we are cross compiling
configure:2881: result: no
configure:2884: checking for suffix of executables
configure:2891: gcc -o conftest -fsanitize=address -g  -static-libstdc++ -static-libgcc  conftest.c  >&5
configure:2895: $? = 0
configure:2917: result: 
configure:2923: checking for suffix of object files
configure:2945: gcc -c -fsanitize=address -g  conftest.c >&5
configure:2949: $? = 0
configure:2970: result: o
configure:2974: checking whether we are using the GNU C compiler
configure:2993: gcc -c -fsanitize=address -g  conftest.c >&5
configure:2993: $? = 0
configure:3002: result: yes
configure:3011: checking whether gcc accepts -g
configure:3031: gcc -c -g  conftest.c >&5
configure:3031: $? = 0
configure:3072: result: yes
configure:3089: checking for gcc option to accept ISO C89
configure:3153: gcc  -c -fsanitize=address -g  conftest.c >&5
configure:3153: $? = 0
configure:3166: result: none needed
configure:3187: checking for library containing strerror
configure:3218: gcc -o conftest -fsanitize=address -g  -static-libstdc++ -static-libgcc  conftest.c  >&5
configure:3218: $? = 0
configure:3235: result: none required
configure:3260: checking for a BSD-compatible install
configure:3328: result: /usr/bin/install -c
configure:3339: checking whether build environment is sane
configure:3389: result: yes
configure:3530: checking for a thread-safe mkdir -p
configure:3569: result: /bin/mkdir -p
configure:3582: checking for gawk
configure:3609: result: gawk
configure:3620: checking whether make sets $(MAKE)
configure:3642: result: yes
configure:3672: checking for style of include used by make
configure:3700: result: GNU
configure:3786: checking dependency style of gcc
configure:3897: result: gcc3
configure:3922: checking for x86_64-pc-linux-gnu-gcc
configure:3949: result: gcc
configure:4218: checking for C compiler version
configure:4227: gcc --version >&5
gcc (Ubuntu 4.8.4-2ubuntu1~14.04.3) 4.8.4
Copyright (C) 2013 Free Software Foundation, Inc.
This is free software; see the source for copying conditions.  There is NO
warranty; not even for MERCHANTABILITY or FITNESS FOR A PARTICULAR PURPOSE.

configure:4238: $? = 0
configure:4227: gcc -v >&5
Using built-in specs.
COLLECT_GCC=gcc
COLLECT_LTO_WRAPPER=/usr/lib/gcc/x86_64-linux-gnu/4.8/lto-wrapper
Target: x86_64-linux-gnu
Configured with: ../src/configure -v --with-pkgversion='Ubuntu 4.8.4-2ubuntu1~14.04.3' --with-bugurl=file:///usr/share/doc/gcc-4.8/README.Bugs --enable-languages=c,c++,java,go,d,fortran,objc,obj-c++ --prefix=/usr --program-suffix=-4.8 --enable-shared --enable-linker-build-id --libexecdir=/usr/lib --without-included-gettext --enable-threads=posix --with-gxx-include-dir=/usr/include/c++/4.8 --libdir=/usr/lib --enable-nls --with-sysroot=/ --enable-clocale=gnu --enable-libstdcxx-debug --enable-libstdcxx-time=yes --enable-gnu-unique-object --disable-libmudflap --enable-plugin --with-system-zlib --disable-browser-plugin --enable-java-awt=gtk --enable-gtk-cairo --with-java-home=/usr/lib/jvm/java-1.5.0-gcj-4.8-amd64/jre --enable-java-home --with-jvm-root-dir=/usr/lib/jvm/java-1.5.0-gcj-4.8-amd64 --with-jvm-jar-dir=/usr/lib/jvm-exports/java-1.5.0-gcj-4.8-amd64 --with-arch-directory=amd64 --with-ecj-jar=/usr/share/java/eclipse-ecj.jar --enable-objc-gc --enable-multiarch --disable-werror --with-arch-32=i686 --with-abi=m64 --with-multilib-list=m32,m64,mx32 --with-tune=generic --enable-checking=release --build=x86_64-linux-gnu --host=x86_64-linux-gnu --target=x86_64-linux-gnu
Thread model: posix
gcc version 4.8.4 (Ubuntu 4.8.4-2ubuntu1~14.04.3) 
configure:4238: $? = 0
configure:4227: gcc -V >&5
gcc: error: unrecognized command line option '-V'
gcc: fatal error: no input files
compilation terminated.
configure:4238: $? = 4
configure:4227: gcc -qversion >&5
gcc: error: unrecognized command line option '-qversion'
gcc: fatal error: no input files
compilation terminated.
configure:4238: $? = 4
configure:4242: checking whether we are using the GNU C compiler
configure:4270: result: yes
configure:4279: checking whether gcc accepts -g
configure:4340: result: yes
configure:4357: checking for gcc option to accept ISO C89
configure:4434: result: none needed
configure:4459: checking how to run the C preprocessor
configure:4490: gcc -E  conftest.c
configure:4490: $? = 0
configure:4504: gcc -E  conftest.c
conftest.c:11:28: fatal error: ac_nonexistent.h: No such file or directory
 #include <ac_nonexistent.h>
                            ^
compilation terminated.
configure:4504: $? = 1
configure: failed program was:
| /* confdefs.h */
| #define PACKAGE_NAME "gas"
| #define PACKAGE_TARNAME "gas"
| #define PACKAGE_VERSION "2.29.1"
| #define PACKAGE_STRING "gas 2.29.1"
| #define PACKAGE_BUGREPORT ""
| #define PACKAGE_URL ""
| #define PACKAGE "gas"
| #define VERSION "2.29.1"
| /* end confdefs.h.  */
| #include <ac_nonexistent.h>
configure:4529: result: gcc -E
configure:4549: gcc -E  conftest.c
configure:4549: $? = 0
configure:4563: gcc -E  conftest.c
conftest.c:11:28: fatal error: ac_nonexistent.h: No such file or directory
 #include <ac_nonexistent.h>
                            ^
compilation terminated.
configure:4563: $? = 1
configure: failed program was:
| /* confdefs.h */
| #define PACKAGE_NAME "gas"
| #define PACKAGE_TARNAME "gas"
| #define PACKAGE_VERSION "2.29.1"
| #define PACKAGE_STRING "gas 2.29.1"
| #define PACKAGE_BUGREPORT ""
| #define PACKAGE_URL ""
| #define PACKAGE "gas"
| #define VERSION "2.29.1"
| /* end confdefs.h.  */
| #include <ac_nonexistent.h>
configure:4592: checking for grep that handles long lines and -e
configure:4650: result: /bin/grep
configure:4655: checking for egrep
configure:4717: result: /bin/grep -E
configure:4722: checking for ANSI C header files
configure:4742: gcc -c -fsanitize=address -g  conftest.c >&5
configure:4742: $? = 0
configure:4815: gcc -o conftest -fsanitize=address -g  -static-libstdc++ -static-libgcc  conftest.c  >&5
configure:4815: $? = 0
configure:4815: ./conftest
configure:4815: $? = 0
configure:4826: result: yes
configure:4839: checking for sys/types.h
configure:4839: gcc -c -fsanitize=address -g  conftest.c >&5
configure:4839: $? = 0
configure:4839: result: yes
configure:4839: checking for sys/stat.h
configure:4839: gcc -c -fsanitize=address -g  conftest.c >&5
configure:4839: $? = 0
configure:4839: result: yes
configure:4839: checking for stdlib.h
configure:4839: gcc -c -fsanitize=address -g  conftest.c >&5
configure:4839: $? = 0
configure:4839: result: yes
configure:4839: checking for string.h
configure:4839: gcc -c -fsanitize=address -g  conftest.c >&5
configure:4839: $? = 0
configure:4839: result: yes
configure:4839: checking for memory.h
configure:4839: gcc -c -fsanitize=address -g  conftest.c >&5
configure:4839: $? = 0
configure:4839: result: yes
configure:4839: checking for strings.h
configure:4839: gcc -c -fsanitize=address -g  conftest.c >&5
configure:4839: $? = 0
configure:4839: result: yes
configure:4839: checking for inttypes.h
configure:4839: gcc -c -fsanitize=address -g  conftest.c >&5
configure:4839: $? = 0
configure:4839: result: yes
configure:4839: checking for stdint.h
configure:4839: gcc -c -fsanitize=address -g  conftest.c >&5
configure:4839: $? = 0
configure:4839: result: yes
configure:4839: checking for unistd.h
configure:4839: gcc -c -fsanitize=address -g  conftest.c >&5
configure:4839: $? = 0
configure:4839: result: yes
configure:4853: checking minix/config.h usability
configure:4853: gcc -c -fsanitize=address -g  conftest.c >&5
conftest.c:54:26: fatal error: minix/config.h: No such file or directory
 #include <minix/config.h>
                          ^
compilation terminated.
configure:4853: $? = 1
configure: failed program was:
| /* confdefs.h */
| #define PACKAGE_NAME "gas"
| #define PACKAGE_TARNAME "gas"
| #define PACKAGE_VERSION "2.29.1"
| #define PACKAGE_STRING "gas 2.29.1"
| #define PACKAGE_BUGREPORT ""
| #define PACKAGE_URL ""
| #define PACKAGE "gas"
| #define VERSION "2.29.1"
| #define STDC_HEADERS 1
| #define HAVE_SYS_TYPES_H 1
| #define HAVE_SYS_STAT_H 1
| #define HAVE_STDLIB_H 1
| #define HAVE_STRING_H 1
| #define HAVE_MEMORY_H 1
| #define HAVE_STRINGS_H 1
| #define HAVE_INTTYPES_H 1
| #define HAVE_STDINT_H 1
| #define HAVE_UNISTD_H 1
| /* end confdefs.h.  */
| #include <stdio.h>
| #ifdef HAVE_SYS_TYPES_H
| # include <sys/types.h>
| #endif
| #ifdef HAVE_SYS_STAT_H
| # include <sys/stat.h>
| #endif
| #ifdef STDC_HEADERS
| # include <stdlib.h>
| # include <stddef.h>
| #else
| # ifdef HAVE_STDLIB_H
| #  include <stdlib.h>
| # endif
| #endif
| #ifdef HAVE_STRING_H
| # if !defined STDC_HEADERS && defined HAVE_MEMORY_H
| #  include <memory.h>
| # endif
| # include <string.h>
| #endif
| #ifdef HAVE_STRINGS_H
| # include <strings.h>
| #endif
| #ifdef HAVE_INTTYPES_H
| # include <inttypes.h>
| #endif
| #ifdef HAVE_STDINT_H
| # include <stdint.h>
| #endif
| #ifdef HAVE_UNISTD_H
| # include <unistd.h>
| #endif
| #include <minix/config.h>
configure:4853: result: no
configure:4853: checking minix/config.h presence
configure:4853: gcc -E  conftest.c
conftest.c:21:26: fatal error: minix/config.h: No such file or directory
 #include <minix/config.h>
                          ^
compilation terminated.
configure:4853: $? = 1
configure: failed program was:
| /* confdefs.h */
| #define PACKAGE_NAME "gas"
| #define PACKAGE_TARNAME "gas"
| #define PACKAGE_VERSION "2.29.1"
| #define PACKAGE_STRING "gas 2.29.1"
| #define PACKAGE_BUGREPORT ""
| #define PACKAGE_URL ""
| #define PACKAGE "gas"
| #define VERSION "2.29.1"
| #define STDC_HEADERS 1
| #define HAVE_SYS_TYPES_H 1
| #define HAVE_SYS_STAT_H 1
| #define HAVE_STDLIB_H 1
| #define HAVE_STRING_H 1
| #define HAVE_MEMORY_H 1
| #define HAVE_STRINGS_H 1
| #define HAVE_INTTYPES_H 1
| #define HAVE_STDINT_H 1
| #define HAVE_UNISTD_H 1
| /* end confdefs.h.  */
| #include <minix/config.h>
configure:4853: result: no
configure:4853: checking for minix/config.h
configure:4853: result: no
configure:4874: checking whether it is safe to define __EXTENSIONS__
configure:4892: gcc -c -fsanitize=address -g  conftest.c >&5
configure:4892: $? = 0
configure:4899: result: yes
configure:4962: checking how to print strings
configure:4989: result: printf
configure:5010: checking for a sed that does not truncate output
configure:5074: result: /bin/sed
configure:5092: checking for fgrep
configure:5154: result: /bin/grep -F
configure:5189: checking for ld used by gcc
configure:5256: result: ld
configure:5263: checking if the linker (ld) is GNU ld
configure:5278: result: yes
configure:5290: checking for BSD- or MS-compatible name lister (nm)
configure:5339: result: nm
configure:5469: checking the name lister (nm) interface
configure:5476: gcc -c -fsanitize=address -g  conftest.c >&5
configure:5479: nm "conftest.o"
configure:5482: output
0000000000000000 t _GLOBAL__sub_D_00099_0_some_variable
0000000000000015 t _GLOBAL__sub_I_00099_1_some_variable
                 U __asan_init_v1
                 U __asan_register_globals
                 U __asan_unregister_globals
0000000000000000 B some_variable
configure:5489: result: BSD nm
configure:5492: checking whether ln -s works
configure:5496: result: yes
configure:5504: checking the maximum length of command line arguments
configure:5629: result: 3458764513820540925
configure:5646: checking whether the shell understands some XSI constructs
configure:5656: result: yes
configure:5660: checking whether the shell understands "+="
configure:5666: result: yes
configure:5701: checking for ld option to reload object files
configure:5708: result: -r
configure:5737: checking for x86_64-pc-linux-gnu-objdump
configure:5764: result: objdump
configure:5836: checking how to recognize dependent libraries
configure:6037: result: pass_all
configure:6057: checking for x86_64-pc-linux-gnu-ar
configure:6084: result: ar
configure:6162: checking for x86_64-pc-linux-gnu-strip
configure:6192: result: no
configure:6202: checking for strip
configure:6218: found /usr/bin/strip
configure:6229: result: strip
configure:6261: checking for x86_64-pc-linux-gnu-ranlib
configure:6288: result: ranlib
configure:6430: checking command to parse nm output from gcc object
configure:6548: gcc -c -fsanitize=address -g  conftest.c >&5
configure:6551: $? = 0
configure:6555: nm conftest.o \| sed -n -e 's/^.*[ ]\([ABCDGIRSTW][ABCDGIRSTW]*\)[ ][ ]*\([_A-Za-z][_A-Za-z0-9]*\)$/\1 \2 \2/p' \> conftest.nm
configure:6558: $? = 0
configure:6612: gcc -o conftest -fsanitize=address -g  -static-libstdc++ -static-libgcc  conftest.c conftstm.o >&5
configure:6615: $? = 0
configure:6653: result: ok
configure:6748: gcc -c -fsanitize=address -g  conftest.c >&5
configure:6751: $? = 0
configure:7501: checking for dlfcn.h
configure:7501: gcc -c -fsanitize=address -g  conftest.c >&5
configure:7501: $? = 0
configure:7501: result: yes
configure:7688: checking for objdir
configure:7703: result: .libs
configure:7974: checking if gcc supports -fno-rtti -fno-exceptions
configure:7992: gcc -c -fsanitize=address -g  -fno-rtti -fno-exceptions conftest.c >&5
cc1: warning: command line option '-fno-rtti' is valid for C++/ObjC++ but not for C [enabled by default]
configure:7996: $? = 0
configure:8009: result: no
configure:8029: checking for gcc option to produce PIC
configure:8315: result: -fPIC -DPIC
configure:8327: checking if gcc PIC flag -fPIC -DPIC works
configure:8345: gcc -c -fsanitize=address -g  -fPIC -DPIC -DPIC conftest.c >&5
configure:8349: $? = 0
configure:8362: result: yes
configure:8386: checking if gcc static flag -static works
configure:8414: result: no
configure:8429: checking if gcc supports -c -o file.o
configure:8450: gcc -c -fsanitize=address -g  -o out/conftest2.o conftest.c >&5
configure:8454: $? = 0
configure:8476: result: yes
configure:8484: checking if gcc supports -c -o file.o
configure:8531: result: yes
configure:8564: checking whether the gcc linker (ld -m elf_x86_64) supports shared libraries
configure:9635: result: yes
configure:9672: checking whether -lc should be explicitly linked in
configure:9680: gcc -c -fsanitize=address -g  conftest.c >&5
configure:9683: $? = 0
configure:9698: gcc -shared  -fPIC -DPIC conftest.o  -v -Wl,-soname -Wl,conftest -o conftest 2\>\&1 \| /bin/grep  -lc  \>/dev/null 2\>\&1
configure:9701: $? = 0
configure:9715: result: no
configure:9880: checking dynamic linker characteristics
configure:10331: gcc -o conftest -fsanitize=address -g  -static-libstdc++ -static-libgcc  -Wl,-rpath -Wl,/foo conftest.c  >&5
configure:10331: $? = 0
configure:10553: result: GNU/Linux ld.so
configure:10660: checking how to hardcode library paths into programs
configure:10685: result: immediate
configure:11225: checking whether stripping libraries is possible
configure:11230: result: yes
configure:11265: checking if libtool supports shared libraries
configure:11267: result: yes
configure:11270: checking whether to build shared libraries
configure:11291: result: yes
configure:11294: checking whether to build static libraries
configure:11298: result: yes
configure:11346: checking for dlfcn.h
configure:11346: result: yes
configure:11359: checking for windows.h
configure:11359: gcc -c -fsanitize=address -g  conftest.c >&5
conftest.c:63:21: fatal error: windows.h: No such file or directory
 #include <windows.h>
                     ^
compilation terminated.
configure:11359: $? = 1
configure: failed program was:
| /* confdefs.h */
| #define PACKAGE_NAME "gas"
| #define PACKAGE_TARNAME "gas"
| #define PACKAGE_VERSION "2.29.1"
| #define PACKAGE_STRING "gas 2.29.1"
| #define PACKAGE_BUGREPORT ""
| #define PACKAGE_URL ""
| #define PACKAGE "gas"
| #define VERSION "2.29.1"
| #define STDC_HEADERS 1
| #define HAVE_SYS_TYPES_H 1
| #define HAVE_SYS_STAT_H 1
| #define HAVE_STDLIB_H 1
| #define HAVE_STRING_H 1
| #define HAVE_MEMORY_H 1
| #define HAVE_STRINGS_H 1
| #define HAVE_INTTYPES_H 1
| #define HAVE_STDINT_H 1
| #define HAVE_UNISTD_H 1
| #define __EXTENSIONS__ 1
| #define _ALL_SOURCE 1
| #define _GNU_SOURCE 1
| #define _POSIX_PTHREAD_SEMANTICS 1
| #define _TANDEM_SOURCE 1
| #define HAVE_DLFCN_H 1
| #define LT_OBJDIR ".libs/"
| #define HAVE_DLFCN_H 1
| /* end confdefs.h.  */
| #include <stdio.h>
| #ifdef HAVE_SYS_TYPES_H
| # include <sys/types.h>
| #endif
| #ifdef HAVE_SYS_STAT_H
| # include <sys/stat.h>
| #endif
| #ifdef STDC_HEADERS
| # include <stdlib.h>
| # include <stddef.h>
| #else
| # ifdef HAVE_STDLIB_H
| #  include <stdlib.h>
| # endif
| #endif
| #ifdef HAVE_STRING_H
| # if !defined STDC_HEADERS && defined HAVE_MEMORY_H
| #  include <memory.h>
| # endif
| # include <string.h>
| #endif
| #ifdef HAVE_STRINGS_H
| # include <strings.h>
| #endif
| #ifdef HAVE_INTTYPES_H
| # include <inttypes.h>
| #endif
| #ifdef HAVE_STDINT_H
| # include <stdint.h>
| #endif
| #ifdef HAVE_UNISTD_H
| # include <unistd.h>
| #endif
| 
| #include <windows.h>
configure:11359: result: no
configure:11386: checking for library containing dlopen
configure:11417: gcc -o conftest -fsanitize=address -g  -static-libstdc++ -static-libgcc  conftest.c  >&5
/usr/bin/ld: /tmp/ccK6tlCL.o: undefined reference to symbol 'dlopen@@GLIBC_2.2.5'
//lib/x86_64-linux-gnu/libdl.so.2: error adding symbols: DSO missing from command line
collect2: error: ld returned 1 exit status
configure:11417: $? = 1
configure: failed program was:
| /* confdefs.h */
| #define PACKAGE_NAME "gas"
| #define PACKAGE_TARNAME "gas"
| #define PACKAGE_VERSION "2.29.1"
| #define PACKAGE_STRING "gas 2.29.1"
| #define PACKAGE_BUGREPORT ""
| #define PACKAGE_URL ""
| #define PACKAGE "gas"
| #define VERSION "2.29.1"
| #define STDC_HEADERS 1
| #define HAVE_SYS_TYPES_H 1
| #define HAVE_SYS_STAT_H 1
| #define HAVE_STDLIB_H 1
| #define HAVE_STRING_H 1
| #define HAVE_MEMORY_H 1
| #define HAVE_STRINGS_H 1
| #define HAVE_INTTYPES_H 1
| #define HAVE_STDINT_H 1
| #define HAVE_UNISTD_H 1
| #define __EXTENSIONS__ 1
| #define _ALL_SOURCE 1
| #define _GNU_SOURCE 1
| #define _POSIX_PTHREAD_SEMANTICS 1
| #define _TANDEM_SOURCE 1
| #define HAVE_DLFCN_H 1
| #define LT_OBJDIR ".libs/"
| #define HAVE_DLFCN_H 1
| /* end confdefs.h.  */
| 
| /* Override any GCC internal prototype to avoid an error.
|    Use char because int might match the return type of a GCC
|    builtin and then its argument prototype would still apply.  */
| #ifdef __cplusplus
| extern "C"
| #endif
| char dlopen ();
| int
| main ()
| {
| return dlopen ();
|   ;
|   return 0;
| }
configure:11417: gcc -o conftest -fsanitize=address -g  -static-libstdc++ -static-libgcc  conftest.c -ldl   >&5
configure:11417: $? = 0
configure:11434: result: -ldl
configure:11465: checking for special C compiler options needed for large files
configure:11510: result: no
configure:11516: checking for _FILE_OFFSET_BITS value needed for large files
configure:11541: gcc -c -fsanitize=address -g  conftest.c >&5
configure:11541: $? = 0
configure:11573: result: no
configure:11657: checking how to compare bootstrapped objects
configure:11682: result: cmp --ignore-initial=16 $$f1 $$f2
configure:11940: checking whether byte ordering is bigendian
configure:11955: gcc -c -fsanitize=address -g  conftest.c >&5
conftest.c:31:9: error: unknown type name 'not'
         not a universal capable compiler
         ^
conftest.c:31:15: error: expected '=', ',', ';', 'asm' or '__attribute__' before 'universal'
         not a universal capable compiler
               ^
conftest.c:31:15: error: unknown type name 'universal'
configure:11955: $? = 1
configure: failed program was:
| /* confdefs.h */
| #define PACKAGE_NAME "gas"
| #define PACKAGE_TARNAME "gas"
| #define PACKAGE_VERSION "2.29.1"
| #define PACKAGE_STRING "gas 2.29.1"
| #define PACKAGE_BUGREPORT ""
| #define PACKAGE_URL ""
| #define PACKAGE "gas"
| #define VERSION "2.29.1"
| #define STDC_HEADERS 1
| #define HAVE_SYS_TYPES_H 1
| #define HAVE_SYS_STAT_H 1
| #define HAVE_STDLIB_H 1
| #define HAVE_STRING_H 1
| #define HAVE_MEMORY_H 1
| #define HAVE_STRINGS_H 1
| #define HAVE_INTTYPES_H 1
| #define HAVE_STDINT_H 1
| #define HAVE_UNISTD_H 1
| #define __EXTENSIONS__ 1
| #define _ALL_SOURCE 1
| #define _GNU_SOURCE 1
| #define _POSIX_PTHREAD_SEMANTICS 1
| #define _TANDEM_SOURCE 1
| #define HAVE_DLFCN_H 1
| #define LT_OBJDIR ".libs/"
| #define HAVE_DLFCN_H 1
| #define ENABLE_CHECKING 1
| /* end confdefs.h.  */
| #ifndef __APPLE_CC__
| 	       not a universal capable compiler
| 	     #endif
| 	     typedef int dummy;
| 
configure:12000: gcc -c -fsanitize=address -g  conftest.c >&5
configure:12000: $? = 0
configure:12018: gcc -c -fsanitize=address -g  conftest.c >&5
conftest.c: In function 'main':
conftest.c:37:4: error: unknown type name 'not'
    not big endian
    ^
conftest.c:37:12: error: expected '=', ',', ';', 'asm' or '__attribute__' before 'endian'
    not big endian
            ^
configure:12018: $? = 1
configure: failed program was:
| /* confdefs.h */
| #define PACKAGE_NAME "gas"
| #define PACKAGE_TARNAME "gas"
| #define PACKAGE_VERSION "2.29.1"
| #define PACKAGE_STRING "gas 2.29.1"
| #define PACKAGE_BUGREPORT ""
| #define PACKAGE_URL ""
| #define PACKAGE "gas"
| #define VERSION "2.29.1"
| #define STDC_HEADERS 1
| #define HAVE_SYS_TYPES_H 1
| #define HAVE_SYS_STAT_H 1
| #define HAVE_STDLIB_H 1
| #define HAVE_STRING_H 1
| #define HAVE_MEMORY_H 1
| #define HAVE_STRINGS_H 1
| #define HAVE_INTTYPES_H 1
| #define HAVE_STDINT_H 1
| #define HAVE_UNISTD_H 1
| #define __EXTENSIONS__ 1
| #define _ALL_SOURCE 1
| #define _GNU_SOURCE 1
| #define _POSIX_PTHREAD_SEMANTICS 1
| #define _TANDEM_SOURCE 1
| #define HAVE_DLFCN_H 1
| #define LT_OBJDIR ".libs/"
| #define HAVE_DLFCN_H 1
| #define ENABLE_CHECKING 1
| /* end confdefs.h.  */
| #include <sys/types.h>
| 		#include <sys/param.h>
| 
| int
| main ()
| {
| #if BYTE_ORDER != BIG_ENDIAN
| 		 not big endian
| 		#endif
| 
|   ;
|   return 0;
| }
configure:12146: result: no
configure:12966: checking for bison
configure:12993: result: bison -y
configure:13009: checking for flex
configure:13036: result: /home/mdl/jun/afl-ptrix/afl-pt/samples/objdump-samples/target/binutils-2.29.1/missing flex
configure:13181: checking whether NLS is requested
configure:13187: result: yes
configure:13193: checking for catalogs to be installed
configure:13225: result:  es fi fr id ja ru rw sv tr uk zh_CN es fi fr id ja ru rw sv tr uk zh_CN
configure:13252: checking whether NLS is requested
configure:13261: result: yes
configure:13299: checking for msgfmt
configure:13330: result: /usr/bin/msgfmt
configure:13339: checking for gmsgfmt
configure:13370: result: /usr/bin/msgfmt
configure:13410: checking for xgettext
configure:13441: result: /usr/bin/xgettext
configure:13481: checking for msgmerge
configure:13511: result: /usr/bin/msgmerge
configure:13548: checking whether to enable maintainer-specific portions of Makefiles
configure:13557: result: no
configure:13583: checking for string.h
configure:13583: result: yes
configure:13583: checking for stdlib.h
configure:13583: result: yes
configure:13583: checking for memory.h
configure:13583: result: yes
configure:13583: checking for strings.h
configure:13583: result: yes
configure:13583: checking for unistd.h
configure:13583: result: yes
configure:13583: checking errno.h usability
configure:13583: gcc -c -fsanitize=address -g  conftest.c >&5
configure:13583: $? = 0
configure:13583: result: yes
configure:13583: checking errno.h presence
configure:13583: gcc -E  conftest.c
configure:13583: $? = 0
configure:13583: result: yes
configure:13583: checking for errno.h
configure:13583: result: yes
configure:13583: checking for sys/types.h
configure:13583: result: yes
configure:13583: checking limits.h usability
configure:13583: gcc -c -fsanitize=address -g  conftest.c >&5
configure:13583: $? = 0
configure:13583: result: yes
configure:13583: checking limits.h presence
configure:13583: gcc -E  conftest.c
configure:13583: $? = 0
configure:13583: result: yes
configure:13583: checking for limits.h
configure:13583: result: yes
configure:13583: checking locale.h usability
configure:13583: gcc -c -fsanitize=address -g  conftest.c >&5
configure:13583: $? = 0
configure:13583: result: yes
configure:13583: checking locale.h presence
configure:13583: gcc -E  conftest.c
configure:13583: $? = 0
configure:13583: result: yes
configure:13583: checking for locale.h
configure:13583: result: yes
configure:13583: checking time.h usability
configure:13583: gcc -c -fsanitize=address -g  conftest.c >&5
configure:13583: $? = 0
configure:13583: result: yes
configure:13583: checking time.h presence
configure:13583: gcc -E  conftest.c
configure:13583: $? = 0
configure:13583: result: yes
configure:13583: checking for time.h
configure:13583: result: yes
configure:13583: checking for sys/stat.h
configure:13583: result: yes
configure:13594: checking whether string.h and strings.h may both be included
configure:13611: gcc -c -fsanitize=address -g  conftest.c >&5
configure:13611: $? = 0
configure:13618: result: yes
configure:13629: checking whether compiling a cross-assembler
configure:13639: result: no
configure:13644: checking for working alloca.h
configure:13661: gcc -o conftest -fsanitize=address -g  -static-libstdc++ -static-libgcc  conftest.c -ldl  >&5
configure:13661: $? = 0
configure:13669: result: yes
configure:13677: checking for alloca
configure:13714: gcc -o conftest -fsanitize=address -g  -static-libstdc++ -static-libgcc  conftest.c -ldl  >&5
configure:13714: $? = 0
configure:13722: result: yes
configure:13832: checking for inline
configure:13848: gcc -c -fsanitize=address -g  conftest.c >&5
configure:13848: $? = 0
configure:13856: result: inline
configure:13879: checking for unlink
configure:13879: gcc -o conftest -fsanitize=address -g  -static-libstdc++ -static-libgcc  conftest.c -ldl  >&5
configure:13879: $? = 0
configure:13879: result: yes
configure:13892: checking for sbrk
configure:13892: gcc -o conftest -fsanitize=address -g  -static-libstdc++ -static-libgcc  conftest.c -ldl  >&5
configure:13892: $? = 0
configure:13892: result: yes
configure:13892: checking for setlocale
configure:13892: gcc -o conftest -fsanitize=address -g  -static-libstdc++ -static-libgcc  conftest.c -ldl  >&5
configure:13892: $? = 0
configure:13892: result: yes
configure:13904: checking for strsignal
configure:13904: gcc -o conftest -fsanitize=address -g  -static-libstdc++ -static-libgcc  conftest.c -ldl  >&5
configure:13904: $? = 0
configure:13904: result: yes
configure:13915: checking for LC_MESSAGES
configure:13931: gcc -o conftest -fsanitize=address -g  -static-libstdc++ -static-libgcc  conftest.c -ldl  >&5
configure:13931: $? = 0
configure:13939: result: yes
configure:14090: checking for working assert macro
configure:14115: gcc -o conftest -fsanitize=address -g  -static-libstdc++ -static-libgcc  conftest.c -ldl  >&5
configure:14115: $? = 0
configure:14123: result: yes
configure:14155: checking whether declaration is required for errno
configure:14179: gcc -o conftest -fsanitize=address -g  -static-libstdc++ -static-libgcc  conftest.c -ldl  >&5
configure:14179: $? = 0
configure:14187: result: no
configure:14196: checking for a known getopt prototype in unistd.h
configure:14212: gcc -c -fsanitize=address -g  conftest.c >&5
configure:14212: $? = 0
configure:14220: result: yes
configure:14229: checking whether declaration is required for environ
configure:14249: gcc -o conftest -fsanitize=address -g  -static-libstdc++ -static-libgcc  conftest.c -ldl  >&5
configure:14249: $? = 0
configure:14257: result: no
configure:14266: checking whether declaration is required for ffs
configure:14286: gcc -o conftest -fsanitize=address -g  -static-libstdc++ -static-libgcc  conftest.c -ldl  >&5
configure:14286: $? = 0
configure:14294: result: no
configure:14303: checking whether declaration is required for free
configure:14323: gcc -o conftest -fsanitize=address -g  -static-libstdc++ -static-libgcc  conftest.c -ldl  >&5
configure:14323: $? = 0
configure:14331: result: no
configure:14340: checking whether declaration is required for malloc
configure:14360: gcc -o conftest -fsanitize=address -g  -static-libstdc++ -static-libgcc  conftest.c -ldl  >&5
configure:14360: $? = 0
configure:14368: result: no
configure:14377: checking whether declaration is required for sbrk
configure:14397: gcc -o conftest -fsanitize=address -g  -static-libstdc++ -static-libgcc  conftest.c -ldl  >&5
configure:14397: $? = 0
configure:14405: result: no
configure:14414: checking whether declaration is required for strstr
configure:14434: gcc -o conftest -fsanitize=address -g  -static-libstdc++ -static-libgcc  conftest.c -ldl  >&5
configure:14434: $? = 0
configure:14442: result: no
configure:14451: checking whether free is declared
configure:14451: gcc -c -fsanitize=address -g  conftest.c >&5
configure:14451: $? = 0
configure:14451: result: yes
configure:14461: checking whether getenv is declared
configure:14461: gcc -c -fsanitize=address -g  conftest.c >&5
configure:14461: $? = 0
configure:14461: result: yes
configure:14471: checking whether malloc is declared
configure:14471: gcc -c -fsanitize=address -g  conftest.c >&5
configure:14471: $? = 0
configure:14471: result: yes
configure:14481: checking whether mempcpy is declared
configure:14481: gcc -c -fsanitize=address -g  conftest.c >&5
configure:14481: $? = 0
configure:14481: result: yes
configure:14491: checking whether realloc is declared
configure:14491: gcc -c -fsanitize=address -g  conftest.c >&5
configure:14491: $? = 0
configure:14491: result: yes
configure:14501: checking whether stpcpy is declared
configure:14501: gcc -c -fsanitize=address -g  conftest.c >&5
configure:14501: $? = 0
configure:14501: result: yes
configure:14511: checking whether strstr is declared
configure:14511: gcc -c -fsanitize=address -g  conftest.c >&5
configure:14511: $? = 0
configure:14511: result: yes
configure:14521: checking whether vsnprintf is declared
configure:14521: gcc -c -fsanitize=address -g  conftest.c >&5
configure:14521: $? = 0
configure:14521: result: yes
configure:14531: checking whether asprintf is declared
configure:14531: gcc -c -fsanitize=address -g  conftest.c >&5
configure:14531: $? = 0
configure:14531: result: yes
configure:14573: checking for struct tm.tm_gmtoff in time.h
configure:14591: gcc -c -fsanitize=address -g  conftest.c >&5
configure:14591: $? = 0
configure:14605: result: yes
configure:14611: checking for struct stat.st_mtim.tv_sec in sys/stat.h
configure:14629: gcc -c -fsanitize=address -g  conftest.c >&5
configure:14629: $? = 0
configure:14643: result: yes
configure:14646: checking for struct stat.st_mtim.tv_nsec in sys/stat.h
configure:14664: gcc -c -fsanitize=address -g  conftest.c >&5
configure:14664: $? = 0
configure:14678: result: yes
configure:14761: updating cache ./config.cache
configure:14823: creating ./config.status

## ---------------------- ##
## Running config.status. ##
## ---------------------- ##

This file was extended by gas config.status 2.29.1, which was
generated by GNU Autoconf 2.64.  Invocation command line was

  CONFIG_FILES    = 
  CONFIG_HEADERS  = 
  CONFIG_LINKS    = 
  CONFIG_COMMANDS = 
  $ ./config.status 

on mdl-XPS-8900

config.status:1178: creating .gdbinit
config.status:1178: creating Makefile
config.status:1178: creating doc/Makefile
config.status:1178: creating po/Makefile.in
config.status:1178: creating config.h
config.status:1398: executing depfiles commands
config.status:1398: executing libtool commands
config.status:1398: executing default-1 commands
config.status:1398: executing default commands

## ---------------- ##
## Cache variables. ##
## ---------------- ##

ac_cv_build=x86_64-pc-linux-gnu
ac_cv_c_bigendian=no
ac_cv_c_compiler_gnu=yes
ac_cv_c_inline=inline
ac_cv_env_CC_set=set
ac_cv_env_CC_value=gcc
ac_cv_env_CFLAGS_set=set
ac_cv_env_CFLAGS_value='-fsanitize=address -g'
ac_cv_env_CPPFLAGS_set=
ac_cv_env_CPPFLAGS_value=
ac_cv_env_CPP_set=
ac_cv_env_CPP_value=
ac_cv_env_LDFLAGS_set=set
ac_cv_env_LDFLAGS_value='-static-libstdc++ -static-libgcc '
ac_cv_env_LIBS_set=
ac_cv_env_LIBS_value=
ac_cv_env_YACC_set=set
ac_cv_env_YACC_value='bison -y'
ac_cv_env_YFLAGS_set=
ac_cv_env_YFLAGS_value=
ac_cv_env_build_alias_set=set
ac_cv_env_build_alias_value=x86_64-pc-linux-gnu
ac_cv_env_host_alias_set=set
ac_cv_env_host_alias_value=x86_64-pc-linux-gnu
ac_cv_env_target_alias_set=set
ac_cv_env_target_alias_value=x86_64-pc-linux-gnu
ac_cv_func_alloca_works=yes
ac_cv_func_sbrk=yes
ac_cv_func_setlocale=yes
ac_cv_func_strsignal=yes
ac_cv_func_unlink=yes
ac_cv_have_decl_asprintf=yes
ac_cv_have_decl_free=yes
ac_cv_have_decl_getenv=yes
ac_cv_have_decl_malloc=yes
ac_cv_have_decl_mempcpy=yes
ac_cv_have_decl_realloc=yes
ac_cv_have_decl_stpcpy=yes
ac_cv_have_decl_strstr=yes
ac_cv_have_decl_vsnprintf=yes
ac_cv_header_dlfcn_h=yes
ac_cv_header_errno_h=yes
ac_cv_header_inttypes_h=yes
ac_cv_header_limits_h=yes
ac_cv_header_locale_h=yes
ac_cv_header_memory_h=yes
ac_cv_header_minix_config_h=no
ac_cv_header_stdc=yes
ac_cv_header_stdint_h=yes
ac_cv_header_stdlib_h=yes
ac_cv_header_string_h=yes
ac_cv_header_strings_h=yes
ac_cv_header_sys_stat_h=yes
ac_cv_header_sys_types_h=yes
ac_cv_header_time_h=yes
ac_cv_header_unistd_h=yes
ac_cv_header_windows_h=no
ac_cv_host=x86_64-pc-linux-gnu
ac_cv_objext=o
ac_cv_path_EGREP='/bin/grep -E'
ac_cv_path_FGREP='/bin/grep -F'
ac_cv_path_GMSGFMT=/usr/bin/msgfmt
ac_cv_path_GREP=/bin/grep
ac_cv_path_MSGFMT=/usr/bin/msgfmt
ac_cv_path_MSGMERGE=/usr/bin/msgmerge
ac_cv_path_SED=/bin/sed
ac_cv_path_XGETTEXT=/usr/bin/xgettext
ac_cv_path_mkdir=/bin/mkdir
ac_cv_prog_AR=ar
ac_cv_prog_AWK=gawk
ac_cv_prog_CC=gcc
ac_cv_prog_CPP='gcc -E'
ac_cv_prog_LEX='/home/mdl/jun/afl-ptrix/afl-pt/samples/objdump-samples/target/binutils-2.29.1/missing flex'
ac_cv_prog_OBJDUMP=objdump
ac_cv_prog_RANLIB=ranlib
ac_cv_prog_YACC='bison -y'
ac_cv_prog_ac_ct_STRIP=strip
ac_cv_prog_cc_c89=
ac_cv_prog_cc_g=yes
ac_cv_prog_make_make_set=yes
ac_cv_safe_to_define___extensions__=yes
ac_cv_search_dlopen=-ldl
ac_cv_search_strerror='none required'
ac_cv_sys_file_offset_bits=no
ac_cv_sys_largefile_CC=no
ac_cv_target=x86_64-pc-linux-gnu
ac_cv_working_alloca_h=yes
am_cv_CC_dependencies_compiler_type=gcc3
am_cv_val_LC_MESSAGES=yes
gas_cv_assert_ok=yes
gas_cv_decl_getopt_unistd_h=yes
gas_cv_decl_needed_environ=no
gas_cv_decl_needed_errno=no
gas_cv_decl_needed_ffs=no
gas_cv_decl_needed_free=no
gas_cv_decl_needed_malloc=no
gas_cv_decl_needed_sbrk=no
gas_cv_decl_needed_strstr=no
gas_cv_have_sys_stat_type_member_st_mtim_tv_nsec=yes
gas_cv_have_sys_stat_type_member_st_mtim_tv_sec=yes
gas_cv_have_time_type_member_tm_gmtoff=yes
gcc_cv_header_string=yes
gcc_cv_prog_cmp_skip='cmp --ignore-initial=16 $$f1 $$f2'
lt_cv_archive_cmds_need_lc=no
lt_cv_deplibs_check_method=pass_all
lt_cv_file_magic_cmd='$MAGIC_CMD'
lt_cv_file_magic_test_file=
lt_cv_ld_reload_flag=-r
lt_cv_nm_interface='BSD nm'
lt_cv_objdir=.libs
lt_cv_path_LD=ld
lt_cv_path_NM=nm
lt_cv_prog_compiler_c_o=yes
lt_cv_prog_compiler_pic_works=yes
lt_cv_prog_compiler_rtti_exceptions=no
lt_cv_prog_compiler_static_works=no
lt_cv_prog_gnu_ld=yes
lt_cv_shlibpath_overrides_runpath=no
lt_cv_sys_global_symbol_pipe='sed -n -e '\''s/^.*[	 ]\([ABCDGIRSTW][ABCDGIRSTW]*\)[	 ][	 ]*\([_A-Za-z][_A-Za-z0-9]*\)$/\1 \2 \2/p'\'''
lt_cv_sys_global_symbol_to_c_name_address='sed -n -e '\''s/^: \([^ ]*\) $/  {\"\1\", (void *) 0},/p'\'' -e '\''s/^[ABCDGIRSTW]* \([^ ]*\) \([^ ]*\)$/  {"\2", (void *) \&\2},/p'\'''
lt_cv_sys_global_symbol_to_c_name_address_lib_prefix='sed -n -e '\''s/^: \([^ ]*\) $/  {\"\1\", (void *) 0},/p'\'' -e '\''s/^[ABCDGIRSTW]* \([^ ]*\) \(lib[^ ]*\)$/  {"\2", (void *) \&\2},/p'\'' -e '\''s/^[ABCDGIRSTW]* \([^ ]*\) \([^ ]*\)$/  {"lib\2", (void *) \&\2},/p'\'''
lt_cv_sys_global_symbol_to_cdecl='sed -n -e '\''s/^T .* \(.*\)$/extern int \1();/p'\'' -e '\''s/^[ABCDGIRSTW]* .* \(.*\)$/extern char \1;/p'\'''
lt_cv_sys_max_cmd_len=3458764513820540925

## ----------------- ##
## Output variables. ##
## ----------------- ##

ACLOCAL='${SHELL} /home/mdl/jun/afl-ptrix/afl-pt/samples/objdump-samples/target/binutils-2.29.1/missing --run aclocal-1.11'
ALLOCA=''
AMDEPBACKSLASH='\'
AMDEP_FALSE='#'
AMDEP_TRUE=''
AMTAR='$${TAR-tar}'
AR='ar'
AUTOCONF='${SHELL} /home/mdl/jun/afl-ptrix/afl-pt/samples/objdump-samples/target/binutils-2.29.1/missing --run autoconf'
AUTOHEADER='${SHELL} /home/mdl/jun/afl-ptrix/afl-pt/samples/objdump-samples/target/binutils-2.29.1/missing --run autoheader'
AUTOMAKE='${SHELL} /home/mdl/jun/afl-ptrix/afl-pt/samples/objdump-samples/target/binutils-2.29.1/missing --run automake-1.11'
AWK='gawk'
CATALOGS=' es.gmo fi.gmo fr.gmo id.gmo ja.gmo ru.gmo rw.gmo sv.gmo tr.gmo uk.gmo zh_CN.gmo es.gmo fi.gmo fr.gmo id.gmo ja.gmo ru.gmo rw.gmo sv.gmo tr.gmo uk.gmo zh_CN.gmo'
CATOBJEXT='.gmo'
CC='gcc'
CCDEPMODE='depmode=gcc3'
CFLAGS='-fsanitize=address -g'
CPP='gcc -E'
CPPFLAGS=''
CYGPATH_W='echo'
DATADIRNAME='share'
DEFS='-DHAVE_CONFIG_H'
DEPDIR='.deps'
DSYMUTIL=''
DUMPBIN=''
ECHO_C=''
ECHO_N='-n'
ECHO_T=''
EGREP='/bin/grep -E'
EXEEXT=''
FGREP='/bin/grep -F'
GDBINIT='.gdbinit'
GENCAT='gencat'
GENINSRC_NEVER_FALSE=''
GENINSRC_NEVER_TRUE='#'
GMSGFMT='/usr/bin/msgfmt'
GREP='/bin/grep'
INCINTL=''
INSTALL_DATA='/usr/bin/install -c -m 644'
INSTALL_PROGRAM='/usr/bin/install -c'
INSTALL_SCRIPT='/usr/bin/install -c'
INSTALL_STRIP_PROGRAM='$(install_sh) -c -s'
INSTOBJEXT='.mo'
LD='ld -m elf_x86_64'
LDFLAGS='-static-libstdc++ -static-libgcc '
LEX='/home/mdl/jun/afl-ptrix/afl-pt/samples/objdump-samples/target/binutils-2.29.1/missing flex'
LEXLIB=''
LEX_OUTPUT_ROOT=''
LIBINTL=''
LIBINTL_DEP=''
LIBM=''
LIBOBJS=''
LIBS='-ldl '
LIBTOOL='$(SHELL) $(top_builddir)/libtool'
LIPO=''
LN_S='ln -s'
LTLIBOBJS=''
MAINT='#'
MAINTAINER_MODE_FALSE=''
MAINTAINER_MODE_TRUE='#'
MAKEINFO='/home/mdl/jun/afl-ptrix/afl-pt/samples/objdump-samples/target/binutils-2.29.1/missing makeinfo --split-size=5000000'
MKDIR_P='/bin/mkdir -p'
MKINSTALLDIRS='$(top_builddir)/../mkinstalldirs'
MSGFMT='/usr/bin/msgfmt'
MSGMERGE='/usr/bin/msgmerge'
NM='nm'
NMEDIT=''
NO_WERROR=''
OBJDUMP='objdump'
OBJEXT='o'
OPCODES_LIB='../opcodes/libopcodes.la'
OTOOL64=''
OTOOL=''
PACKAGE='gas'
PACKAGE_BUGREPORT=''
PACKAGE_NAME='gas'
PACKAGE_STRING='gas 2.29.1'
PACKAGE_TARNAME='gas'
PACKAGE_URL=''
PACKAGE_VERSION='2.29.1'
PATH_SEPARATOR=':'
POSUB='po'
RANLIB='ranlib'
SED='/bin/sed'
SET_MAKE=''
SHELL='/bin/bash'
STRIP='strip'
USE_NLS='yes'
VERSION='2.29.1'
WARN_CFLAGS='-W -Wall -Wstrict-prototypes -Wmissing-prototypes -Wshadow'
WARN_CFLAGS_FOR_BUILD='-W -Wall -Wstrict-prototypes -Wmissing-prototypes -Wshadow'
WARN_WRITE_STRINGS='-Wwrite-strings'
XGETTEXT='/usr/bin/xgettext'
YACC='bison -y'
YFLAGS=''
ac_ct_CC=''
ac_ct_DUMPBIN=''
am__EXEEXT_FALSE=''
am__EXEEXT_TRUE='#'
am__fastdepCC_FALSE='#'
am__fastdepCC_TRUE=''
am__include='include'
am__isrc=''
am__leading_dot='.'
am__nodep='_no'
am__quote=''
am__tar='$${TAR-tar} chof - "$$tardir"'
am__untar='$${TAR-tar} xf -'
atof='ieee'
bindir='${exec_prefix}/bin'
build='x86_64-pc-linux-gnu'
build_alias='x86_64-pc-linux-gnu'
build_cpu='x86_64'
build_os='linux-gnu'
build_vendor='pc'
cgen_cpu_prefix=''
datadir='${datarootdir}'
datarootdir='${prefix}/share'
do_compare='cmp --ignore-initial=16 $$f1 $$f2'
docdir='${datarootdir}/doc/${PACKAGE_TARNAME}'
dvidir='${docdir}'
exec_prefix='${prefix}'
extra_objects=''
host='x86_64-pc-linux-gnu'
host_alias='x86_64-pc-linux-gnu'
host_cpu='x86_64'
host_os='linux-gnu'
host_vendor='pc'
htmldir='${docdir}'
includedir='${prefix}/include'
infodir='${datarootdir}/info'
install_sh='${SHELL} /home/mdl/jun/afl-ptrix/afl-pt/samples/objdump-samples/target/binutils-2.29.1/install-sh'
install_tooldir='install-exec-tooldir'
libdir='${exec_prefix}/lib'
libexecdir='${exec_prefix}/libexec'
localedir='${datarootdir}/locale'
localstatedir='${prefix}/var'
mandir='${datarootdir}/man'
mkdir_p='/bin/mkdir -p'
obj_format='elf'
oldincludedir='/usr/include'
pdfdir='${docdir}'
prefix='/usr/local'
program_transform_name='s,y,y,'
psdir='${docdir}'
sbindir='${exec_prefix}/sbin'
sharedstatedir='${prefix}/com'
sysconfdir='${prefix}/etc'
target='x86_64-pc-linux-gnu'
target_alias='x86_64-pc-linux-gnu'
target_cpu='x86_64'
target_cpu_type='i386'
target_os='linux-gnu'
target_vendor='pc'
te_file='linux'
zlibdir='-L$(top_builddir)/../zlib'
zlibinc='-I$(top_srcdir)/../zlib'

## ----------- ##
## confdefs.h. ##
## ----------- ##

/* confdefs.h */
#define PACKAGE_NAME "gas"
#define PACKAGE_TARNAME "gas"
#define PACKAGE_VERSION "2.29.1"
#define PACKAGE_STRING "gas 2.29.1"
#define PACKAGE_BUGREPORT ""
#define PACKAGE_URL ""
#define PACKAGE "gas"
#define VERSION "2.29.1"
#define STDC_HEADERS 1
#define HAVE_SYS_TYPES_H 1
#define HAVE_SYS_STAT_H 1
#define HAVE_STDLIB_H 1
#define HAVE_STRING_H 1
#define HAVE_MEMORY_H 1
#define HAVE_STRINGS_H 1
#define HAVE_INTTYPES_H 1
#define HAVE_STDINT_H 1
#define HAVE_UNISTD_H 1
#define __EXTENSIONS__ 1
#define _ALL_SOURCE 1
#define _GNU_SOURCE 1
#define _POSIX_PTHREAD_SEMANTICS 1
#define _TANDEM_SOURCE 1
#define HAVE_DLFCN_H 1
#define LT_OBJDIR ".libs/"
#define HAVE_DLFCN_H 1
#define ENABLE_CHECKING 1
#define DEFAULT_ARCH "x86_64"
#define DEFAULT_GENERATE_X86_RELAX_RELOCATIONS 1
#define DEFAULT_GENERATE_ELF_STT_COMMON 0
#define DEFAULT_FLAG_COMPRESS_DEBUG 1
#define EMULATIONS  &i386elf,
#define DEFAULT_EMULATION "i386elf"
#define TARGET_ALIAS "x86_64-pc-linux-gnu"
#define TARGET_CANONICAL "x86_64-pc-linux-gnu"
#define TARGET_CPU "x86_64"
#define TARGET_VENDOR "pc"
#define TARGET_OS "linux-gnu"
#define ENABLE_NLS 1
#define HAVE_STRING_H 1
#define HAVE_STDLIB_H 1
#define HAVE_MEMORY_H 1
#define HAVE_STRINGS_H 1
#define HAVE_UNISTD_H 1
#define HAVE_ERRNO_H 1
#define HAVE_SYS_TYPES_H 1
#define HAVE_LIMITS_H 1
#define HAVE_LOCALE_H 1
#define HAVE_TIME_H 1
#define HAVE_SYS_STAT_H 1
#define STRING_WITH_STRINGS 1
#define HAVE_ALLOCA_H 1
#define HAVE_ALLOCA 1
#define HAVE_UNLINK 1
#define HAVE_SBRK 1
#define HAVE_SETLOCALE 1
#define HAVE_STRSIGNAL 1
#define HAVE_LC_MESSAGES 1
#define HAVE_DECL_GETOPT 1
#define HAVE_DECL_FREE 1
#define HAVE_DECL_GETENV 1
#define HAVE_DECL_MALLOC 1
#define HAVE_DECL_MEMPCPY 1
#define HAVE_DECL_REALLOC 1
#define HAVE_DECL_STPCPY 1
#define HAVE_DECL_STRSTR 1
#define HAVE_DECL_VSNPRINTF 1
#define HAVE_DECL_ASPRINTF 1
#define HAVE_TM_GMTOFF 1
#define HAVE_ST_MTIM_TV_SEC 1
#define HAVE_ST_MTIM_TV_NSEC 1

configure: exit 0
