This file contains any messages produced by compilers while
running configure, to aid debugging if configure makes a mistake.

It was created by binutils configure 2.29.1, which was
generated by GNU Autoconf 2.64.  Invocation command line was

  $ /home/mdl/jun/afl-ptrix/afl-pt/samples/objdump-samples/target/binutils-2.29.1/binutils/configure --srcdir=.././binutils --cache-file=./config.cache --with-gnu-as --with-gnu-ld --program-transform-name=s,y,y, --disable-option-checking --build=x86_64-pc-linux-gnu --host=x86_64-pc-linux-gnu --target=x86_64-pc-linux-gnu

## --------- ##
## Platform. ##
## --------- ##

hostname = mdl-XPS-8900
uname -m = x86_64
uname -r = 4.4.0-31-generic
uname -s = Linux
uname -v = #50~14.04.1-Ubuntu SMP Wed Jul 13 01:07:32 UTC 2016

/usr/bin/uname -p = unknown
/bin/uname -X     = unknown

/bin/arch              = unknown
/usr/bin/arch -k       = unknown
/usr/convex/getsysinfo = unknown
/usr/bin/hostinfo      = unknown
/bin/machine           = unknown
/usr/bin/oslevel       = unknown
/bin/universe          = unknown

PATH: /usr/local/sbin
PATH: /usr/local/bin
PATH: /usr/sbin
PATH: /usr/bin
PATH: /sbin
PATH: /bin
PATH: /usr/games
PATH: /usr/local/games


## ----------- ##
## Core tests. ##
## ----------- ##

configure:2449: creating cache ./config.cache
configure:2554: checking build system type
configure:2568: result: x86_64-pc-linux-gnu
configure:2588: checking host system type
configure:2601: result: x86_64-pc-linux-gnu
configure:2621: checking target system type
configure:2634: result: x86_64-pc-linux-gnu
configure:2668: checking for x86_64-pc-linux-gnu-gcc
configure:2695: result: gcc
configure:2964: checking for C compiler version
configure:2973: gcc --version >&5
gcc (Ubuntu 4.8.4-2ubuntu1~14.04.3) 4.8.4
Copyright (C) 2013 Free Software Foundation, Inc.
This is free software; see the source for copying conditions.  There is NO
warranty; not even for MERCHANTABILITY or FITNESS FOR A PARTICULAR PURPOSE.

configure:2984: $? = 0
configure:2973: gcc -v >&5
Using built-in specs.
COLLECT_GCC=gcc
COLLECT_LTO_WRAPPER=/usr/lib/gcc/x86_64-linux-gnu/4.8/lto-wrapper
Target: x86_64-linux-gnu
Configured with: ../src/configure -v --with-pkgversion='Ubuntu 4.8.4-2ubuntu1~14.04.3' --with-bugurl=file:///usr/share/doc/gcc-4.8/README.Bugs --enable-languages=c,c++,java,go,d,fortran,objc,obj-c++ --prefix=/usr --program-suffix=-4.8 --enable-shared --enable-linker-build-id --libexecdir=/usr/lib --without-included-gettext --enable-threads=posix --with-gxx-include-dir=/usr/include/c++/4.8 --libdir=/usr/lib --enable-nls --with-sysroot=/ --enable-clocale=gnu --enable-libstdcxx-debug --enable-libstdcxx-time=yes --enable-gnu-unique-object --disable-libmudflap --enable-plugin --with-system-zlib --disable-browser-plugin --enable-java-awt=gtk --enable-gtk-cairo --with-java-home=/usr/lib/jvm/java-1.5.0-gcj-4.8-amd64/jre --enable-java-home --with-jvm-root-dir=/usr/lib/jvm/java-1.5.0-gcj-4.8-amd64 --with-jvm-jar-dir=/usr/lib/jvm-exports/java-1.5.0-gcj-4.8-amd64 --with-arch-directory=amd64 --with-ecj-jar=/usr/share/java/eclipse-ecj.jar --enable-objc-gc --enable-multiarch --disable-werror --with-arch-32=i686 --with-abi=m64 --with-multilib-list=m32,m64,mx32 --with-tune=generic --enable-checking=release --build=x86_64-linux-gnu --host=x86_64-linux-gnu --target=x86_64-linux-gnu
Thread model: posix
gcc version 4.8.4 (Ubuntu 4.8.4-2ubuntu1~14.04.3) 
configure:2984: $? = 0
configure:2973: gcc -V >&5
gcc: error: unrecognized command line option '-V'
gcc: fatal error: no input files
compilation terminated.
configure:2984: $? = 4
configure:2973: gcc -qversion >&5
gcc: error: unrecognized command line option '-qversion'
gcc: fatal error: no input files
compilation terminated.
configure:2984: $? = 4
configure:3004: checking for C compiler default output file name
configure:3026: gcc -fsanitize=address -g  -static-libstdc++ -static-libgcc  conftest.c  >&5
configure:3030: $? = 0
configure:3067: result: a.out
configure:3083: checking whether the C compiler works
configure:3092: ./a.out
configure:3096: $? = 0
configure:3111: result: yes
configure:3118: checking whether we are cross compiling
configure:3120: result: no
configure:3123: checking for suffix of executables
configure:3130: gcc -o conftest -fsanitize=address -g  -static-libstdc++ -static-libgcc  conftest.c  >&5
configure:3134: $? = 0
configure:3156: result: 
configure:3162: checking for suffix of object files
configure:3184: gcc -c -fsanitize=address -g  conftest.c >&5
configure:3188: $? = 0
configure:3209: result: o
configure:3213: checking whether we are using the GNU C compiler
configure:3232: gcc -c -fsanitize=address -g  conftest.c >&5
configure:3232: $? = 0
configure:3241: result: yes
configure:3250: checking whether gcc accepts -g
configure:3270: gcc -c -g  conftest.c >&5
configure:3270: $? = 0
configure:3311: result: yes
configure:3328: checking for gcc option to accept ISO C89
configure:3392: gcc  -c -fsanitize=address -g  conftest.c >&5
configure:3392: $? = 0
configure:3405: result: none needed
configure:3426: checking for library containing strerror
configure:3457: gcc -o conftest -fsanitize=address -g  -static-libstdc++ -static-libgcc  conftest.c  >&5
configure:3457: $? = 0
configure:3474: result: none required
configure:3499: checking for a BSD-compatible install
configure:3567: result: /usr/bin/install -c
configure:3578: checking whether build environment is sane
configure:3628: result: yes
configure:3769: checking for a thread-safe mkdir -p
configure:3808: result: /bin/mkdir -p
configure:3821: checking for gawk
configure:3848: result: gawk
configure:3859: checking whether make sets $(MAKE)
configure:3881: result: yes
configure:3911: checking for style of include used by make
configure:3939: result: GNU
configure:4025: checking dependency style of gcc
configure:4136: result: gcc3
configure:4161: checking for x86_64-pc-linux-gnu-gcc
configure:4188: result: gcc
configure:4457: checking for C compiler version
configure:4466: gcc --version >&5
gcc (Ubuntu 4.8.4-2ubuntu1~14.04.3) 4.8.4
Copyright (C) 2013 Free Software Foundation, Inc.
This is free software; see the source for copying conditions.  There is NO
warranty; not even for MERCHANTABILITY or FITNESS FOR A PARTICULAR PURPOSE.

configure:4477: $? = 0
configure:4466: gcc -v >&5
Using built-in specs.
COLLECT_GCC=gcc
COLLECT_LTO_WRAPPER=/usr/lib/gcc/x86_64-linux-gnu/4.8/lto-wrapper
Target: x86_64-linux-gnu
Configured with: ../src/configure -v --with-pkgversion='Ubuntu 4.8.4-2ubuntu1~14.04.3' --with-bugurl=file:///usr/share/doc/gcc-4.8/README.Bugs --enable-languages=c,c++,java,go,d,fortran,objc,obj-c++ --prefix=/usr --program-suffix=-4.8 --enable-shared --enable-linker-build-id --libexecdir=/usr/lib --without-included-gettext --enable-threads=posix --with-gxx-include-dir=/usr/include/c++/4.8 --libdir=/usr/lib --enable-nls --with-sysroot=/ --enable-clocale=gnu --enable-libstdcxx-debug --enable-libstdcxx-time=yes --enable-gnu-unique-object --disable-libmudflap --enable-plugin --with-system-zlib --disable-browser-plugin --enable-java-awt=gtk --enable-gtk-cairo --with-java-home=/usr/lib/jvm/java-1.5.0-gcj-4.8-amd64/jre --enable-java-home --with-jvm-root-dir=/usr/lib/jvm/java-1.5.0-gcj-4.8-amd64 --with-jvm-jar-dir=/usr/lib/jvm-exports/java-1.5.0-gcj-4.8-amd64 --with-arch-directory=amd64 --with-ecj-jar=/usr/share/java/eclipse-ecj.jar --enable-objc-gc --enable-multiarch --disable-werror --with-arch-32=i686 --with-abi=m64 --with-multilib-list=m32,m64,mx32 --with-tune=generic --enable-checking=release --build=x86_64-linux-gnu --host=x86_64-linux-gnu --target=x86_64-linux-gnu
Thread model: posix
gcc version 4.8.4 (Ubuntu 4.8.4-2ubuntu1~14.04.3) 
configure:4477: $? = 0
configure:4466: gcc -V >&5
gcc: error: unrecognized command line option '-V'
gcc: fatal error: no input files
compilation terminated.
configure:4477: $? = 4
configure:4466: gcc -qversion >&5
gcc: error: unrecognized command line option '-qversion'
gcc: fatal error: no input files
compilation terminated.
configure:4477: $? = 4
configure:4481: checking whether we are using the GNU C compiler
configure:4509: result: yes
configure:4518: checking whether gcc accepts -g
configure:4579: result: yes
configure:4596: checking for gcc option to accept ISO C89
configure:4673: result: none needed
configure:4698: checking how to run the C preprocessor
configure:4729: gcc -E  conftest.c
configure:4729: $? = 0
configure:4743: gcc -E  conftest.c
conftest.c:11:28: fatal error: ac_nonexistent.h: No such file or directory
 #include <ac_nonexistent.h>
                            ^
compilation terminated.
configure:4743: $? = 1
configure: failed program was:
| /* confdefs.h */
| #define PACKAGE_NAME "binutils"
| #define PACKAGE_TARNAME "binutils"
| #define PACKAGE_VERSION "2.29.1"
| #define PACKAGE_STRING "binutils 2.29.1"
| #define PACKAGE_BUGREPORT ""
| #define PACKAGE_URL ""
| #define PACKAGE "binutils"
| #define VERSION "2.29.1"
| /* end confdefs.h.  */
| #include <ac_nonexistent.h>
configure:4768: result: gcc -E
configure:4788: gcc -E  conftest.c
configure:4788: $? = 0
configure:4802: gcc -E  conftest.c
conftest.c:11:28: fatal error: ac_nonexistent.h: No such file or directory
 #include <ac_nonexistent.h>
                            ^
compilation terminated.
configure:4802: $? = 1
configure: failed program was:
| /* confdefs.h */
| #define PACKAGE_NAME "binutils"
| #define PACKAGE_TARNAME "binutils"
| #define PACKAGE_VERSION "2.29.1"
| #define PACKAGE_STRING "binutils 2.29.1"
| #define PACKAGE_BUGREPORT ""
| #define PACKAGE_URL ""
| #define PACKAGE "binutils"
| #define VERSION "2.29.1"
| /* end confdefs.h.  */
| #include <ac_nonexistent.h>
configure:4831: checking for grep that handles long lines and -e
configure:4889: result: /bin/grep
configure:4894: checking for egrep
configure:4956: result: /bin/grep -E
configure:4961: checking for ANSI C header files
configure:4981: gcc -c -fsanitize=address -g  conftest.c >&5
configure:4981: $? = 0
configure:5054: gcc -o conftest -fsanitize=address -g  -static-libstdc++ -static-libgcc  conftest.c  >&5
configure:5054: $? = 0
configure:5054: ./conftest
configure:5054: $? = 0
configure:5065: result: yes
configure:5078: checking for sys/types.h
configure:5078: gcc -c -fsanitize=address -g  conftest.c >&5
configure:5078: $? = 0
configure:5078: result: yes
configure:5078: checking for sys/stat.h
configure:5078: gcc -c -fsanitize=address -g  conftest.c >&5
configure:5078: $? = 0
configure:5078: result: yes
configure:5078: checking for stdlib.h
configure:5078: gcc -c -fsanitize=address -g  conftest.c >&5
configure:5078: $? = 0
configure:5078: result: yes
configure:5078: checking for string.h
configure:5078: gcc -c -fsanitize=address -g  conftest.c >&5
configure:5078: $? = 0
configure:5078: result: yes
configure:5078: checking for memory.h
configure:5078: gcc -c -fsanitize=address -g  conftest.c >&5
configure:5078: $? = 0
configure:5078: result: yes
configure:5078: checking for strings.h
configure:5078: gcc -c -fsanitize=address -g  conftest.c >&5
configure:5078: $? = 0
configure:5078: result: yes
configure:5078: checking for inttypes.h
configure:5078: gcc -c -fsanitize=address -g  conftest.c >&5
configure:5078: $? = 0
configure:5078: result: yes
configure:5078: checking for stdint.h
configure:5078: gcc -c -fsanitize=address -g  conftest.c >&5
configure:5078: $? = 0
configure:5078: result: yes
configure:5078: checking for unistd.h
configure:5078: gcc -c -fsanitize=address -g  conftest.c >&5
configure:5078: $? = 0
configure:5078: result: yes
configure:5092: checking minix/config.h usability
configure:5092: gcc -c -fsanitize=address -g  conftest.c >&5
conftest.c:54:26: fatal error: minix/config.h: No such file or directory
 #include <minix/config.h>
                          ^
compilation terminated.
configure:5092: $? = 1
configure: failed program was:
| /* confdefs.h */
| #define PACKAGE_NAME "binutils"
| #define PACKAGE_TARNAME "binutils"
| #define PACKAGE_VERSION "2.29.1"
| #define PACKAGE_STRING "binutils 2.29.1"
| #define PACKAGE_BUGREPORT ""
| #define PACKAGE_URL ""
| #define PACKAGE "binutils"
| #define VERSION "2.29.1"
| #define STDC_HEADERS 1
| #define HAVE_SYS_TYPES_H 1
| #define HAVE_SYS_STAT_H 1
| #define HAVE_STDLIB_H 1
| #define HAVE_STRING_H 1
| #define HAVE_MEMORY_H 1
| #define HAVE_STRINGS_H 1
| #define HAVE_INTTYPES_H 1
| #define HAVE_STDINT_H 1
| #define HAVE_UNISTD_H 1
| /* end confdefs.h.  */
| #include <stdio.h>
| #ifdef HAVE_SYS_TYPES_H
| # include <sys/types.h>
| #endif
| #ifdef HAVE_SYS_STAT_H
| # include <sys/stat.h>
| #endif
| #ifdef STDC_HEADERS
| # include <stdlib.h>
| # include <stddef.h>
| #else
| # ifdef HAVE_STDLIB_H
| #  include <stdlib.h>
| # endif
| #endif
| #ifdef HAVE_STRING_H
| # if !defined STDC_HEADERS && defined HAVE_MEMORY_H
| #  include <memory.h>
| # endif
| # include <string.h>
| #endif
| #ifdef HAVE_STRINGS_H
| # include <strings.h>
| #endif
| #ifdef HAVE_INTTYPES_H
| # include <inttypes.h>
| #endif
| #ifdef HAVE_STDINT_H
| # include <stdint.h>
| #endif
| #ifdef HAVE_UNISTD_H
| # include <unistd.h>
| #endif
| #include <minix/config.h>
configure:5092: result: no
configure:5092: checking minix/config.h presence
configure:5092: gcc -E  conftest.c
conftest.c:21:26: fatal error: minix/config.h: No such file or directory
 #include <minix/config.h>
                          ^
compilation terminated.
configure:5092: $? = 1
configure: failed program was:
| /* confdefs.h */
| #define PACKAGE_NAME "binutils"
| #define PACKAGE_TARNAME "binutils"
| #define PACKAGE_VERSION "2.29.1"
| #define PACKAGE_STRING "binutils 2.29.1"
| #define PACKAGE_BUGREPORT ""
| #define PACKAGE_URL ""
| #define PACKAGE "binutils"
| #define VERSION "2.29.1"
| #define STDC_HEADERS 1
| #define HAVE_SYS_TYPES_H 1
| #define HAVE_SYS_STAT_H 1
| #define HAVE_STDLIB_H 1
| #define HAVE_STRING_H 1
| #define HAVE_MEMORY_H 1
| #define HAVE_STRINGS_H 1
| #define HAVE_INTTYPES_H 1
| #define HAVE_STDINT_H 1
| #define HAVE_UNISTD_H 1
| /* end confdefs.h.  */
| #include <minix/config.h>
configure:5092: result: no
configure:5092: checking for minix/config.h
configure:5092: result: no
configure:5113: checking whether it is safe to define __EXTENSIONS__
configure:5131: gcc -c -fsanitize=address -g  conftest.c >&5
configure:5131: $? = 0
configure:5138: result: yes
configure:5201: checking how to print strings
configure:5228: result: printf
configure:5249: checking for a sed that does not truncate output
configure:5313: result: /bin/sed
configure:5331: checking for fgrep
configure:5393: result: /bin/grep -F
configure:5428: checking for ld used by gcc
configure:5495: result: ld
configure:5502: checking if the linker (ld) is GNU ld
configure:5517: result: yes
configure:5529: checking for BSD- or MS-compatible name lister (nm)
configure:5578: result: nm
configure:5708: checking the name lister (nm) interface
configure:5715: gcc -c -fsanitize=address -g  conftest.c >&5
configure:5718: nm "conftest.o"
configure:5721: output
0000000000000000 t _GLOBAL__sub_D_00099_0_some_variable
0000000000000015 t _GLOBAL__sub_I_00099_1_some_variable
                 U __asan_init_v1
                 U __asan_register_globals
                 U __asan_unregister_globals
0000000000000000 B some_variable
configure:5728: result: BSD nm
configure:5731: checking whether ln -s works
configure:5735: result: yes
configure:5743: checking the maximum length of command line arguments
configure:5868: result: 3458764513820540925
configure:5885: checking whether the shell understands some XSI constructs
configure:5895: result: yes
configure:5899: checking whether the shell understands "+="
configure:5905: result: yes
configure:5940: checking for ld option to reload object files
configure:5947: result: -r
configure:5976: checking for x86_64-pc-linux-gnu-objdump
configure:6003: result: objdump
configure:6075: checking how to recognize dependent libraries
configure:6276: result: pass_all
configure:6296: checking for x86_64-pc-linux-gnu-ar
configure:6323: result: ar
configure:6401: checking for x86_64-pc-linux-gnu-strip
configure:6431: result: no
configure:6441: checking for strip
configure:6457: found /usr/bin/strip
configure:6468: result: strip
configure:6500: checking for x86_64-pc-linux-gnu-ranlib
configure:6527: result: ranlib
configure:6669: checking command to parse nm output from gcc object
configure:6787: gcc -c -fsanitize=address -g  conftest.c >&5
configure:6790: $? = 0
configure:6794: nm conftest.o \| sed -n -e 's/^.*[ ]\([ABCDGIRSTW][ABCDGIRSTW]*\)[ ][ ]*\([_A-Za-z][_A-Za-z0-9]*\)$/\1 \2 \2/p' \> conftest.nm
configure:6797: $? = 0
configure:6851: gcc -o conftest -fsanitize=address -g  -static-libstdc++ -static-libgcc  conftest.c conftstm.o >&5
configure:6854: $? = 0
configure:6892: result: ok
configure:6987: gcc -c -fsanitize=address -g  conftest.c >&5
configure:6990: $? = 0
configure:7740: checking for dlfcn.h
configure:7740: gcc -c -fsanitize=address -g  conftest.c >&5
configure:7740: $? = 0
configure:7740: result: yes
configure:7927: checking for objdir
configure:7942: result: .libs
configure:8213: checking if gcc supports -fno-rtti -fno-exceptions
configure:8231: gcc -c -fsanitize=address -g  -fno-rtti -fno-exceptions conftest.c >&5
cc1: warning: command line option '-fno-rtti' is valid for C++/ObjC++ but not for C [enabled by default]
configure:8235: $? = 0
configure:8248: result: no
configure:8268: checking for gcc option to produce PIC
configure:8554: result: -fPIC -DPIC
configure:8566: checking if gcc PIC flag -fPIC -DPIC works
configure:8584: gcc -c -fsanitize=address -g  -fPIC -DPIC -DPIC conftest.c >&5
configure:8588: $? = 0
configure:8601: result: yes
configure:8625: checking if gcc static flag -static works
configure:8653: result: no
configure:8668: checking if gcc supports -c -o file.o
configure:8689: gcc -c -fsanitize=address -g  -o out/conftest2.o conftest.c >&5
configure:8693: $? = 0
configure:8715: result: yes
configure:8723: checking if gcc supports -c -o file.o
configure:8770: result: yes
configure:8803: checking whether the gcc linker (ld -m elf_x86_64) supports shared libraries
configure:9874: result: yes
configure:9911: checking whether -lc should be explicitly linked in
configure:9919: gcc -c -fsanitize=address -g  conftest.c >&5
configure:9922: $? = 0
configure:9937: gcc -shared  -fPIC -DPIC conftest.o  -v -Wl,-soname -Wl,conftest -o conftest 2\>\&1 \| /bin/grep  -lc  \>/dev/null 2\>\&1
configure:9940: $? = 0
configure:9954: result: no
configure:10119: checking dynamic linker characteristics
configure:10570: gcc -o conftest -fsanitize=address -g  -static-libstdc++ -static-libgcc  -Wl,-rpath -Wl,/foo conftest.c  >&5
configure:10570: $? = 0
configure:10792: result: GNU/Linux ld.so
configure:10899: checking how to hardcode library paths into programs
configure:10924: result: immediate
configure:11464: checking whether stripping libraries is possible
configure:11469: result: yes
configure:11504: checking if libtool supports shared libraries
configure:11506: result: yes
configure:11509: checking whether to build shared libraries
configure:11530: result: yes
configure:11533: checking whether to build static libraries
configure:11537: result: yes
configure:11585: checking for dlfcn.h
configure:11585: result: yes
configure:11598: checking for windows.h
configure:11598: gcc -c -fsanitize=address -g  conftest.c >&5
conftest.c:63:21: fatal error: windows.h: No such file or directory
 #include <windows.h>
                     ^
compilation terminated.
configure:11598: $? = 1
configure: failed program was:
| /* confdefs.h */
| #define PACKAGE_NAME "binutils"
| #define PACKAGE_TARNAME "binutils"
| #define PACKAGE_VERSION "2.29.1"
| #define PACKAGE_STRING "binutils 2.29.1"
| #define PACKAGE_BUGREPORT ""
| #define PACKAGE_URL ""
| #define PACKAGE "binutils"
| #define VERSION "2.29.1"
| #define STDC_HEADERS 1
| #define HAVE_SYS_TYPES_H 1
| #define HAVE_SYS_STAT_H 1
| #define HAVE_STDLIB_H 1
| #define HAVE_STRING_H 1
| #define HAVE_MEMORY_H 1
| #define HAVE_STRINGS_H 1
| #define HAVE_INTTYPES_H 1
| #define HAVE_STDINT_H 1
| #define HAVE_UNISTD_H 1
| #define __EXTENSIONS__ 1
| #define _ALL_SOURCE 1
| #define _GNU_SOURCE 1
| #define _POSIX_PTHREAD_SEMANTICS 1
| #define _TANDEM_SOURCE 1
| #define HAVE_DLFCN_H 1
| #define LT_OBJDIR ".libs/"
| #define HAVE_DLFCN_H 1
| /* end confdefs.h.  */
| #include <stdio.h>
| #ifdef HAVE_SYS_TYPES_H
| # include <sys/types.h>
| #endif
| #ifdef HAVE_SYS_STAT_H
| # include <sys/stat.h>
| #endif
| #ifdef STDC_HEADERS
| # include <stdlib.h>
| # include <stddef.h>
| #else
| # ifdef HAVE_STDLIB_H
| #  include <stdlib.h>
| # endif
| #endif
| #ifdef HAVE_STRING_H
| # if !defined STDC_HEADERS && defined HAVE_MEMORY_H
| #  include <memory.h>
| # endif
| # include <string.h>
| #endif
| #ifdef HAVE_STRINGS_H
| # include <strings.h>
| #endif
| #ifdef HAVE_INTTYPES_H
| # include <inttypes.h>
| #endif
| #ifdef HAVE_STDINT_H
| # include <stdint.h>
| #endif
| #ifdef HAVE_UNISTD_H
| # include <unistd.h>
| #endif
| 
| #include <windows.h>
configure:11598: result: no
configure:11625: checking for library containing dlopen
configure:11656: gcc -o conftest -fsanitize=address -g  -static-libstdc++ -static-libgcc  conftest.c  >&5
/usr/bin/ld: /tmp/ccFttjNd.o: undefined reference to symbol 'dlopen@@GLIBC_2.2.5'
//lib/x86_64-linux-gnu/libdl.so.2: error adding symbols: DSO missing from command line
collect2: error: ld returned 1 exit status
configure:11656: $? = 1
configure: failed program was:
| /* confdefs.h */
| #define PACKAGE_NAME "binutils"
| #define PACKAGE_TARNAME "binutils"
| #define PACKAGE_VERSION "2.29.1"
| #define PACKAGE_STRING "binutils 2.29.1"
| #define PACKAGE_BUGREPORT ""
| #define PACKAGE_URL ""
| #define PACKAGE "binutils"
| #define VERSION "2.29.1"
| #define STDC_HEADERS 1
| #define HAVE_SYS_TYPES_H 1
| #define HAVE_SYS_STAT_H 1
| #define HAVE_STDLIB_H 1
| #define HAVE_STRING_H 1
| #define HAVE_MEMORY_H 1
| #define HAVE_STRINGS_H 1
| #define HAVE_INTTYPES_H 1
| #define HAVE_STDINT_H 1
| #define HAVE_UNISTD_H 1
| #define __EXTENSIONS__ 1
| #define _ALL_SOURCE 1
| #define _GNU_SOURCE 1
| #define _POSIX_PTHREAD_SEMANTICS 1
| #define _TANDEM_SOURCE 1
| #define HAVE_DLFCN_H 1
| #define LT_OBJDIR ".libs/"
| #define HAVE_DLFCN_H 1
| /* end confdefs.h.  */
| 
| /* Override any GCC internal prototype to avoid an error.
|    Use char because int might match the return type of a GCC
|    builtin and then its argument prototype would still apply.  */
| #ifdef __cplusplus
| extern "C"
| #endif
| char dlopen ();
| int
| main ()
| {
| return dlopen ();
|   ;
|   return 0;
| }
configure:11656: gcc -o conftest -fsanitize=address -g  -static-libstdc++ -static-libgcc  conftest.c -ldl   >&5
configure:11656: $? = 0
configure:11673: result: -ldl
configure:11704: checking for special C compiler options needed for large files
configure:11749: result: no
configure:11755: checking for _FILE_OFFSET_BITS value needed for large files
configure:11780: gcc -c -fsanitize=address -g  conftest.c >&5
configure:11780: $? = 0
configure:11812: result: no
configure:12114: checking for bison
configure:12141: result: bison -y
configure:12157: checking for flex
configure:12184: result: /home/mdl/jun/afl-ptrix/afl-pt/samples/objdump-samples/target/binutils-2.29.1/missing flex
configure:12329: checking whether NLS is requested
configure:12335: result: yes
configure:12341: checking for catalogs to be installed
configure:12373: result:  bg ca da es fi fr hr id it ja ro ru rw sk sr sv tr uk vi zh_CN zh_TW bg ca da es fi fr hr id it ja ro ru rw sk sr sv tr uk vi zh_CN zh_TW
configure:12400: checking whether NLS is requested
configure:12409: result: yes
configure:12447: checking for msgfmt
configure:12478: result: /usr/bin/msgfmt
configure:12487: checking for gmsgfmt
configure:12518: result: /usr/bin/msgfmt
configure:12558: checking for xgettext
configure:12589: result: /usr/bin/xgettext
configure:12629: checking for msgmerge
configure:12659: result: /usr/bin/msgmerge
configure:12696: checking whether to enable maintainer-specific portions of Makefiles
configure:12705: result: no
configure:12750: checking for x86_64-pc-linux-gnu-ranlib
configure:12777: result: ranlib
configure:12890: checking size of long
configure:12895: gcc -o conftest -fsanitize=address -g  -static-libstdc++ -static-libgcc  conftest.c -ldl  >&5
configure:12895: $? = 0
configure:12895: ./conftest
configure:12895: $? = 0
configure:12910: result: 8
configure:12920: checking for long long
configure:12920: gcc -c -fsanitize=address -g  conftest.c >&5
configure:12920: $? = 0
configure:12920: gcc -c -fsanitize=address -g  conftest.c >&5
conftest.c: In function 'main':
conftest.c:70:24: error: expected expression before ')' token
 if (sizeof ((long long)))
                        ^
configure:12920: $? = 1
configure: failed program was:
| /* confdefs.h */
| #define PACKAGE_NAME "binutils"
| #define PACKAGE_TARNAME "binutils"
| #define PACKAGE_VERSION "2.29.1"
| #define PACKAGE_STRING "binutils 2.29.1"
| #define PACKAGE_BUGREPORT ""
| #define PACKAGE_URL ""
| #define PACKAGE "binutils"
| #define VERSION "2.29.1"
| #define STDC_HEADERS 1
| #define HAVE_SYS_TYPES_H 1
| #define HAVE_SYS_STAT_H 1
| #define HAVE_STDLIB_H 1
| #define HAVE_STRING_H 1
| #define HAVE_MEMORY_H 1
| #define HAVE_STRINGS_H 1
| #define HAVE_INTTYPES_H 1
| #define HAVE_STDINT_H 1
| #define HAVE_UNISTD_H 1
| #define __EXTENSIONS__ 1
| #define _ALL_SOURCE 1
| #define _GNU_SOURCE 1
| #define _POSIX_PTHREAD_SEMANTICS 1
| #define _TANDEM_SOURCE 1
| #define HAVE_DLFCN_H 1
| #define LT_OBJDIR ".libs/"
| #define HAVE_DLFCN_H 1
| #define DEFAULT_AR_DETERMINISTIC 0
| #define DEFAULT_STRINGS_ALL 1
| #define ENABLE_NLS 1
| #define EXECUTABLE_SUFFIX ""
| #define SIZEOF_LONG 8
| /* end confdefs.h.  */
| #include <stdio.h>
| #ifdef HAVE_SYS_TYPES_H
| # include <sys/types.h>
| #endif
| #ifdef HAVE_SYS_STAT_H
| # include <sys/stat.h>
| #endif
| #ifdef STDC_HEADERS
| # include <stdlib.h>
| # include <stddef.h>
| #else
| # ifdef HAVE_STDLIB_H
| #  include <stdlib.h>
| # endif
| #endif
| #ifdef HAVE_STRING_H
| # if !defined STDC_HEADERS && defined HAVE_MEMORY_H
| #  include <memory.h>
| # endif
| # include <string.h>
| #endif
| #ifdef HAVE_STRINGS_H
| # include <strings.h>
| #endif
| #ifdef HAVE_INTTYPES_H
| # include <inttypes.h>
| #endif
| #ifdef HAVE_STDINT_H
| # include <stdint.h>
| #endif
| #ifdef HAVE_UNISTD_H
| # include <unistd.h>
| #endif
| int
| main ()
| {
| if (sizeof ((long long)))
| 	    return 0;
|   ;
|   return 0;
| }
configure:12920: result: yes
configure:12931: checking size of long long
configure:12936: gcc -o conftest -fsanitize=address -g  -static-libstdc++ -static-libgcc  conftest.c -ldl  >&5
configure:12936: $? = 0
configure:12936: ./conftest
configure:12936: $? = 0
configure:12951: result: 8
configure:12967: checking for string.h
configure:12967: result: yes
configure:12967: checking for strings.h
configure:12967: result: yes
configure:12967: checking for stdlib.h
configure:12967: result: yes
configure:12967: checking for unistd.h
configure:12967: result: yes
configure:12967: checking fcntl.h usability
configure:12967: gcc -c -fsanitize=address -g  conftest.c >&5
configure:12967: $? = 0
configure:12967: result: yes
configure:12967: checking fcntl.h presence
configure:12967: gcc -E  conftest.c
configure:12967: $? = 0
configure:12967: result: yes
configure:12967: checking for fcntl.h
configure:12967: result: yes
configure:12967: checking sys/file.h usability
configure:12967: gcc -c -fsanitize=address -g  conftest.c >&5
configure:12967: $? = 0
configure:12967: result: yes
configure:12967: checking sys/file.h presence
configure:12967: gcc -E  conftest.c
configure:12967: $? = 0
configure:12967: result: yes
configure:12967: checking for sys/file.h
configure:12967: result: yes
configure:12967: checking limits.h usability
configure:12967: gcc -c -fsanitize=address -g  conftest.c >&5
configure:12967: $? = 0
configure:12967: result: yes
configure:12967: checking limits.h presence
configure:12967: gcc -E  conftest.c
configure:12967: $? = 0
configure:12967: result: yes
configure:12967: checking for limits.h
configure:12967: result: yes
configure:12967: checking locale.h usability
configure:12967: gcc -c -fsanitize=address -g  conftest.c >&5
configure:12967: $? = 0
configure:12967: result: yes
configure:12967: checking locale.h presence
configure:12967: gcc -E  conftest.c
configure:12967: $? = 0
configure:12967: result: yes
configure:12967: checking for locale.h
configure:12967: result: yes
configure:12967: checking sys/param.h usability
configure:12967: gcc -c -fsanitize=address -g  conftest.c >&5
configure:12967: $? = 0
configure:12967: result: yes
configure:12967: checking sys/param.h presence
configure:12967: gcc -E  conftest.c
configure:12967: $? = 0
configure:12967: result: yes
configure:12967: checking for sys/param.h
configure:12967: result: yes
configure:12967: checking wchar.h usability
configure:12967: gcc -c -fsanitize=address -g  conftest.c >&5
configure:12967: $? = 0
configure:12967: result: yes
configure:12967: checking wchar.h presence
configure:12967: gcc -E  conftest.c
configure:12967: $? = 0
configure:12967: result: yes
configure:12967: checking for wchar.h
configure:12967: result: yes
configure:12978: checking for sys/wait.h that is POSIX.1 compatible
configure:13004: gcc -c -fsanitize=address -g  conftest.c >&5
configure:13004: $? = 0
configure:13011: result: yes
configure:13019: checking whether string.h and strings.h may both be included
configure:13036: gcc -c -fsanitize=address -g  conftest.c >&5
configure:13036: $? = 0
configure:13043: result: yes
configure:13053: checking for working alloca.h
configure:13070: gcc -o conftest -fsanitize=address -g  -static-libstdc++ -static-libgcc  conftest.c -ldl  >&5
configure:13070: $? = 0
configure:13078: result: yes
configure:13086: checking for alloca
configure:13123: gcc -o conftest -fsanitize=address -g  -static-libstdc++ -static-libgcc  conftest.c -ldl  >&5
configure:13123: $? = 0
configure:13131: result: yes
configure:13244: checking for sbrk
configure:13244: gcc -o conftest -fsanitize=address -g  -static-libstdc++ -static-libgcc  conftest.c -ldl  >&5
configure:13244: $? = 0
configure:13244: result: yes
configure:13244: checking for utimes
configure:13244: gcc -o conftest -fsanitize=address -g  -static-libstdc++ -static-libgcc  conftest.c -ldl  >&5
configure:13244: $? = 0
configure:13244: result: yes
configure:13244: checking for setmode
configure:13244: gcc -o conftest -fsanitize=address -g  -static-libstdc++ -static-libgcc  conftest.c -ldl  >&5
/tmp/cc39iIQg.o: In function `main':
/home/mdl/jun/afl-ptrix/afl-pt/samples/objdump-samples/target/binutils-2.29.1/binutils/conftest.c:86: undefined reference to `setmode'
collect2: error: ld returned 1 exit status
configure:13244: $? = 1
configure: failed program was:
| /* confdefs.h */
| #define PACKAGE_NAME "binutils"
| #define PACKAGE_TARNAME "binutils"
| #define PACKAGE_VERSION "2.29.1"
| #define PACKAGE_STRING "binutils 2.29.1"
| #define PACKAGE_BUGREPORT ""
| #define PACKAGE_URL ""
| #define PACKAGE "binutils"
| #define VERSION "2.29.1"
| #define STDC_HEADERS 1
| #define HAVE_SYS_TYPES_H 1
| #define HAVE_SYS_STAT_H 1
| #define HAVE_STDLIB_H 1
| #define HAVE_STRING_H 1
| #define HAVE_MEMORY_H 1
| #define HAVE_STRINGS_H 1
| #define HAVE_INTTYPES_H 1
| #define HAVE_STDINT_H 1
| #define HAVE_UNISTD_H 1
| #define __EXTENSIONS__ 1
| #define _ALL_SOURCE 1
| #define _GNU_SOURCE 1
| #define _POSIX_PTHREAD_SEMANTICS 1
| #define _TANDEM_SOURCE 1
| #define HAVE_DLFCN_H 1
| #define LT_OBJDIR ".libs/"
| #define HAVE_DLFCN_H 1
| #define DEFAULT_AR_DETERMINISTIC 0
| #define DEFAULT_STRINGS_ALL 1
| #define ENABLE_NLS 1
| #define EXECUTABLE_SUFFIX ""
| #define SIZEOF_LONG 8
| #define HAVE_LONG_LONG 1
| #define SIZEOF_LONG_LONG 8
| #define HAVE_STRING_H 1
| #define HAVE_STRINGS_H 1
| #define HAVE_STDLIB_H 1
| #define HAVE_UNISTD_H 1
| #define HAVE_FCNTL_H 1
| #define HAVE_SYS_FILE_H 1
| #define HAVE_LIMITS_H 1
| #define HAVE_LOCALE_H 1
| #define HAVE_SYS_PARAM_H 1
| #define HAVE_WCHAR_H 1
| #define HAVE_SYS_WAIT_H 1
| #define STRING_WITH_STRINGS 1
| #define HAVE_ALLOCA_H 1
| #define HAVE_ALLOCA 1
| #define HAVE_SBRK 1
| #define HAVE_UTIMES 1
| /* end confdefs.h.  */
| /* Define setmode to an innocuous variant, in case <limits.h> declares setmode.
|    For example, HP-UX 11i <limits.h> declares gettimeofday.  */
| #define setmode innocuous_setmode
| 
| /* System header to define __stub macros and hopefully few prototypes,
|     which can conflict with char setmode (); below.
|     Prefer <limits.h> to <assert.h> if __STDC__ is defined, since
|     <limits.h> exists even on freestanding compilers.  */
| 
| #ifdef __STDC__
| # include <limits.h>
| #else
| # include <assert.h>
| #endif
| 
| #undef setmode
| 
| /* Override any GCC internal prototype to avoid an error.
|    Use char because int might match the return type of a GCC
|    builtin and then its argument prototype would still apply.  */
| #ifdef __cplusplus
| extern "C"
| #endif
| char setmode ();
| /* The GNU C library defines this for functions which it implements
|     to always fail with ENOSYS.  Some functions are actually named
|     something starting with __ and the normal name is an alias.  */
| #if defined __stub_setmode || defined __stub___setmode
| choke me
| #endif
| 
| int
| main ()
| {
| return setmode ();
|   ;
|   return 0;
| }
configure:13244: result: no
configure:13244: checking for getc_unlocked
configure:13244: gcc -o conftest -fsanitize=address -g  -static-libstdc++ -static-libgcc  conftest.c -ldl  >&5
configure:13244: $? = 0
configure:13244: result: yes
configure:13244: checking for strcoll
configure:13244: gcc -o conftest -fsanitize=address -g  -static-libstdc++ -static-libgcc  conftest.c -ldl  >&5
configure:13244: $? = 0
configure:13244: result: yes
configure:13244: checking for setlocale
configure:13244: gcc -o conftest -fsanitize=address -g  -static-libstdc++ -static-libgcc  conftest.c -ldl  >&5
configure:13244: $? = 0
configure:13244: result: yes
configure:13254: checking for mkstemp
configure:13254: gcc -o conftest -fsanitize=address -g  -static-libstdc++ -static-libgcc  conftest.c -ldl  >&5
configure:13254: $? = 0
configure:13254: result: yes
configure:13261: checking for mkdtemp
configure:13261: gcc -o conftest -fsanitize=address -g  -static-libstdc++ -static-libgcc  conftest.c -ldl  >&5
configure:13261: $? = 0
configure:13261: result: yes
configure:13268: checking for mbstate_t
configure:13281: gcc -c -fsanitize=address -g  conftest.c >&5
configure:13281: $? = 0
configure:13287: result: yes
configure:13296: checking for library containing frexp
configure:13327: gcc -o conftest -fsanitize=address -g  -static-libstdc++ -static-libgcc  conftest.c -ldl  >&5
conftest.c:65:6: warning: conflicting types for built-in function 'frexp' [enabled by default]
 char frexp ();
      ^
configure:13327: $? = 0
configure:13344: result: none required
configure:13354: checking for LC_MESSAGES
configure:13370: gcc -o conftest -fsanitize=address -g  -static-libstdc++ -static-libgcc  conftest.c -ldl  >&5
configure:13370: $? = 0
configure:13378: result: yes
configure:13387: checking for time_t in time.h
configure:13403: gcc -c -fsanitize=address -g  conftest.c >&5
configure:13403: $? = 0
configure:13411: result: yes
configure:13419: checking for time_t in sys/types.h
configure:13435: gcc -c -fsanitize=address -g  conftest.c >&5
configure:13435: $? = 0
configure:13443: result: yes
configure:13451: checking for a known getopt prototype in unistd.h
configure:13467: gcc -c -fsanitize=address -g  conftest.c >&5
configure:13467: $? = 0
configure:13475: result: yes
configure:13485: checking for utime.h
configure:13505: gcc -c -fsanitize=address -g  conftest.c >&5
configure:13505: $? = 0
configure:13513: result: yes
configure:13521: checking whether asprintf is declared
configure:13521: gcc -c -fsanitize=address -g  conftest.c >&5
configure:13521: $? = 0
configure:13521: result: yes
configure:13531: checking whether environ is declared
configure:13531: gcc -c -fsanitize=address -g  conftest.c >&5
configure:13531: $? = 0
configure:13531: result: yes
configure:13541: checking whether fprintf is declared
configure:13541: gcc -c -fsanitize=address -g  conftest.c >&5
configure:13541: $? = 0
configure:13541: result: yes
configure:13551: checking whether getc_unlocked is declared
configure:13551: gcc -c -fsanitize=address -g  conftest.c >&5
configure:13551: $? = 0
configure:13551: result: yes
configure:13561: checking whether getenv is declared
configure:13561: gcc -c -fsanitize=address -g  conftest.c >&5
configure:13561: $? = 0
configure:13561: result: yes
configure:13571: checking whether sbrk is declared
configure:13571: gcc -c -fsanitize=address -g  conftest.c >&5
configure:13571: $? = 0
configure:13571: result: yes
configure:13581: checking whether snprintf is declared
configure:13581: gcc -c -fsanitize=address -g  conftest.c >&5
configure:13581: $? = 0
configure:13581: result: yes
configure:13591: checking whether stpcpy is declared
configure:13591: gcc -c -fsanitize=address -g  conftest.c >&5
configure:13591: $? = 0
configure:13591: result: yes
configure:13601: checking whether strnlen is declared
configure:13601: gcc -c -fsanitize=address -g  conftest.c >&5
configure:13601: $? = 0
configure:13601: result: yes
configure:13611: checking whether strstr is declared
configure:13611: gcc -c -fsanitize=address -g  conftest.c >&5
configure:13611: $? = 0
configure:13611: result: yes
configure:13621: checking whether vsnprintf is declared
configure:13621: gcc -c -fsanitize=address -g  conftest.c >&5
configure:13621: $? = 0
configure:13621: result: yes
configure:13678: checking iconv.h usability
configure:13678: gcc -c -fsanitize=address -g  conftest.c >&5
configure:13678: $? = 0
configure:13678: result: yes
configure:13678: checking iconv.h presence
configure:13678: gcc -E  conftest.c
configure:13678: $? = 0
configure:13678: result: yes
configure:13678: checking for iconv.h
configure:13678: result: yes
configure:13724: checking for ld used by GCC
configure:13787: result: ld -m elf_x86_64
configure:13794: checking if the linker (ld -m elf_x86_64) is GNU ld
GNU ld (GNU Binutils for Ubuntu) 2.24
configure:13806: result: yes
configure:13812: checking for shared library run path origin
configure:13825: result: done
configure:14230: checking for iconv
configure:14254: gcc -o conftest -fsanitize=address -g   -static-libstdc++ -static-libgcc  conftest.c -ldl  >&5
configure:14254: $? = 0
configure:14328: result: yes
configure:14371: checking for iconv declaration
configure:14400: gcc -c -fsanitize=address -g  conftest.c >&5
configure:14400: $? = 0
configure:14411: result: install-shextern size_t iconv (iconv_t cd, char * *inbuf, size_t *inbytesleft, char * *outbuf, size_t *outbytesleft);
configure:14772: updating cache ./config.cache
configure:14833: creating ./config.status

## ---------------------- ##
## Running config.status. ##
## ---------------------- ##

This file was extended by binutils config.status 2.29.1, which was
generated by GNU Autoconf 2.64.  Invocation command line was

  CONFIG_FILES    = 
  CONFIG_HEADERS  = 
  CONFIG_LINKS    = 
  CONFIG_COMMANDS = 
  $ ./config.status 

on mdl-XPS-8900

config.status:1185: creating Makefile
config.status:1185: creating doc/Makefile
config.status:1185: creating po/Makefile.in
config.status:1185: creating config.h
config.status:1405: executing depfiles commands
config.status:1405: executing libtool commands
config.status:1405: executing default-1 commands

## ---------------- ##
## Cache variables. ##
## ---------------- ##

ac_cv_build=x86_64-pc-linux-gnu
ac_cv_c_compiler_gnu=yes
ac_cv_env_CC_set=set
ac_cv_env_CC_value=gcc
ac_cv_env_CFLAGS_set=set
ac_cv_env_CFLAGS_value='-fsanitize=address -g'
ac_cv_env_CPPFLAGS_set=
ac_cv_env_CPPFLAGS_value=
ac_cv_env_CPP_set=
ac_cv_env_CPP_value=
ac_cv_env_LDFLAGS_set=set
ac_cv_env_LDFLAGS_value='-static-libstdc++ -static-libgcc '
ac_cv_env_LIBS_set=
ac_cv_env_LIBS_value=
ac_cv_env_YACC_set=set
ac_cv_env_YACC_value='bison -y'
ac_cv_env_YFLAGS_set=
ac_cv_env_YFLAGS_value=
ac_cv_env_build_alias_set=set
ac_cv_env_build_alias_value=x86_64-pc-linux-gnu
ac_cv_env_host_alias_set=set
ac_cv_env_host_alias_value=x86_64-pc-linux-gnu
ac_cv_env_target_alias_set=set
ac_cv_env_target_alias_value=x86_64-pc-linux-gnu
ac_cv_func_alloca_works=yes
ac_cv_func_getc_unlocked=yes
ac_cv_func_mkdtemp=yes
ac_cv_func_mkstemp=yes
ac_cv_func_sbrk=yes
ac_cv_func_setlocale=yes
ac_cv_func_setmode=no
ac_cv_func_strcoll=yes
ac_cv_func_utimes=yes
ac_cv_have_decl_asprintf=yes
ac_cv_have_decl_environ=yes
ac_cv_have_decl_fprintf=yes
ac_cv_have_decl_getc_unlocked=yes
ac_cv_have_decl_getenv=yes
ac_cv_have_decl_sbrk=yes
ac_cv_have_decl_snprintf=yes
ac_cv_have_decl_stpcpy=yes
ac_cv_have_decl_strnlen=yes
ac_cv_have_decl_strstr=yes
ac_cv_have_decl_vsnprintf=yes
ac_cv_header_dlfcn_h=yes
ac_cv_header_fcntl_h=yes
ac_cv_header_iconv_h=yes
ac_cv_header_inttypes_h=yes
ac_cv_header_limits_h=yes
ac_cv_header_locale_h=yes
ac_cv_header_memory_h=yes
ac_cv_header_minix_config_h=no
ac_cv_header_stdc=yes
ac_cv_header_stdint_h=yes
ac_cv_header_stdlib_h=yes
ac_cv_header_string_h=yes
ac_cv_header_strings_h=yes
ac_cv_header_sys_file_h=yes
ac_cv_header_sys_param_h=yes
ac_cv_header_sys_stat_h=yes
ac_cv_header_sys_types_h=yes
ac_cv_header_sys_wait_h=yes
ac_cv_header_unistd_h=yes
ac_cv_header_wchar_h=yes
ac_cv_header_windows_h=no
ac_cv_host=x86_64-pc-linux-gnu
ac_cv_objext=o
ac_cv_path_EGREP='/bin/grep -E'
ac_cv_path_FGREP='/bin/grep -F'
ac_cv_path_GMSGFMT=/usr/bin/msgfmt
ac_cv_path_GREP=/bin/grep
ac_cv_path_MSGFMT=/usr/bin/msgfmt
ac_cv_path_MSGMERGE=/usr/bin/msgmerge
ac_cv_path_SED=/bin/sed
ac_cv_path_XGETTEXT=/usr/bin/xgettext
ac_cv_path_mkdir=/bin/mkdir
ac_cv_prog_AR=ar
ac_cv_prog_AWK=gawk
ac_cv_prog_CC=gcc
ac_cv_prog_CPP='gcc -E'
ac_cv_prog_LEX='/home/mdl/jun/afl-ptrix/afl-pt/samples/objdump-samples/target/binutils-2.29.1/missing flex'
ac_cv_prog_OBJDUMP=objdump
ac_cv_prog_RANLIB=ranlib
ac_cv_prog_YACC='bison -y'
ac_cv_prog_ac_ct_STRIP=strip
ac_cv_prog_cc_c89=
ac_cv_prog_cc_g=yes
ac_cv_prog_make_make_set=yes
ac_cv_safe_to_define___extensions__=yes
ac_cv_search_dlopen=-ldl
ac_cv_search_frexp='none required'
ac_cv_search_strerror='none required'
ac_cv_sizeof_long=8
ac_cv_sizeof_long_long=8
ac_cv_sys_file_offset_bits=no
ac_cv_sys_largefile_CC=no
ac_cv_target=x86_64-pc-linux-gnu
ac_cv_type_long_long=yes
ac_cv_working_alloca_h=yes
acl_cv_hardcode_direct=no
acl_cv_hardcode_libdir_flag_spec='${wl}-rpath ${wl}$libdir'
acl_cv_hardcode_libdir_separator=
acl_cv_hardcode_minus_L=no
acl_cv_libext=a
acl_cv_path_LD='ld -m elf_x86_64'
acl_cv_prog_gnu_ld=yes
acl_cv_rpath=done
acl_cv_shlibext=so
acl_cv_wl=-Wl,
am_cv_CC_dependencies_compiler_type=gcc3
am_cv_func_iconv=yes
am_cv_lib_iconv=no
am_cv_proto_iconv='extern size_t iconv (iconv_t cd, char * *inbuf, size_t *inbytesleft, char * *outbuf, size_t *outbytesleft);'
am_cv_proto_iconv_arg1=
am_cv_val_LC_MESSAGES=yes
bu_cv_decl_getopt_unistd_h=yes
bu_cv_decl_time_t_time_h=yes
bu_cv_decl_time_t_types_h=yes
bu_cv_header_utime_h=yes
gcc_cv_header_string=yes
lt_cv_archive_cmds_need_lc=no
lt_cv_deplibs_check_method=pass_all
lt_cv_file_magic_cmd='$MAGIC_CMD'
lt_cv_file_magic_test_file=
lt_cv_ld_reload_flag=-r
lt_cv_nm_interface='BSD nm'
lt_cv_objdir=.libs
lt_cv_path_LD=ld
lt_cv_path_NM=nm
lt_cv_prog_compiler_c_o=yes
lt_cv_prog_compiler_pic_works=yes
lt_cv_prog_compiler_rtti_exceptions=no
lt_cv_prog_compiler_static_works=no
lt_cv_prog_gnu_ld=yes
lt_cv_shlibpath_overrides_runpath=no
lt_cv_sys_global_symbol_pipe='sed -n -e '\''s/^.*[	 ]\([ABCDGIRSTW][ABCDGIRSTW]*\)[	 ][	 ]*\([_A-Za-z][_A-Za-z0-9]*\)$/\1 \2 \2/p'\'''
lt_cv_sys_global_symbol_to_c_name_address='sed -n -e '\''s/^: \([^ ]*\) $/  {\"\1\", (void *) 0},/p'\'' -e '\''s/^[ABCDGIRSTW]* \([^ ]*\) \([^ ]*\)$/  {"\2", (void *) \&\2},/p'\'''
lt_cv_sys_global_symbol_to_c_name_address_lib_prefix='sed -n -e '\''s/^: \([^ ]*\) $/  {\"\1\", (void *) 0},/p'\'' -e '\''s/^[ABCDGIRSTW]* \([^ ]*\) \(lib[^ ]*\)$/  {"\2", (void *) \&\2},/p'\'' -e '\''s/^[ABCDGIRSTW]* \([^ ]*\) \([^ ]*\)$/  {"lib\2", (void *) \&\2},/p'\'''
lt_cv_sys_global_symbol_to_cdecl='sed -n -e '\''s/^T .* \(.*\)$/extern int \1();/p'\'' -e '\''s/^[ABCDGIRSTW]* .* \(.*\)$/extern char \1;/p'\'''
lt_cv_sys_max_cmd_len=3458764513820540925

## ----------------- ##
## Output variables. ##
## ----------------- ##

ACLOCAL='${SHELL} /home/mdl/jun/afl-ptrix/afl-pt/samples/objdump-samples/target/binutils-2.29.1/missing --run aclocal-1.11'
ALLOCA=''
AMDEPBACKSLASH='\'
AMDEP_FALSE='#'
AMDEP_TRUE=''
AMTAR='$${TAR-tar}'
AR='ar'
AUTOCONF='${SHELL} /home/mdl/jun/afl-ptrix/afl-pt/samples/objdump-samples/target/binutils-2.29.1/missing --run autoconf'
AUTOHEADER='${SHELL} /home/mdl/jun/afl-ptrix/afl-pt/samples/objdump-samples/target/binutils-2.29.1/missing --run autoheader'
AUTOMAKE='${SHELL} /home/mdl/jun/afl-ptrix/afl-pt/samples/objdump-samples/target/binutils-2.29.1/missing --run automake-1.11'
AWK='gawk'
BUILD_DLLTOOL=''
BUILD_DLLWRAP=''
BUILD_INSTALL_MISC=''
BUILD_MISC=''
BUILD_NLMCONV=''
BUILD_SRCONV=''
BUILD_WINDMC=''
BUILD_WINDRES=''
CATALOGS=' bg.gmo ca.gmo da.gmo es.gmo fi.gmo fr.gmo hr.gmo id.gmo it.gmo ja.gmo ro.gmo ru.gmo rw.gmo sk.gmo sr.gmo sv.gmo tr.gmo uk.gmo vi.gmo zh_CN.gmo zh_TW.gmo bg.gmo ca.gmo da.gmo es.gmo fi.gmo fr.gmo hr.gmo id.gmo it.gmo ja.gmo ro.gmo ru.gmo rw.gmo sk.gmo sr.gmo sv.gmo tr.gmo uk.gmo vi.gmo zh_CN.gmo zh_TW.gmo'
CATOBJEXT='.gmo'
CC='gcc'
CCDEPMODE='depmode=gcc3'
CC_FOR_BUILD='gcc'
CFLAGS='-fsanitize=address -g'
CPP='gcc -E'
CPPFLAGS=''
CYGPATH_W='echo'
DATADIRNAME='share'
DEFS='-DHAVE_CONFIG_H'
DEMANGLER_NAME='c++filt'
DEPDIR='.deps'
DLLTOOL_DEFS=' '
DSYMUTIL=''
DUMPBIN=''
ECHO_C=''
ECHO_N='-n'
ECHO_T=''
EGREP='/bin/grep -E'
EMULATION='vanilla'
EMULATION_VECTOR='bin_vanilla_emulation'
EXEEXT=''
EXEEXT_FOR_BUILD='$(EXEEXT)'
FGREP='/bin/grep -F'
GENCAT='gencat'
GENINSRC_NEVER_FALSE=''
GENINSRC_NEVER_TRUE='#'
GMSGFMT='/usr/bin/msgfmt'
GREP='/bin/grep'
HDEFINES=''
INCINTL=''
INSTALL_DATA='/usr/bin/install -c -m 644'
INSTALL_PROGRAM='/usr/bin/install -c'
INSTALL_SCRIPT='/usr/bin/install -c'
INSTALL_STRIP_PROGRAM='$(install_sh) -c -s'
INSTOBJEXT='.mo'
LD='ld -m elf_x86_64'
LDFLAGS='-static-libstdc++ -static-libgcc '
LEX='/home/mdl/jun/afl-ptrix/afl-pt/samples/objdump-samples/target/binutils-2.29.1/missing flex'
LEXLIB=''
LEX_OUTPUT_ROOT=''
LIBICONV=''
LIBINTL=''
LIBINTL_DEP=''
LIBOBJS=''
LIBS='-ldl '
LIBTOOL='$(SHELL) $(top_builddir)/libtool'
LIPO=''
LN_S='ln -s'
LTLIBICONV=''
LTLIBOBJS=''
MAINT='#'
MAINTAINER_MODE_FALSE=''
MAINTAINER_MODE_TRUE='#'
MAKEINFO='/home/mdl/jun/afl-ptrix/afl-pt/samples/objdump-samples/target/binutils-2.29.1/missing makeinfo --split-size=5000000'
MKDIR_P='/bin/mkdir -p'
MKINSTALLDIRS='$(top_builddir)/./../mkinstalldirs'
MSGFMT='/usr/bin/msgfmt'
MSGMERGE='/usr/bin/msgmerge'
NLMCONV_DEFS=''
NM='nm'
NMEDIT=''
NO_WERROR=''
OBJDUMP='objdump'
OBJDUMP_DEFS=' -DOBJDUMP_PRIVATE_VECTORS=""'
OBJDUMP_PRIVATE_OFILES=''
OBJEXT='o'
OTOOL64=''
OTOOL=''
PACKAGE='binutils'
PACKAGE_BUGREPORT=''
PACKAGE_NAME='binutils'
PACKAGE_STRING='binutils 2.29.1'
PACKAGE_TARNAME='binutils'
PACKAGE_URL=''
PACKAGE_VERSION='2.29.1'
PATH_SEPARATOR=':'
POSUB='po'
RANLIB='ranlib'
SED='/bin/sed'
SET_MAKE=''
SHELL='/bin/bash'
STRIP='strip'
USE_NLS='yes'
VERSION='2.29.1'
WARN_CFLAGS='-W -Wall -Wstrict-prototypes -Wmissing-prototypes -Wshadow'
WARN_CFLAGS_FOR_BUILD='-W -Wall -Wstrict-prototypes -Wmissing-prototypes -Wshadow'
WARN_WRITE_STRINGS='-Wwrite-strings'
XGETTEXT='/usr/bin/xgettext'
YACC='bison -y'
YFLAGS=''
ac_ct_CC=''
ac_ct_DUMPBIN=''
am__EXEEXT_FALSE=''
am__EXEEXT_TRUE='#'
am__fastdepCC_FALSE='#'
am__fastdepCC_TRUE=''
am__include='include'
am__isrc=''
am__leading_dot='.'
am__nodep='_no'
am__quote=''
am__tar='$${TAR-tar} chof - "$$tardir"'
am__untar='$${TAR-tar} xf -'
bindir='${exec_prefix}/bin'
build='x86_64-pc-linux-gnu'
build_alias='x86_64-pc-linux-gnu'
build_cpu='x86_64'
build_os='linux-gnu'
build_vendor='pc'
datadir='${datarootdir}'
datarootdir='${prefix}/share'
docdir='${datarootdir}/doc/${PACKAGE_TARNAME}'
dvidir='${docdir}'
exec_prefix='${prefix}'
host='x86_64-pc-linux-gnu'
host_alias='x86_64-pc-linux-gnu'
host_cpu='x86_64'
host_os='linux-gnu'
host_vendor='pc'
htmldir='${docdir}'
includedir='${prefix}/include'
infodir='${datarootdir}/info'
install_sh='${SHELL} /home/mdl/jun/afl-ptrix/afl-pt/samples/objdump-samples/target/binutils-2.29.1/install-sh'
libdir='${exec_prefix}/lib'
libexecdir='${exec_prefix}/libexec'
localedir='${datarootdir}/locale'
localstatedir='${prefix}/var'
mandir='${datarootdir}/man'
mkdir_p='/bin/mkdir -p'
oldincludedir='/usr/include'
pdfdir='${docdir}'
prefix='/usr/local'
program_transform_name='s,y,y,'
psdir='${docdir}'
sbindir='${exec_prefix}/sbin'
sharedstatedir='${prefix}/com'
sysconfdir='${prefix}/etc'
target='x86_64-pc-linux-gnu'
target_alias='x86_64-pc-linux-gnu'
target_cpu='x86_64'
target_os='linux-gnu'
target_vendor='pc'
zlibdir='-L$(top_builddir)/../zlib'
zlibinc='-I$(top_srcdir)/../zlib'

## ----------- ##
## confdefs.h. ##
## ----------- ##

/* confdefs.h */
#define PACKAGE_NAME "binutils"
#define PACKAGE_TARNAME "binutils"
#define PACKAGE_VERSION "2.29.1"
#define PACKAGE_STRING "binutils 2.29.1"
#define PACKAGE_BUGREPORT ""
#define PACKAGE_URL ""
#define PACKAGE "binutils"
#define VERSION "2.29.1"
#define STDC_HEADERS 1
#define HAVE_SYS_TYPES_H 1
#define HAVE_SYS_STAT_H 1
#define HAVE_STDLIB_H 1
#define HAVE_STRING_H 1
#define HAVE_MEMORY_H 1
#define HAVE_STRINGS_H 1
#define HAVE_INTTYPES_H 1
#define HAVE_STDINT_H 1
#define HAVE_UNISTD_H 1
#define __EXTENSIONS__ 1
#define _ALL_SOURCE 1
#define _GNU_SOURCE 1
#define _POSIX_PTHREAD_SEMANTICS 1
#define _TANDEM_SOURCE 1
#define HAVE_DLFCN_H 1
#define LT_OBJDIR ".libs/"
#define HAVE_DLFCN_H 1
#define DEFAULT_AR_DETERMINISTIC 0
#define DEFAULT_STRINGS_ALL 1
#define ENABLE_NLS 1
#define EXECUTABLE_SUFFIX ""
#define SIZEOF_LONG 8
#define HAVE_LONG_LONG 1
#define SIZEOF_LONG_LONG 8
#define HAVE_STRING_H 1
#define HAVE_STRINGS_H 1
#define HAVE_STDLIB_H 1
#define HAVE_UNISTD_H 1
#define HAVE_FCNTL_H 1
#define HAVE_SYS_FILE_H 1
#define HAVE_LIMITS_H 1
#define HAVE_LOCALE_H 1
#define HAVE_SYS_PARAM_H 1
#define HAVE_WCHAR_H 1
#define HAVE_SYS_WAIT_H 1
#define STRING_WITH_STRINGS 1
#define HAVE_ALLOCA_H 1
#define HAVE_ALLOCA 1
#define HAVE_SBRK 1
#define HAVE_UTIMES 1
#define HAVE_GETC_UNLOCKED 1
#define HAVE_STRCOLL 1
#define HAVE_SETLOCALE 1
#define HAVE_MKSTEMP 1
#define HAVE_MKDTEMP 1
#define HAVE_MBSTATE_T 1
#define HAVE_LC_MESSAGES 1
#define HAVE_TIME_T_IN_TIME_H 1
#define HAVE_TIME_T_IN_TYPES_H 1
#define HAVE_DECL_GETOPT 1
#define HAVE_GOOD_UTIME_H 1
#define HAVE_DECL_ASPRINTF 1
#define HAVE_DECL_ENVIRON 1
#define HAVE_DECL_FPRINTF 1
#define HAVE_DECL_GETC_UNLOCKED 1
#define HAVE_DECL_GETENV 1
#define HAVE_DECL_SBRK 1
#define HAVE_DECL_SNPRINTF 1
#define HAVE_DECL_STPCPY 1
#define HAVE_DECL_STRNLEN 1
#define HAVE_DECL_STRSTR 1
#define HAVE_DECL_VSNPRINTF 1
#define HAVE_ICONV 1
#define ICONV_CONST 
#define TARGET "x86_64-pc-linux-gnu"
#define TARGET_PREPENDS_UNDERSCORE 0

configure: exit 0
