This file contains any messages produced by compilers while
running configure, to aid debugging if configure makes a mistake.

It was created by ld configure 2.29.1, which was
generated by GNU Autoconf 2.64.  Invocation command line was

  $ /home/mdl/jun/afl-ptrix/afl-pt/samples/objdump-samples/target/binutils-2.29.1/ld/configure --srcdir=.././ld --cache-file=./config.cache --with-gnu-as --with-gnu-ld --program-transform-name=s,y,y, --disable-option-checking --build=x86_64-pc-linux-gnu --host=x86_64-pc-linux-gnu --target=x86_64-pc-linux-gnu

## --------- ##
## Platform. ##
## --------- ##

hostname = mdl-XPS-8900
uname -m = x86_64
uname -r = 4.4.0-31-generic
uname -s = Linux
uname -v = #50~14.04.1-Ubuntu SMP Wed Jul 13 01:07:32 UTC 2016

/usr/bin/uname -p = unknown
/bin/uname -X     = unknown

/bin/arch              = unknown
/usr/bin/arch -k       = unknown
/usr/convex/getsysinfo = unknown
/usr/bin/hostinfo      = unknown
/bin/machine           = unknown
/usr/bin/oslevel       = unknown
/bin/universe          = unknown

PATH: /usr/local/sbin
PATH: /usr/local/bin
PATH: /usr/sbin
PATH: /usr/bin
PATH: /sbin
PATH: /bin
PATH: /usr/games
PATH: /usr/local/games


## ----------- ##
## Core tests. ##
## ----------- ##

configure:2534: creating cache ./config.cache
configure:2639: checking build system type
configure:2653: result: x86_64-pc-linux-gnu
configure:2673: checking host system type
configure:2686: result: x86_64-pc-linux-gnu
configure:2706: checking target system type
configure:2719: result: x86_64-pc-linux-gnu
configure:2754: checking for x86_64-pc-linux-gnu-gcc
configure:2781: result: gcc
configure:3050: checking for C compiler version
configure:3059: gcc --version >&5
gcc (Ubuntu 4.8.4-2ubuntu1~14.04.3) 4.8.4
Copyright (C) 2013 Free Software Foundation, Inc.
This is free software; see the source for copying conditions.  There is NO
warranty; not even for MERCHANTABILITY or FITNESS FOR A PARTICULAR PURPOSE.

configure:3070: $? = 0
configure:3059: gcc -v >&5
Using built-in specs.
COLLECT_GCC=gcc
COLLECT_LTO_WRAPPER=/usr/lib/gcc/x86_64-linux-gnu/4.8/lto-wrapper
Target: x86_64-linux-gnu
Configured with: ../src/configure -v --with-pkgversion='Ubuntu 4.8.4-2ubuntu1~14.04.3' --with-bugurl=file:///usr/share/doc/gcc-4.8/README.Bugs --enable-languages=c,c++,java,go,d,fortran,objc,obj-c++ --prefix=/usr --program-suffix=-4.8 --enable-shared --enable-linker-build-id --libexecdir=/usr/lib --without-included-gettext --enable-threads=posix --with-gxx-include-dir=/usr/include/c++/4.8 --libdir=/usr/lib --enable-nls --with-sysroot=/ --enable-clocale=gnu --enable-libstdcxx-debug --enable-libstdcxx-time=yes --enable-gnu-unique-object --disable-libmudflap --enable-plugin --with-system-zlib --disable-browser-plugin --enable-java-awt=gtk --enable-gtk-cairo --with-java-home=/usr/lib/jvm/java-1.5.0-gcj-4.8-amd64/jre --enable-java-home --with-jvm-root-dir=/usr/lib/jvm/java-1.5.0-gcj-4.8-amd64 --with-jvm-jar-dir=/usr/lib/jvm-exports/java-1.5.0-gcj-4.8-amd64 --with-arch-directory=amd64 --with-ecj-jar=/usr/share/java/eclipse-ecj.jar --enable-objc-gc --enable-multiarch --disable-werror --with-arch-32=i686 --with-abi=m64 --with-multilib-list=m32,m64,mx32 --with-tune=generic --enable-checking=release --build=x86_64-linux-gnu --host=x86_64-linux-gnu --target=x86_64-linux-gnu
Thread model: posix
gcc version 4.8.4 (Ubuntu 4.8.4-2ubuntu1~14.04.3) 
configure:3070: $? = 0
configure:3059: gcc -V >&5
gcc: error: unrecognized command line option '-V'
gcc: fatal error: no input files
compilation terminated.
configure:3070: $? = 4
configure:3059: gcc -qversion >&5
gcc: error: unrecognized command line option '-qversion'
gcc: fatal error: no input files
compilation terminated.
configure:3070: $? = 4
configure:3090: checking for C compiler default output file name
configure:3112: gcc -fsanitize=address -g  -static-libstdc++ -static-libgcc  conftest.c  >&5
configure:3116: $? = 0
configure:3153: result: a.out
configure:3169: checking whether the C compiler works
configure:3178: ./a.out
configure:3182: $? = 0
configure:3197: result: yes
configure:3204: checking whether we are cross compiling
configure:3206: result: no
configure:3209: checking for suffix of executables
configure:3216: gcc -o conftest -fsanitize=address -g  -static-libstdc++ -static-libgcc  conftest.c  >&5
configure:3220: $? = 0
configure:3242: result: 
configure:3248: checking for suffix of object files
configure:3270: gcc -c -fsanitize=address -g  conftest.c >&5
configure:3274: $? = 0
configure:3295: result: o
configure:3299: checking whether we are using the GNU C compiler
configure:3318: gcc -c -fsanitize=address -g  conftest.c >&5
configure:3318: $? = 0
configure:3327: result: yes
configure:3336: checking whether gcc accepts -g
configure:3356: gcc -c -g  conftest.c >&5
configure:3356: $? = 0
configure:3397: result: yes
configure:3414: checking for gcc option to accept ISO C89
configure:3478: gcc  -c -fsanitize=address -g  conftest.c >&5
configure:3478: $? = 0
configure:3491: result: none needed
configure:3512: checking for library containing strerror
configure:3543: gcc -o conftest -fsanitize=address -g  -static-libstdc++ -static-libgcc  conftest.c  >&5
configure:3543: $? = 0
configure:3560: result: none required
configure:3585: checking for a BSD-compatible install
configure:3653: result: /usr/bin/install -c
configure:3664: checking whether build environment is sane
configure:3714: result: yes
configure:3855: checking for a thread-safe mkdir -p
configure:3894: result: /bin/mkdir -p
configure:3907: checking for gawk
configure:3934: result: gawk
configure:3945: checking whether make sets $(MAKE)
configure:3967: result: yes
configure:3997: checking for style of include used by make
configure:4025: result: GNU
configure:4111: checking dependency style of gcc
configure:4222: result: gcc3
configure:4239: checking whether to enable maintainer-specific portions of Makefiles
configure:4248: result: no
configure:4270: checking for x86_64-pc-linux-gnu-gcc
configure:4297: result: gcc
configure:4566: checking for C compiler version
configure:4575: gcc --version >&5
gcc (Ubuntu 4.8.4-2ubuntu1~14.04.3) 4.8.4
Copyright (C) 2013 Free Software Foundation, Inc.
This is free software; see the source for copying conditions.  There is NO
warranty; not even for MERCHANTABILITY or FITNESS FOR A PARTICULAR PURPOSE.

configure:4586: $? = 0
configure:4575: gcc -v >&5
Using built-in specs.
COLLECT_GCC=gcc
COLLECT_LTO_WRAPPER=/usr/lib/gcc/x86_64-linux-gnu/4.8/lto-wrapper
Target: x86_64-linux-gnu
Configured with: ../src/configure -v --with-pkgversion='Ubuntu 4.8.4-2ubuntu1~14.04.3' --with-bugurl=file:///usr/share/doc/gcc-4.8/README.Bugs --enable-languages=c,c++,java,go,d,fortran,objc,obj-c++ --prefix=/usr --program-suffix=-4.8 --enable-shared --enable-linker-build-id --libexecdir=/usr/lib --without-included-gettext --enable-threads=posix --with-gxx-include-dir=/usr/include/c++/4.8 --libdir=/usr/lib --enable-nls --with-sysroot=/ --enable-clocale=gnu --enable-libstdcxx-debug --enable-libstdcxx-time=yes --enable-gnu-unique-object --disable-libmudflap --enable-plugin --with-system-zlib --disable-browser-plugin --enable-java-awt=gtk --enable-gtk-cairo --with-java-home=/usr/lib/jvm/java-1.5.0-gcj-4.8-amd64/jre --enable-java-home --with-jvm-root-dir=/usr/lib/jvm/java-1.5.0-gcj-4.8-amd64 --with-jvm-jar-dir=/usr/lib/jvm-exports/java-1.5.0-gcj-4.8-amd64 --with-arch-directory=amd64 --with-ecj-jar=/usr/share/java/eclipse-ecj.jar --enable-objc-gc --enable-multiarch --disable-werror --with-arch-32=i686 --with-abi=m64 --with-multilib-list=m32,m64,mx32 --with-tune=generic --enable-checking=release --build=x86_64-linux-gnu --host=x86_64-linux-gnu --target=x86_64-linux-gnu
Thread model: posix
gcc version 4.8.4 (Ubuntu 4.8.4-2ubuntu1~14.04.3) 
configure:4586: $? = 0
configure:4575: gcc -V >&5
gcc: error: unrecognized command line option '-V'
gcc: fatal error: no input files
compilation terminated.
configure:4586: $? = 4
configure:4575: gcc -qversion >&5
gcc: error: unrecognized command line option '-qversion'
gcc: fatal error: no input files
compilation terminated.
configure:4586: $? = 4
configure:4590: checking whether we are using the GNU C compiler
configure:4618: result: yes
configure:4627: checking whether gcc accepts -g
configure:4688: result: yes
configure:4705: checking for gcc option to accept ISO C89
configure:4782: result: none needed
configure:4914: checking for C++ compiler version
configure:4923: g++ --version >&5
g++ (Ubuntu 4.8.4-2ubuntu1~14.04.3) 4.8.4
Copyright (C) 2013 Free Software Foundation, Inc.
This is free software; see the source for copying conditions.  There is NO
warranty; not even for MERCHANTABILITY or FITNESS FOR A PARTICULAR PURPOSE.

configure:4934: $? = 0
configure:4923: g++ -v >&5
Using built-in specs.
COLLECT_GCC=g++
COLLECT_LTO_WRAPPER=/usr/lib/gcc/x86_64-linux-gnu/4.8/lto-wrapper
Target: x86_64-linux-gnu
Configured with: ../src/configure -v --with-pkgversion='Ubuntu 4.8.4-2ubuntu1~14.04.3' --with-bugurl=file:///usr/share/doc/gcc-4.8/README.Bugs --enable-languages=c,c++,java,go,d,fortran,objc,obj-c++ --prefix=/usr --program-suffix=-4.8 --enable-shared --enable-linker-build-id --libexecdir=/usr/lib --without-included-gettext --enable-threads=posix --with-gxx-include-dir=/usr/include/c++/4.8 --libdir=/usr/lib --enable-nls --with-sysroot=/ --enable-clocale=gnu --enable-libstdcxx-debug --enable-libstdcxx-time=yes --enable-gnu-unique-object --disable-libmudflap --enable-plugin --with-system-zlib --disable-browser-plugin --enable-java-awt=gtk --enable-gtk-cairo --with-java-home=/usr/lib/jvm/java-1.5.0-gcj-4.8-amd64/jre --enable-java-home --with-jvm-root-dir=/usr/lib/jvm/java-1.5.0-gcj-4.8-amd64 --with-jvm-jar-dir=/usr/lib/jvm-exports/java-1.5.0-gcj-4.8-amd64 --with-arch-directory=amd64 --with-ecj-jar=/usr/share/java/eclipse-ecj.jar --enable-objc-gc --enable-multiarch --disable-werror --with-arch-32=i686 --with-abi=m64 --with-multilib-list=m32,m64,mx32 --with-tune=generic --enable-checking=release --build=x86_64-linux-gnu --host=x86_64-linux-gnu --target=x86_64-linux-gnu
Thread model: posix
gcc version 4.8.4 (Ubuntu 4.8.4-2ubuntu1~14.04.3) 
configure:4934: $? = 0
configure:4923: g++ -V >&5
g++: error: unrecognized command line option '-V'
g++: fatal error: no input files
compilation terminated.
configure:4934: $? = 4
configure:4923: g++ -qversion >&5
g++: error: unrecognized command line option '-qversion'
g++: fatal error: no input files
compilation terminated.
configure:4934: $? = 4
configure:4938: checking whether we are using the GNU C++ compiler
configure:4957: g++ -c -g -O2  conftest.cpp >&5
configure:4957: $? = 0
configure:4966: result: yes
configure:4975: checking whether g++ accepts -g
configure:4995: g++ -c -g  conftest.cpp >&5
configure:4995: $? = 0
configure:5036: result: yes
configure:5061: checking dependency style of g++
configure:5172: result: gcc3
configure:5187: checking for grep that handles long lines and -e
configure:5245: result: /bin/grep
configure:5255: checking how to run the C preprocessor
configure:5286: gcc -E  conftest.c
configure:5286: $? = 0
configure:5300: gcc -E  conftest.c
conftest.c:11:28: fatal error: ac_nonexistent.h: No such file or directory
 #include <ac_nonexistent.h>
                            ^
compilation terminated.
configure:5300: $? = 1
configure: failed program was:
| /* confdefs.h */
| #define PACKAGE_NAME "ld"
| #define PACKAGE_TARNAME "ld"
| #define PACKAGE_VERSION "2.29.1"
| #define PACKAGE_STRING "ld 2.29.1"
| #define PACKAGE_BUGREPORT ""
| #define PACKAGE_URL ""
| #define PACKAGE "ld"
| #define VERSION "2.29.1"
| /* end confdefs.h.  */
| #include <ac_nonexistent.h>
configure:5325: result: gcc -E
configure:5345: gcc -E  conftest.c
configure:5345: $? = 0
configure:5359: gcc -E  conftest.c
conftest.c:11:28: fatal error: ac_nonexistent.h: No such file or directory
 #include <ac_nonexistent.h>
                            ^
compilation terminated.
configure:5359: $? = 1
configure: failed program was:
| /* confdefs.h */
| #define PACKAGE_NAME "ld"
| #define PACKAGE_TARNAME "ld"
| #define PACKAGE_VERSION "2.29.1"
| #define PACKAGE_STRING "ld 2.29.1"
| #define PACKAGE_BUGREPORT ""
| #define PACKAGE_URL ""
| #define PACKAGE "ld"
| #define VERSION "2.29.1"
| /* end confdefs.h.  */
| #include <ac_nonexistent.h>
configure:5388: checking for egrep
configure:5450: result: /bin/grep -E
configure:5455: checking for ANSI C header files
configure:5475: gcc -c -fsanitize=address -g  conftest.c >&5
configure:5475: $? = 0
configure:5548: gcc -o conftest -fsanitize=address -g  -static-libstdc++ -static-libgcc  conftest.c  >&5
configure:5548: $? = 0
configure:5548: ./conftest
configure:5548: $? = 0
configure:5559: result: yes
configure:5572: checking for sys/types.h
configure:5572: gcc -c -fsanitize=address -g  conftest.c >&5
configure:5572: $? = 0
configure:5572: result: yes
configure:5572: checking for sys/stat.h
configure:5572: gcc -c -fsanitize=address -g  conftest.c >&5
configure:5572: $? = 0
configure:5572: result: yes
configure:5572: checking for stdlib.h
configure:5572: gcc -c -fsanitize=address -g  conftest.c >&5
configure:5572: $? = 0
configure:5572: result: yes
configure:5572: checking for string.h
configure:5572: gcc -c -fsanitize=address -g  conftest.c >&5
configure:5572: $? = 0
configure:5572: result: yes
configure:5572: checking for memory.h
configure:5572: gcc -c -fsanitize=address -g  conftest.c >&5
configure:5572: $? = 0
configure:5572: result: yes
configure:5572: checking for strings.h
configure:5572: gcc -c -fsanitize=address -g  conftest.c >&5
configure:5572: $? = 0
configure:5572: result: yes
configure:5572: checking for inttypes.h
configure:5572: gcc -c -fsanitize=address -g  conftest.c >&5
configure:5572: $? = 0
configure:5572: result: yes
configure:5572: checking for stdint.h
configure:5572: gcc -c -fsanitize=address -g  conftest.c >&5
configure:5572: $? = 0
configure:5572: result: yes
configure:5572: checking for unistd.h
configure:5572: gcc -c -fsanitize=address -g  conftest.c >&5
configure:5572: $? = 0
configure:5572: result: yes
configure:5586: checking minix/config.h usability
configure:5586: gcc -c -fsanitize=address -g  conftest.c >&5
conftest.c:54:26: fatal error: minix/config.h: No such file or directory
 #include <minix/config.h>
                          ^
compilation terminated.
configure:5586: $? = 1
configure: failed program was:
| /* confdefs.h */
| #define PACKAGE_NAME "ld"
| #define PACKAGE_TARNAME "ld"
| #define PACKAGE_VERSION "2.29.1"
| #define PACKAGE_STRING "ld 2.29.1"
| #define PACKAGE_BUGREPORT ""
| #define PACKAGE_URL ""
| #define PACKAGE "ld"
| #define VERSION "2.29.1"
| #define STDC_HEADERS 1
| #define HAVE_SYS_TYPES_H 1
| #define HAVE_SYS_STAT_H 1
| #define HAVE_STDLIB_H 1
| #define HAVE_STRING_H 1
| #define HAVE_MEMORY_H 1
| #define HAVE_STRINGS_H 1
| #define HAVE_INTTYPES_H 1
| #define HAVE_STDINT_H 1
| #define HAVE_UNISTD_H 1
| /* end confdefs.h.  */
| #include <stdio.h>
| #ifdef HAVE_SYS_TYPES_H
| # include <sys/types.h>
| #endif
| #ifdef HAVE_SYS_STAT_H
| # include <sys/stat.h>
| #endif
| #ifdef STDC_HEADERS
| # include <stdlib.h>
| # include <stddef.h>
| #else
| # ifdef HAVE_STDLIB_H
| #  include <stdlib.h>
| # endif
| #endif
| #ifdef HAVE_STRING_H
| # if !defined STDC_HEADERS && defined HAVE_MEMORY_H
| #  include <memory.h>
| # endif
| # include <string.h>
| #endif
| #ifdef HAVE_STRINGS_H
| # include <strings.h>
| #endif
| #ifdef HAVE_INTTYPES_H
| # include <inttypes.h>
| #endif
| #ifdef HAVE_STDINT_H
| # include <stdint.h>
| #endif
| #ifdef HAVE_UNISTD_H
| # include <unistd.h>
| #endif
| #include <minix/config.h>
configure:5586: result: no
configure:5586: checking minix/config.h presence
configure:5586: gcc -E  conftest.c
conftest.c:21:26: fatal error: minix/config.h: No such file or directory
 #include <minix/config.h>
                          ^
compilation terminated.
configure:5586: $? = 1
configure: failed program was:
| /* confdefs.h */
| #define PACKAGE_NAME "ld"
| #define PACKAGE_TARNAME "ld"
| #define PACKAGE_VERSION "2.29.1"
| #define PACKAGE_STRING "ld 2.29.1"
| #define PACKAGE_BUGREPORT ""
| #define PACKAGE_URL ""
| #define PACKAGE "ld"
| #define VERSION "2.29.1"
| #define STDC_HEADERS 1
| #define HAVE_SYS_TYPES_H 1
| #define HAVE_SYS_STAT_H 1
| #define HAVE_STDLIB_H 1
| #define HAVE_STRING_H 1
| #define HAVE_MEMORY_H 1
| #define HAVE_STRINGS_H 1
| #define HAVE_INTTYPES_H 1
| #define HAVE_STDINT_H 1
| #define HAVE_UNISTD_H 1
| /* end confdefs.h.  */
| #include <minix/config.h>
configure:5586: result: no
configure:5586: checking for minix/config.h
configure:5586: result: no
configure:5607: checking whether it is safe to define __EXTENSIONS__
configure:5625: gcc -c -fsanitize=address -g  conftest.c >&5
configure:5625: $? = 0
configure:5632: result: yes
configure:5696: checking how to print strings
configure:5723: result: printf
configure:5744: checking for a sed that does not truncate output
configure:5808: result: /bin/sed
configure:5826: checking for fgrep
configure:5888: result: /bin/grep -F
configure:5923: checking for ld used by gcc
configure:5990: result: ld
configure:5997: checking if the linker (ld) is GNU ld
configure:6012: result: yes
configure:6024: checking for BSD- or MS-compatible name lister (nm)
configure:6073: result: nm
configure:6203: checking the name lister (nm) interface
configure:6210: gcc -c -fsanitize=address -g  conftest.c >&5
configure:6213: nm "conftest.o"
configure:6216: output
0000000000000000 t _GLOBAL__sub_D_00099_0_some_variable
0000000000000015 t _GLOBAL__sub_I_00099_1_some_variable
                 U __asan_init_v1
                 U __asan_register_globals
                 U __asan_unregister_globals
0000000000000000 B some_variable
configure:6223: result: BSD nm
configure:6226: checking whether ln -s works
configure:6230: result: yes
configure:6238: checking the maximum length of command line arguments
configure:6363: result: 3458764513820540925
configure:6380: checking whether the shell understands some XSI constructs
configure:6390: result: yes
configure:6394: checking whether the shell understands "+="
configure:6400: result: yes
configure:6435: checking for ld option to reload object files
configure:6442: result: -r
configure:6471: checking for x86_64-pc-linux-gnu-objdump
configure:6498: result: objdump
configure:6570: checking how to recognize dependent libraries
configure:6771: result: pass_all
configure:6791: checking for x86_64-pc-linux-gnu-ar
configure:6818: result: ar
configure:6896: checking for x86_64-pc-linux-gnu-strip
configure:6926: result: no
configure:6936: checking for strip
configure:6952: found /usr/bin/strip
configure:6963: result: strip
configure:6995: checking for x86_64-pc-linux-gnu-ranlib
configure:7022: result: ranlib
configure:7164: checking command to parse nm output from gcc object
configure:7282: gcc -c -fsanitize=address -g  conftest.c >&5
configure:7285: $? = 0
configure:7289: nm conftest.o \| sed -n -e 's/^.*[ ]\([ABCDGIRSTW][ABCDGIRSTW]*\)[ ][ ]*\([_A-Za-z][_A-Za-z0-9]*\)$/\1 \2 \2/p' \> conftest.nm
configure:7292: $? = 0
configure:7346: gcc -o conftest -fsanitize=address -g  -static-libstdc++ -static-libgcc  conftest.c conftstm.o >&5
configure:7349: $? = 0
configure:7387: result: ok
configure:7482: gcc -c -fsanitize=address -g  conftest.c >&5
configure:7485: $? = 0
configure:8235: checking for dlfcn.h
configure:8235: gcc -c -fsanitize=address -g  conftest.c >&5
configure:8235: $? = 0
configure:8235: result: yes
configure:8423: checking for objdir
configure:8438: result: .libs
configure:8709: checking if gcc supports -fno-rtti -fno-exceptions
configure:8727: gcc -c -fsanitize=address -g  -fno-rtti -fno-exceptions conftest.c >&5
cc1: warning: command line option '-fno-rtti' is valid for C++/ObjC++ but not for C [enabled by default]
configure:8731: $? = 0
configure:8744: result: no
configure:8764: checking for gcc option to produce PIC
configure:9050: result: -fPIC -DPIC
configure:9062: checking if gcc PIC flag -fPIC -DPIC works
configure:9080: gcc -c -fsanitize=address -g  -fPIC -DPIC -DPIC conftest.c >&5
configure:9084: $? = 0
configure:9097: result: yes
configure:9121: checking if gcc static flag -static works
configure:9149: result: no
configure:9164: checking if gcc supports -c -o file.o
configure:9185: gcc -c -fsanitize=address -g  -o out/conftest2.o conftest.c >&5
configure:9189: $? = 0
configure:9211: result: yes
configure:9219: checking if gcc supports -c -o file.o
configure:9266: result: yes
configure:9299: checking whether the gcc linker (ld -m elf_x86_64) supports shared libraries
configure:10370: result: yes
configure:10407: checking whether -lc should be explicitly linked in
configure:10415: gcc -c -fsanitize=address -g  conftest.c >&5
configure:10418: $? = 0
configure:10433: gcc -shared  -fPIC -DPIC conftest.o  -v -Wl,-soname -Wl,conftest -o conftest 2\>\&1 \| /bin/grep  -lc  \>/dev/null 2\>\&1
configure:10436: $? = 0
configure:10450: result: no
configure:10615: checking dynamic linker characteristics
configure:11066: gcc -o conftest -fsanitize=address -g  -static-libstdc++ -static-libgcc  -Wl,-rpath -Wl,/foo conftest.c  >&5
configure:11066: $? = 0
configure:11288: result: GNU/Linux ld.so
configure:11395: checking how to hardcode library paths into programs
configure:11420: result: immediate
configure:11960: checking whether stripping libraries is possible
configure:11965: result: yes
configure:12000: checking if libtool supports shared libraries
configure:12002: result: yes
configure:12005: checking whether to build shared libraries
configure:12026: result: yes
configure:12029: checking whether to build static libraries
configure:12033: result: yes
configure:12056: checking how to run the C++ preprocessor
configure:12083: g++ -E  conftest.cpp
configure:12083: $? = 0
configure:12097: g++ -E  conftest.cpp
conftest.cpp:28:28: fatal error: ac_nonexistent.h: No such file or directory
 #include <ac_nonexistent.h>
                            ^
compilation terminated.
configure:12097: $? = 1
configure: failed program was:
| /* confdefs.h */
| #define PACKAGE_NAME "ld"
| #define PACKAGE_TARNAME "ld"
| #define PACKAGE_VERSION "2.29.1"
| #define PACKAGE_STRING "ld 2.29.1"
| #define PACKAGE_BUGREPORT ""
| #define PACKAGE_URL ""
| #define PACKAGE "ld"
| #define VERSION "2.29.1"
| #define STDC_HEADERS 1
| #define HAVE_SYS_TYPES_H 1
| #define HAVE_SYS_STAT_H 1
| #define HAVE_STDLIB_H 1
| #define HAVE_STRING_H 1
| #define HAVE_MEMORY_H 1
| #define HAVE_STRINGS_H 1
| #define HAVE_INTTYPES_H 1
| #define HAVE_STDINT_H 1
| #define HAVE_UNISTD_H 1
| #define __EXTENSIONS__ 1
| #define _ALL_SOURCE 1
| #define _GNU_SOURCE 1
| #define _POSIX_PTHREAD_SEMANTICS 1
| #define _TANDEM_SOURCE 1
| #define HAVE_DLFCN_H 1
| #define LT_OBJDIR ".libs/"
| /* end confdefs.h.  */
| #include <ac_nonexistent.h>
configure:12122: result: g++ -E
configure:12142: g++ -E  conftest.cpp
configure:12142: $? = 0
configure:12156: g++ -E  conftest.cpp
conftest.cpp:28:28: fatal error: ac_nonexistent.h: No such file or directory
 #include <ac_nonexistent.h>
                            ^
compilation terminated.
configure:12156: $? = 1
configure: failed program was:
| /* confdefs.h */
| #define PACKAGE_NAME "ld"
| #define PACKAGE_TARNAME "ld"
| #define PACKAGE_VERSION "2.29.1"
| #define PACKAGE_STRING "ld 2.29.1"
| #define PACKAGE_BUGREPORT ""
| #define PACKAGE_URL ""
| #define PACKAGE "ld"
| #define VERSION "2.29.1"
| #define STDC_HEADERS 1
| #define HAVE_SYS_TYPES_H 1
| #define HAVE_SYS_STAT_H 1
| #define HAVE_STDLIB_H 1
| #define HAVE_STRING_H 1
| #define HAVE_MEMORY_H 1
| #define HAVE_STRINGS_H 1
| #define HAVE_INTTYPES_H 1
| #define HAVE_STDINT_H 1
| #define HAVE_UNISTD_H 1
| #define __EXTENSIONS__ 1
| #define _ALL_SOURCE 1
| #define _GNU_SOURCE 1
| #define _POSIX_PTHREAD_SEMANTICS 1
| #define _TANDEM_SOURCE 1
| #define HAVE_DLFCN_H 1
| #define LT_OBJDIR ".libs/"
| /* end confdefs.h.  */
| #include <ac_nonexistent.h>
configure:12324: checking for ld used by g++
configure:12391: result: ld -m elf_x86_64
configure:12398: checking if the linker (ld -m elf_x86_64) is GNU ld
configure:12413: result: yes
configure:12468: checking whether the g++ linker (ld -m elf_x86_64) supports shared libraries
configure:13400: result: yes
configure:13428: g++ -c -g -O2  conftest.cpp >&5
configure:13431: $? = 0
configure:13613: checking for g++ option to produce PIC
configure:13936: result: -fPIC -DPIC
configure:13945: checking if g++ PIC flag -fPIC -DPIC works
configure:13963: g++ -c -g -O2  -fPIC -DPIC -DPIC conftest.cpp >&5
configure:13967: $? = 0
configure:13980: result: yes
configure:14001: checking if g++ static flag -static works
configure:14029: result: yes
configure:14041: checking if g++ supports -c -o file.o
configure:14062: g++ -c -g -O2  -o out/conftest2.o conftest.cpp >&5
configure:14066: $? = 0
configure:14088: result: yes
configure:14093: checking if g++ supports -c -o file.o
configure:14140: result: yes
configure:14170: checking whether the g++ linker (ld -m elf_x86_64) supports shared libraries
configure:14198: result: yes
configure:14341: checking dynamic linker characteristics
configure:14948: result: GNU/Linux ld.so
configure:15001: checking how to hardcode library paths into programs
configure:15026: result: immediate
configure:15097: checking for dlfcn.h
configure:15097: result: yes
configure:15110: checking for windows.h
configure:15110: gcc -c -fsanitize=address -g  conftest.c >&5
conftest.c:63:21: fatal error: windows.h: No such file or directory
 #include <windows.h>
                     ^
compilation terminated.
configure:15110: $? = 1
configure: failed program was:
| /* confdefs.h */
| #define PACKAGE_NAME "ld"
| #define PACKAGE_TARNAME "ld"
| #define PACKAGE_VERSION "2.29.1"
| #define PACKAGE_STRING "ld 2.29.1"
| #define PACKAGE_BUGREPORT ""
| #define PACKAGE_URL ""
| #define PACKAGE "ld"
| #define VERSION "2.29.1"
| #define STDC_HEADERS 1
| #define HAVE_SYS_TYPES_H 1
| #define HAVE_SYS_STAT_H 1
| #define HAVE_STDLIB_H 1
| #define HAVE_STRING_H 1
| #define HAVE_MEMORY_H 1
| #define HAVE_STRINGS_H 1
| #define HAVE_INTTYPES_H 1
| #define HAVE_STDINT_H 1
| #define HAVE_UNISTD_H 1
| #define __EXTENSIONS__ 1
| #define _ALL_SOURCE 1
| #define _GNU_SOURCE 1
| #define _POSIX_PTHREAD_SEMANTICS 1
| #define _TANDEM_SOURCE 1
| #define HAVE_DLFCN_H 1
| #define LT_OBJDIR ".libs/"
| #define HAVE_DLFCN_H 1
| /* end confdefs.h.  */
| #include <stdio.h>
| #ifdef HAVE_SYS_TYPES_H
| # include <sys/types.h>
| #endif
| #ifdef HAVE_SYS_STAT_H
| # include <sys/stat.h>
| #endif
| #ifdef STDC_HEADERS
| # include <stdlib.h>
| # include <stddef.h>
| #else
| # ifdef HAVE_STDLIB_H
| #  include <stdlib.h>
| # endif
| #endif
| #ifdef HAVE_STRING_H
| # if !defined STDC_HEADERS && defined HAVE_MEMORY_H
| #  include <memory.h>
| # endif
| # include <string.h>
| #endif
| #ifdef HAVE_STRINGS_H
| # include <strings.h>
| #endif
| #ifdef HAVE_INTTYPES_H
| # include <inttypes.h>
| #endif
| #ifdef HAVE_STDINT_H
| # include <stdint.h>
| #endif
| #ifdef HAVE_UNISTD_H
| # include <unistd.h>
| #endif
| 
| #include <windows.h>
configure:15110: result: no
configure:15137: checking for library containing dlopen
configure:15168: gcc -o conftest -fsanitize=address -g  -static-libstdc++ -static-libgcc  conftest.c  >&5
/usr/bin/ld: /tmp/ccUNjgYm.o: undefined reference to symbol 'dlopen@@GLIBC_2.2.5'
//lib/x86_64-linux-gnu/libdl.so.2: error adding symbols: DSO missing from command line
collect2: error: ld returned 1 exit status
configure:15168: $? = 1
configure: failed program was:
| /* confdefs.h */
| #define PACKAGE_NAME "ld"
| #define PACKAGE_TARNAME "ld"
| #define PACKAGE_VERSION "2.29.1"
| #define PACKAGE_STRING "ld 2.29.1"
| #define PACKAGE_BUGREPORT ""
| #define PACKAGE_URL ""
| #define PACKAGE "ld"
| #define VERSION "2.29.1"
| #define STDC_HEADERS 1
| #define HAVE_SYS_TYPES_H 1
| #define HAVE_SYS_STAT_H 1
| #define HAVE_STDLIB_H 1
| #define HAVE_STRING_H 1
| #define HAVE_MEMORY_H 1
| #define HAVE_STRINGS_H 1
| #define HAVE_INTTYPES_H 1
| #define HAVE_STDINT_H 1
| #define HAVE_UNISTD_H 1
| #define __EXTENSIONS__ 1
| #define _ALL_SOURCE 1
| #define _GNU_SOURCE 1
| #define _POSIX_PTHREAD_SEMANTICS 1
| #define _TANDEM_SOURCE 1
| #define HAVE_DLFCN_H 1
| #define LT_OBJDIR ".libs/"
| #define HAVE_DLFCN_H 1
| /* end confdefs.h.  */
| 
| /* Override any GCC internal prototype to avoid an error.
|    Use char because int might match the return type of a GCC
|    builtin and then its argument prototype would still apply.  */
| #ifdef __cplusplus
| extern "C"
| #endif
| char dlopen ();
| int
| main ()
| {
| return dlopen ();
|   ;
|   return 0;
| }
configure:15168: gcc -o conftest -fsanitize=address -g  -static-libstdc++ -static-libgcc  conftest.c -ldl   >&5
configure:15168: $? = 0
configure:15185: result: -ldl
configure:15216: checking for special C compiler options needed for large files
configure:15261: result: no
configure:15267: checking for _FILE_OFFSET_BITS value needed for large files
configure:15292: gcc -c -fsanitize=address -g  conftest.c >&5
configure:15292: $? = 0
configure:15324: result: no
configure:15721: checking for LC_MESSAGES
configure:15737: gcc -o conftest -fsanitize=address -g  -static-libstdc++ -static-libgcc  conftest.c -ldl  >&5
configure:15737: $? = 0
configure:15745: result: yes
configure:15783: checking whether NLS is requested
configure:15789: result: yes
configure:15795: checking for catalogs to be installed
configure:15827: result:  bg da de es fi fr ga id it ja ru sr sv tr uk vi zh_CN zh_TW bg da de es fi fr ga id it ja ru sr sv tr uk vi zh_CN zh_TW
configure:15854: checking whether NLS is requested
configure:15863: result: yes
configure:15901: checking for msgfmt
configure:15932: result: /usr/bin/msgfmt
configure:15941: checking for gmsgfmt
configure:15972: result: /usr/bin/msgfmt
configure:16012: checking for xgettext
configure:16043: result: /usr/bin/xgettext
configure:16083: checking for msgmerge
configure:16113: result: /usr/bin/msgmerge
configure:16155: checking for bison
configure:16182: result: bison -y
configure:16198: checking for flex
configure:16225: result: /home/mdl/jun/afl-ptrix/afl-pt/samples/objdump-samples/target/binutils-2.29.1/missing flex
configure:16357: checking whether to enable maintainer-specific portions of Makefiles
configure:16366: result: no
configure:16387: checking how to compare bootstrapped objects
configure:16412: result: cmp --ignore-initial=16 $$f1 $$f2
configure:16426: checking for string.h
configure:16426: result: yes
configure:16426: checking for strings.h
configure:16426: result: yes
configure:16426: checking for stdlib.h
configure:16426: result: yes
configure:16426: checking for unistd.h
configure:16426: result: yes
configure:16426: checking elf-hints.h usability
configure:16426: gcc -c -fsanitize=address -g  conftest.c >&5
conftest.c:69:23: fatal error: elf-hints.h: No such file or directory
 #include <elf-hints.h>
                       ^
compilation terminated.
configure:16426: $? = 1
configure: failed program was:
| /* confdefs.h */
| #define PACKAGE_NAME "ld"
| #define PACKAGE_TARNAME "ld"
| #define PACKAGE_VERSION "2.29.1"
| #define PACKAGE_STRING "ld 2.29.1"
| #define PACKAGE_BUGREPORT ""
| #define PACKAGE_URL ""
| #define PACKAGE "ld"
| #define VERSION "2.29.1"
| #define STDC_HEADERS 1
| #define HAVE_SYS_TYPES_H 1
| #define HAVE_SYS_STAT_H 1
| #define HAVE_STDLIB_H 1
| #define HAVE_STRING_H 1
| #define HAVE_MEMORY_H 1
| #define HAVE_STRINGS_H 1
| #define HAVE_INTTYPES_H 1
| #define HAVE_STDINT_H 1
| #define HAVE_UNISTD_H 1
| #define __EXTENSIONS__ 1
| #define _ALL_SOURCE 1
| #define _GNU_SOURCE 1
| #define _POSIX_PTHREAD_SEMANTICS 1
| #define _TANDEM_SOURCE 1
| #define HAVE_DLFCN_H 1
| #define LT_OBJDIR ".libs/"
| #define HAVE_DLFCN_H 1
| #define GOT_HANDLING_DEFAULT GOT_HANDLING_TARGET_DEFAULT
| #define HAVE_LC_MESSAGES 1
| #define ENABLE_NLS 1
| #define HAVE_STRING_H 1
| #define HAVE_STRINGS_H 1
| #define HAVE_STDLIB_H 1
| #define HAVE_UNISTD_H 1
| /* end confdefs.h.  */
| #include <stdio.h>
| #ifdef HAVE_SYS_TYPES_H
| # include <sys/types.h>
| #endif
| #ifdef HAVE_SYS_STAT_H
| # include <sys/stat.h>
| #endif
| #ifdef STDC_HEADERS
| # include <stdlib.h>
| # include <stddef.h>
| #else
| # ifdef HAVE_STDLIB_H
| #  include <stdlib.h>
| # endif
| #endif
| #ifdef HAVE_STRING_H
| # if !defined STDC_HEADERS && defined HAVE_MEMORY_H
| #  include <memory.h>
| # endif
| # include <string.h>
| #endif
| #ifdef HAVE_STRINGS_H
| # include <strings.h>
| #endif
| #ifdef HAVE_INTTYPES_H
| # include <inttypes.h>
| #endif
| #ifdef HAVE_STDINT_H
| # include <stdint.h>
| #endif
| #ifdef HAVE_UNISTD_H
| # include <unistd.h>
| #endif
| #include <elf-hints.h>
configure:16426: result: no
configure:16426: checking elf-hints.h presence
configure:16426: gcc -E  conftest.c
conftest.c:36:23: fatal error: elf-hints.h: No such file or directory
 #include <elf-hints.h>
                       ^
compilation terminated.
configure:16426: $? = 1
configure: failed program was:
| /* confdefs.h */
| #define PACKAGE_NAME "ld"
| #define PACKAGE_TARNAME "ld"
| #define PACKAGE_VERSION "2.29.1"
| #define PACKAGE_STRING "ld 2.29.1"
| #define PACKAGE_BUGREPORT ""
| #define PACKAGE_URL ""
| #define PACKAGE "ld"
| #define VERSION "2.29.1"
| #define STDC_HEADERS 1
| #define HAVE_SYS_TYPES_H 1
| #define HAVE_SYS_STAT_H 1
| #define HAVE_STDLIB_H 1
| #define HAVE_STRING_H 1
| #define HAVE_MEMORY_H 1
| #define HAVE_STRINGS_H 1
| #define HAVE_INTTYPES_H 1
| #define HAVE_STDINT_H 1
| #define HAVE_UNISTD_H 1
| #define __EXTENSIONS__ 1
| #define _ALL_SOURCE 1
| #define _GNU_SOURCE 1
| #define _POSIX_PTHREAD_SEMANTICS 1
| #define _TANDEM_SOURCE 1
| #define HAVE_DLFCN_H 1
| #define LT_OBJDIR ".libs/"
| #define HAVE_DLFCN_H 1
| #define GOT_HANDLING_DEFAULT GOT_HANDLING_TARGET_DEFAULT
| #define HAVE_LC_MESSAGES 1
| #define ENABLE_NLS 1
| #define HAVE_STRING_H 1
| #define HAVE_STRINGS_H 1
| #define HAVE_STDLIB_H 1
| #define HAVE_UNISTD_H 1
| /* end confdefs.h.  */
| #include <elf-hints.h>
configure:16426: result: no
configure:16426: checking for elf-hints.h
configure:16426: result: no
configure:16426: checking limits.h usability
configure:16426: gcc -c -fsanitize=address -g  conftest.c >&5
configure:16426: $? = 0
configure:16426: result: yes
configure:16426: checking limits.h presence
configure:16426: gcc -E  conftest.c
configure:16426: $? = 0
configure:16426: result: yes
configure:16426: checking for limits.h
configure:16426: result: yes
configure:16426: checking locale.h usability
configure:16426: gcc -c -fsanitize=address -g  conftest.c >&5
configure:16426: $? = 0
configure:16426: result: yes
configure:16426: checking locale.h presence
configure:16426: gcc -E  conftest.c
configure:16426: $? = 0
configure:16426: result: yes
configure:16426: checking for locale.h
configure:16426: result: yes
configure:16426: checking sys/param.h usability
configure:16426: gcc -c -fsanitize=address -g  conftest.c >&5
configure:16426: $? = 0
configure:16426: result: yes
configure:16426: checking sys/param.h presence
configure:16426: gcc -E  conftest.c
configure:16426: $? = 0
configure:16426: result: yes
configure:16426: checking for sys/param.h
configure:16426: result: yes
configure:16440: checking fcntl.h usability
configure:16440: gcc -c -fsanitize=address -g  conftest.c >&5
configure:16440: $? = 0
configure:16440: result: yes
configure:16440: checking fcntl.h presence
configure:16440: gcc -E  conftest.c
configure:16440: $? = 0
configure:16440: result: yes
configure:16440: checking for fcntl.h
configure:16440: result: yes
configure:16440: checking sys/file.h usability
configure:16440: gcc -c -fsanitize=address -g  conftest.c >&5
configure:16440: $? = 0
configure:16440: result: yes
configure:16440: checking sys/file.h presence
configure:16440: gcc -E  conftest.c
configure:16440: $? = 0
configure:16440: result: yes
configure:16440: checking for sys/file.h
configure:16440: result: yes
configure:16440: checking sys/time.h usability
configure:16440: gcc -c -fsanitize=address -g  conftest.c >&5
configure:16440: $? = 0
configure:16440: result: yes
configure:16440: checking sys/time.h presence
configure:16440: gcc -E  conftest.c
configure:16440: $? = 0
configure:16440: result: yes
configure:16440: checking for sys/time.h
configure:16440: result: yes
configure:16440: checking for sys/stat.h
configure:16440: result: yes
configure:16451: checking whether string.h and strings.h may both be included
configure:16468: gcc -c -fsanitize=address -g  conftest.c >&5
configure:16468: $? = 0
configure:16475: result: yes
configure:16486: checking for glob
configure:16486: gcc -o conftest -fsanitize=address -g  -static-libstdc++ -static-libgcc  conftest.c -ldl  >&5
configure:16486: $? = 0
configure:16486: result: yes
configure:16486: checking for mkstemp
configure:16486: gcc -o conftest -fsanitize=address -g  -static-libstdc++ -static-libgcc  conftest.c -ldl  >&5
configure:16486: $? = 0
configure:16486: result: yes
configure:16486: checking for realpath
configure:16486: gcc -o conftest -fsanitize=address -g  -static-libstdc++ -static-libgcc  conftest.c -ldl  >&5
configure:16486: $? = 0
configure:16486: result: yes
configure:16486: checking for sbrk
configure:16486: gcc -o conftest -fsanitize=address -g  -static-libstdc++ -static-libgcc  conftest.c -ldl  >&5
configure:16486: $? = 0
configure:16486: result: yes
configure:16486: checking for setlocale
configure:16486: gcc -o conftest -fsanitize=address -g  -static-libstdc++ -static-libgcc  conftest.c -ldl  >&5
configure:16486: $? = 0
configure:16486: result: yes
configure:16486: checking for waitpid
configure:16486: gcc -o conftest -fsanitize=address -g  -static-libstdc++ -static-libgcc  conftest.c -ldl  >&5
configure:16486: $? = 0
configure:16486: result: yes
configure:16499: checking for open
configure:16499: gcc -o conftest -fsanitize=address -g  -static-libstdc++ -static-libgcc  conftest.c -ldl  >&5
configure:16499: $? = 0
configure:16499: result: yes
configure:16499: checking for lseek
configure:16499: gcc -o conftest -fsanitize=address -g  -static-libstdc++ -static-libgcc  conftest.c -ldl  >&5
configure:16499: $? = 0
configure:16499: result: yes
configure:16499: checking for close
configure:16499: gcc -o conftest -fsanitize=address -g  -static-libstdc++ -static-libgcc  conftest.c -ldl  >&5
configure:16499: $? = 0
configure:16499: result: yes
configure:16512: checking for dirent.h that defines DIR
configure:16531: gcc -c -fsanitize=address -g  conftest.c >&5
configure:16531: $? = 0
configure:16539: result: yes
configure:16553: checking for library containing opendir
configure:16584: gcc -o conftest -fsanitize=address -g  -static-libstdc++ -static-libgcc  conftest.c -ldl  >&5
configure:16584: $? = 0
configure:16601: result: none required
configure:16672: checking for stdlib.h
configure:16672: result: yes
configure:16672: checking for unistd.h
configure:16672: result: yes
configure:16685: checking for getpagesize
configure:16685: gcc -o conftest -fsanitize=address -g  -static-libstdc++ -static-libgcc  conftest.c -ldl  >&5
configure:16685: $? = 0
configure:16685: result: yes
configure:16694: checking for working mmap
configure:16831: gcc -o conftest -fsanitize=address -g  -static-libstdc++ -static-libgcc  conftest.c -ldl  >&5
configure:16831: $? = 0
configure:16831: ./conftest
configure:16831: $? = 0
configure:16841: result: yes
configure:16851: checking for library containing dlopen
configure:16899: result: -ldl
configure:16933: checking for a known getopt prototype in unistd.h
configure:16949: gcc -c -fsanitize=address -g  conftest.c >&5
configure:16949: $? = 0
configure:16957: result: yes
configure:16973: checking whether strstr is declared
configure:16973: gcc -c -fsanitize=address -g  conftest.c >&5
configure:16973: $? = 0
configure:16973: result: yes
configure:16983: checking whether free is declared
configure:16983: gcc -c -fsanitize=address -g  conftest.c >&5
configure:16983: $? = 0
configure:16983: result: yes
configure:16993: checking whether sbrk is declared
configure:16993: gcc -c -fsanitize=address -g  conftest.c >&5
configure:16993: $? = 0
configure:16993: result: yes
configure:17003: checking whether getenv is declared
configure:17003: gcc -c -fsanitize=address -g  conftest.c >&5
configure:17003: $? = 0
configure:17003: result: yes
configure:17013: checking whether environ is declared
configure:17013: gcc -c -fsanitize=address -g  conftest.c >&5
configure:17013: $? = 0
configure:17013: result: yes
configure:17031: checking whether ANSI C string concatenation works
configure:17047: gcc -c -fsanitize=address -g  conftest.c >&5
configure:17047: $? = 0
configure:17055: result: yes
configure:17081: checking size of void *
configure:17086: gcc -o conftest -fsanitize=address -g  -static-libstdc++ -static-libgcc  conftest.c -ldl -ldl  >&5
configure:17086: $? = 0
configure:17086: ./conftest
configure:17086: $? = 0
configure:17101: result: 8
configure:17354: updating cache ./config.cache
configure:17427: creating ./config.status

## ---------------------- ##
## Running config.status. ##
## ---------------------- ##

This file was extended by ld config.status 2.29.1, which was
generated by GNU Autoconf 2.64.  Invocation command line was

  CONFIG_FILES    = 
  CONFIG_HEADERS  = 
  CONFIG_LINKS    = 
  CONFIG_COMMANDS = 
  $ ./config.status 

on mdl-XPS-8900

config.status:1261: creating Makefile
config.status:1261: creating po/Makefile.in
config.status:1261: creating config.h
config.status:1486: executing depfiles commands
config.status:1486: executing libtool commands
config.status:1486: executing default-1 commands

## ---------------- ##
## Cache variables. ##
## ---------------- ##

ac_cv_build=x86_64-pc-linux-gnu
ac_cv_c_compiler_gnu=yes
ac_cv_cxx_compiler_gnu=yes
ac_cv_env_CCC_set=
ac_cv_env_CCC_value=
ac_cv_env_CC_set=set
ac_cv_env_CC_value=gcc
ac_cv_env_CFLAGS_set=set
ac_cv_env_CFLAGS_value='-fsanitize=address -g'
ac_cv_env_CPPFLAGS_set=
ac_cv_env_CPPFLAGS_value=
ac_cv_env_CPP_set=
ac_cv_env_CPP_value=
ac_cv_env_CXXCPP_set=
ac_cv_env_CXXCPP_value=
ac_cv_env_CXXFLAGS_set=set
ac_cv_env_CXXFLAGS_value='-g -O2'
ac_cv_env_CXX_set=set
ac_cv_env_CXX_value=g++
ac_cv_env_LDFLAGS_set=set
ac_cv_env_LDFLAGS_value='-static-libstdc++ -static-libgcc '
ac_cv_env_LIBS_set=
ac_cv_env_LIBS_value=
ac_cv_env_YACC_set=set
ac_cv_env_YACC_value='bison -y'
ac_cv_env_YFLAGS_set=
ac_cv_env_YFLAGS_value=
ac_cv_env_build_alias_set=set
ac_cv_env_build_alias_value=x86_64-pc-linux-gnu
ac_cv_env_host_alias_set=set
ac_cv_env_host_alias_value=x86_64-pc-linux-gnu
ac_cv_env_target_alias_set=set
ac_cv_env_target_alias_value=x86_64-pc-linux-gnu
ac_cv_func_close=yes
ac_cv_func_getpagesize=yes
ac_cv_func_glob=yes
ac_cv_func_lseek=yes
ac_cv_func_mkstemp=yes
ac_cv_func_mmap_fixed_mapped=yes
ac_cv_func_open=yes
ac_cv_func_realpath=yes
ac_cv_func_sbrk=yes
ac_cv_func_setlocale=yes
ac_cv_func_waitpid=yes
ac_cv_have_decl_environ=yes
ac_cv_have_decl_free=yes
ac_cv_have_decl_getenv=yes
ac_cv_have_decl_sbrk=yes
ac_cv_have_decl_strstr=yes
ac_cv_header_dirent_dirent_h=yes
ac_cv_header_dlfcn_h=yes
ac_cv_header_elf_hints_h=no
ac_cv_header_fcntl_h=yes
ac_cv_header_inttypes_h=yes
ac_cv_header_limits_h=yes
ac_cv_header_locale_h=yes
ac_cv_header_memory_h=yes
ac_cv_header_minix_config_h=no
ac_cv_header_stdc=yes
ac_cv_header_stdint_h=yes
ac_cv_header_stdlib_h=yes
ac_cv_header_string_h=yes
ac_cv_header_strings_h=yes
ac_cv_header_sys_file_h=yes
ac_cv_header_sys_param_h=yes
ac_cv_header_sys_stat_h=yes
ac_cv_header_sys_time_h=yes
ac_cv_header_sys_types_h=yes
ac_cv_header_unistd_h=yes
ac_cv_header_windows_h=no
ac_cv_host=x86_64-pc-linux-gnu
ac_cv_objext=o
ac_cv_path_EGREP='/bin/grep -E'
ac_cv_path_FGREP='/bin/grep -F'
ac_cv_path_GMSGFMT=/usr/bin/msgfmt
ac_cv_path_GREP=/bin/grep
ac_cv_path_MSGFMT=/usr/bin/msgfmt
ac_cv_path_MSGMERGE=/usr/bin/msgmerge
ac_cv_path_SED=/bin/sed
ac_cv_path_XGETTEXT=/usr/bin/xgettext
ac_cv_path_mkdir=/bin/mkdir
ac_cv_prog_AR=ar
ac_cv_prog_AWK=gawk
ac_cv_prog_CC=gcc
ac_cv_prog_CPP='gcc -E'
ac_cv_prog_CXXCPP='g++ -E'
ac_cv_prog_LEX='/home/mdl/jun/afl-ptrix/afl-pt/samples/objdump-samples/target/binutils-2.29.1/missing flex'
ac_cv_prog_OBJDUMP=objdump
ac_cv_prog_RANLIB=ranlib
ac_cv_prog_YACC='bison -y'
ac_cv_prog_ac_ct_STRIP=strip
ac_cv_prog_cc_c89=
ac_cv_prog_cc_g=yes
ac_cv_prog_cxx_g=yes
ac_cv_prog_make_make_set=yes
ac_cv_safe_to_define___extensions__=yes
ac_cv_search_dlopen=-ldl
ac_cv_search_opendir='none required'
ac_cv_search_strerror='none required'
ac_cv_sizeof_void_p=8
ac_cv_sys_file_offset_bits=no
ac_cv_sys_largefile_CC=no
ac_cv_target=x86_64-pc-linux-gnu
am_cv_CC_dependencies_compiler_type=gcc3
am_cv_CXX_dependencies_compiler_type=gcc3
am_cv_val_LC_MESSAGES=yes
gcc_cv_header_string=yes
gcc_cv_prog_cmp_skip='cmp --ignore-initial=16 $$f1 $$f2'
ld_cv_decl_getopt_unistd_h=yes
ld_cv_string_concatenation=yes
lt_cv_archive_cmds_need_lc=no
lt_cv_deplibs_check_method=pass_all
lt_cv_file_magic_cmd='$MAGIC_CMD'
lt_cv_file_magic_test_file=
lt_cv_ld_reload_flag=-r
lt_cv_nm_interface='BSD nm'
lt_cv_objdir=.libs
lt_cv_path_LD=ld
lt_cv_path_LDCXX='ld -m elf_x86_64'
lt_cv_path_NM=nm
lt_cv_prog_compiler_c_o=yes
lt_cv_prog_compiler_c_o_CXX=yes
lt_cv_prog_compiler_pic_works=yes
lt_cv_prog_compiler_pic_works_CXX=yes
lt_cv_prog_compiler_rtti_exceptions=no
lt_cv_prog_compiler_static_works=no
lt_cv_prog_compiler_static_works_CXX=yes
lt_cv_prog_gnu_ld=yes
lt_cv_prog_gnu_ldcxx=yes
lt_cv_shlibpath_overrides_runpath=no
lt_cv_sys_global_symbol_pipe='sed -n -e '\''s/^.*[	 ]\([ABCDGIRSTW][ABCDGIRSTW]*\)[	 ][	 ]*\([_A-Za-z][_A-Za-z0-9]*\)$/\1 \2 \2/p'\'''
lt_cv_sys_global_symbol_to_c_name_address='sed -n -e '\''s/^: \([^ ]*\) $/  {\"\1\", (void *) 0},/p'\'' -e '\''s/^[ABCDGIRSTW]* \([^ ]*\) \([^ ]*\)$/  {"\2", (void *) \&\2},/p'\'''
lt_cv_sys_global_symbol_to_c_name_address_lib_prefix='sed -n -e '\''s/^: \([^ ]*\) $/  {\"\1\", (void *) 0},/p'\'' -e '\''s/^[ABCDGIRSTW]* \([^ ]*\) \(lib[^ ]*\)$/  {"\2", (void *) \&\2},/p'\'' -e '\''s/^[ABCDGIRSTW]* \([^ ]*\) \([^ ]*\)$/  {"lib\2", (void *) \&\2},/p'\'''
lt_cv_sys_global_symbol_to_cdecl='sed -n -e '\''s/^T .* \(.*\)$/extern int \1();/p'\'' -e '\''s/^[ABCDGIRSTW]* .* \(.*\)$/extern char \1;/p'\'''
lt_cv_sys_max_cmd_len=3458764513820540925

## ----------------- ##
## Output variables. ##
## ----------------- ##

ACLOCAL='${SHELL} /home/mdl/jun/afl-ptrix/afl-pt/samples/objdump-samples/target/binutils-2.29.1/missing --run aclocal-1.11'
AMDEPBACKSLASH='\'
AMDEP_FALSE='#'
AMDEP_TRUE=''
AMTAR='$${TAR-tar}'
AR='ar'
AUTOCONF='${SHELL} /home/mdl/jun/afl-ptrix/afl-pt/samples/objdump-samples/target/binutils-2.29.1/missing --run autoconf'
AUTOHEADER='${SHELL} /home/mdl/jun/afl-ptrix/afl-pt/samples/objdump-samples/target/binutils-2.29.1/missing --run autoheader'
AUTOMAKE='${SHELL} /home/mdl/jun/afl-ptrix/afl-pt/samples/objdump-samples/target/binutils-2.29.1/missing --run automake-1.11'
AWK='gawk'
CATALOGS=' bg.gmo da.gmo de.gmo es.gmo fi.gmo fr.gmo ga.gmo id.gmo it.gmo ja.gmo ru.gmo sr.gmo sv.gmo tr.gmo uk.gmo vi.gmo zh_CN.gmo zh_TW.gmo bg.gmo da.gmo de.gmo es.gmo fi.gmo fr.gmo ga.gmo id.gmo it.gmo ja.gmo ru.gmo sr.gmo sv.gmo tr.gmo uk.gmo vi.gmo zh_CN.gmo zh_TW.gmo'
CATOBJEXT='.gmo'
CC='gcc'
CCDEPMODE='depmode=gcc3'
CFLAGS='-fsanitize=address -g'
CPP='gcc -E'
CPPFLAGS=''
CXX='g++'
CXXCPP='g++ -E'
CXXDEPMODE='depmode=gcc3'
CXXFLAGS='-g -O2'
CYGPATH_W='echo'
DATADIRNAME='share'
DEFS='-DHAVE_CONFIG_H'
DEPDIR='.deps'
DSYMUTIL=''
DUMPBIN=''
ECHO_C=''
ECHO_N='-n'
ECHO_T=''
EGREP='/bin/grep -E'
EMUL='elf_x86_64'
EMULATION_LIBPATH='elf_x86_64 elf_i386 elf32_x86_64 elf_l1om elf_k1om'
EMULATION_OFILES=' eelf_x86_64.o eelf32_x86_64.o eelf_i386.o eelf_iamcu.o ei386linux.o eelf_l1om.o eelf_k1om.o'
EMUL_EXTRA_OFILES=''
ENABLE_PLUGINS_FALSE='#'
ENABLE_PLUGINS_TRUE=''
EXEEXT=''
FGREP='/bin/grep -F'
GENCAT='gencat'
GENINSRC_NEVER_FALSE=''
GENINSRC_NEVER_TRUE='#'
GMSGFMT='/usr/bin/msgfmt'
GREP='/bin/grep'
HDEFINES=''
INCINTL=''
INSTALL_DATA='/usr/bin/install -c -m 644'
INSTALL_PROGRAM='/usr/bin/install -c'
INSTALL_SCRIPT='/usr/bin/install -c'
INSTALL_STRIP_PROGRAM='$(install_sh) -c -s'
INSTOBJEXT='.mo'
LD='ld -m elf_x86_64'
LDFLAGS='-static-libstdc++ -static-libgcc '
LEX='/home/mdl/jun/afl-ptrix/afl-pt/samples/objdump-samples/target/binutils-2.29.1/missing flex'
LEXLIB=''
LEX_OUTPUT_ROOT=''
LIBINTL=''
LIBINTL_DEP=''
LIBOBJS=''
LIBS='-ldl -ldl '
LIBTOOL='$(SHELL) $(top_builddir)/libtool'
LIB_PATH=''
LIPO=''
LN_S='ln -s'
LTLIBOBJS=''
MAINT='#'
MAINTAINER_MODE_FALSE=''
MAINTAINER_MODE_TRUE='#'
MAKEINFO='/home/mdl/jun/afl-ptrix/afl-pt/samples/objdump-samples/target/binutils-2.29.1/missing makeinfo --split-size=5000000'
MKDIR_P='/bin/mkdir -p'
MKINSTALLDIRS='$(top_builddir)/./../mkinstalldirs'
MSGFMT='/usr/bin/msgfmt'
MSGMERGE='/usr/bin/msgmerge'
NATIVE_LIB_DIRS='/usr/local/lib /lib /usr/lib'
NM='nm'
NMEDIT=''
NO_WERROR=''
OBJDUMP='objdump'
OBJEXT='o'
OTOOL64=''
OTOOL=''
PACKAGE='ld'
PACKAGE_BUGREPORT=''
PACKAGE_NAME='ld'
PACKAGE_STRING='ld 2.29.1'
PACKAGE_TARNAME='ld'
PACKAGE_URL=''
PACKAGE_VERSION='2.29.1'
PATH_SEPARATOR=':'
POSUB='po'
RANLIB='ranlib'
SED='/bin/sed'
SET_MAKE=''
SHELL='/bin/bash'
STRINGIFY='astring.sed'
STRIP='strip'
TARGET_SYSTEM_ROOT=''
TARGET_SYSTEM_ROOT_DEFINE='-DTARGET_SYSTEM_ROOT=\"\"'
TESTBFDLIB='../bfd/.libs/libbfd.a'
USE_NLS='yes'
VERSION='2.29.1'
WARN_CFLAGS='-W -Wall -Wstrict-prototypes -Wmissing-prototypes -Wshadow'
WARN_CFLAGS_FOR_BUILD='-W -Wall -Wstrict-prototypes -Wmissing-prototypes -Wshadow'
WARN_WRITE_STRINGS='-Wwrite-strings'
XGETTEXT='/usr/bin/xgettext'
YACC='bison -y'
YFLAGS=''
ac_ct_CC=''
ac_ct_CXX=''
ac_ct_DUMPBIN=''
am__EXEEXT_FALSE=''
am__EXEEXT_TRUE='#'
am__fastdepCC_FALSE='#'
am__fastdepCC_TRUE=''
am__fastdepCXX_FALSE='#'
am__fastdepCXX_TRUE=''
am__include='include'
am__isrc=''
am__leading_dot='.'
am__nodep='_no'
am__quote=''
am__tar='$${TAR-tar} chof - "$$tardir"'
am__untar='$${TAR-tar} xf -'
bindir='${exec_prefix}/bin'
build='x86_64-pc-linux-gnu'
build_alias='x86_64-pc-linux-gnu'
build_cpu='x86_64'
build_os='linux-gnu'
build_vendor='pc'
datadir='${datarootdir}'
datarootdir='${prefix}/share'
do_compare='cmp --ignore-initial=16 $$f1 $$f2'
docdir='${datarootdir}/doc/${PACKAGE_TARNAME}'
dvidir='${docdir}'
elf_list_options='TRUE'
elf_plt_unwind_list_options='TRUE'
elf_shlib_list_options='TRUE'
enable_initfini_array='yes'
exec_prefix='${prefix}'
host='x86_64-pc-linux-gnu'
host_alias='x86_64-pc-linux-gnu'
host_cpu='x86_64'
host_os='linux-gnu'
host_vendor='pc'
htmldir='${docdir}'
includedir='${prefix}/include'
infodir='${datarootdir}/info'
install_as_default='yes'
install_sh='${SHELL} /home/mdl/jun/afl-ptrix/afl-pt/samples/objdump-samples/target/binutils-2.29.1/install-sh'
installed_linker='ld.bfd'
libdir='${exec_prefix}/lib'
libexecdir='${exec_prefix}/libexec'
localedir='${datarootdir}/locale'
localstatedir='${prefix}/var'
mandir='${datarootdir}/man'
mkdir_p='/bin/mkdir -p'
oldincludedir='/usr/include'
pdfdir='${docdir}'
prefix='/usr/local'
program_transform_name='s,y,y,'
psdir='${docdir}'
sbindir='${exec_prefix}/sbin'
sharedstatedir='${prefix}/com'
sysconfdir='${prefix}/etc'
target='x86_64-pc-linux-gnu'
target_alias='x86_64-pc-linux-gnu'
target_cpu='x86_64'
target_os='linux-gnu'
target_vendor='pc'
use_sysroot='no'

## ------------------- ##
## File substitutions. ##
## ------------------- ##

TDIRS='tdirs'

## ----------- ##
## confdefs.h. ##
## ----------- ##

/* confdefs.h */
#define PACKAGE_NAME "ld"
#define PACKAGE_TARNAME "ld"
#define PACKAGE_VERSION "2.29.1"
#define PACKAGE_STRING "ld 2.29.1"
#define PACKAGE_BUGREPORT ""
#define PACKAGE_URL ""
#define PACKAGE "ld"
#define VERSION "2.29.1"
#define STDC_HEADERS 1
#define HAVE_SYS_TYPES_H 1
#define HAVE_SYS_STAT_H 1
#define HAVE_STDLIB_H 1
#define HAVE_STRING_H 1
#define HAVE_MEMORY_H 1
#define HAVE_STRINGS_H 1
#define HAVE_INTTYPES_H 1
#define HAVE_STDINT_H 1
#define HAVE_UNISTD_H 1
#define __EXTENSIONS__ 1
#define _ALL_SOURCE 1
#define _GNU_SOURCE 1
#define _POSIX_PTHREAD_SEMANTICS 1
#define _TANDEM_SOURCE 1
#define HAVE_DLFCN_H 1
#define LT_OBJDIR ".libs/"
#define HAVE_DLFCN_H 1
#define GOT_HANDLING_DEFAULT GOT_HANDLING_TARGET_DEFAULT
#define HAVE_LC_MESSAGES 1
#define ENABLE_NLS 1
#define HAVE_STRING_H 1
#define HAVE_STRINGS_H 1
#define HAVE_STDLIB_H 1
#define HAVE_UNISTD_H 1
#define HAVE_LIMITS_H 1
#define HAVE_LOCALE_H 1
#define HAVE_SYS_PARAM_H 1
#define HAVE_FCNTL_H 1
#define HAVE_SYS_FILE_H 1
#define HAVE_SYS_TIME_H 1
#define HAVE_SYS_STAT_H 1
#define STRING_WITH_STRINGS 1
#define HAVE_GLOB 1
#define HAVE_MKSTEMP 1
#define HAVE_REALPATH 1
#define HAVE_SBRK 1
#define HAVE_SETLOCALE 1
#define HAVE_WAITPID 1
#define HAVE_OPEN 1
#define HAVE_LSEEK 1
#define HAVE_CLOSE 1
#define HAVE_DIRENT_H 1
#define HAVE_STDLIB_H 1
#define HAVE_UNISTD_H 1
#define HAVE_GETPAGESIZE 1
#define HAVE_MMAP 1
#define HAVE_INITFINI_ARRAY 1
#define HAVE_DECL_GETOPT 1
#define HAVE_DECL_STRSTR 1
#define HAVE_DECL_FREE 1
#define HAVE_DECL_SBRK 1
#define HAVE_DECL_GETENV 1
#define HAVE_DECL_ENVIRON 1
#define SIZEOF_VOID_P 8
#define DEFAULT_NEW_DTAGS 0
#define DEFAULT_LD_Z_RELRO 1

configure: exit 0
