This file contains any messages produced by compilers while
running configure, to aid debugging if configure makes a mistake.

It was created by configure, which was
generated by GNU Autoconf 2.64.  Invocation command line was

  $ /home/mdl/jun/afl-ptrix/afl-pt/samples/objdump-samples/target/binutils-2.29.1/zlib/configure --srcdir=.././zlib --cache-file=./config.cache --with-gnu-as --with-gnu-ld --program-transform-name=s,y,y, --disable-option-checking --build=x86_64-pc-linux-gnu --host=x86_64-pc-linux-gnu --target=x86_64-pc-linux-gnu

## --------- ##
## Platform. ##
## --------- ##

hostname = mdl-XPS-8900
uname -m = x86_64
uname -r = 4.4.0-31-generic
uname -s = Linux
uname -v = #50~14.04.1-Ubuntu SMP Wed Jul 13 01:07:32 UTC 2016

/usr/bin/uname -p = unknown
/bin/uname -X     = unknown

/bin/arch              = unknown
/usr/bin/arch -k       = unknown
/usr/convex/getsysinfo = unknown
/usr/bin/hostinfo      = unknown
/bin/machine           = unknown
/usr/bin/oslevel       = unknown
/bin/universe          = unknown

PATH: /usr/local/sbin
PATH: /usr/local/bin
PATH: /usr/sbin
PATH: /usr/bin
PATH: /sbin
PATH: /bin
PATH: /usr/games
PATH: /usr/local/games


## ----------- ##
## Core tests. ##
## ----------- ##

configure:2107: creating cache ./config.cache
configure:2252: checking build system type
configure:2266: result: x86_64-pc-linux-gnu
configure:2286: checking host system type
configure:2299: result: x86_64-pc-linux-gnu
configure:2319: checking target system type
configure:2332: result: x86_64-pc-linux-gnu
configure:2380: checking for a BSD-compatible install
configure:2448: result: /usr/bin/install -c
configure:2459: checking whether build environment is sane
configure:2509: result: yes
configure:2650: checking for a thread-safe mkdir -p
configure:2689: result: /bin/mkdir -p
configure:2702: checking for gawk
configure:2729: result: gawk
configure:2740: checking whether make sets $(MAKE)
configure:2762: result: yes
configure:2844: checking whether to enable maintainer-specific portions of Makefiles
configure:2853: result: no
configure:2924: checking for x86_64-pc-linux-gnu-gcc
configure:2951: result: gcc
configure:3220: checking for C compiler version
configure:3229: gcc --version >&5
gcc (Ubuntu 4.8.4-2ubuntu1~14.04.3) 4.8.4
Copyright (C) 2013 Free Software Foundation, Inc.
This is free software; see the source for copying conditions.  There is NO
warranty; not even for MERCHANTABILITY or FITNESS FOR A PARTICULAR PURPOSE.

configure:3240: $? = 0
configure:3229: gcc -v >&5
Using built-in specs.
COLLECT_GCC=gcc
COLLECT_LTO_WRAPPER=/usr/lib/gcc/x86_64-linux-gnu/4.8/lto-wrapper
Target: x86_64-linux-gnu
Configured with: ../src/configure -v --with-pkgversion='Ubuntu 4.8.4-2ubuntu1~14.04.3' --with-bugurl=file:///usr/share/doc/gcc-4.8/README.Bugs --enable-languages=c,c++,java,go,d,fortran,objc,obj-c++ --prefix=/usr --program-suffix=-4.8 --enable-shared --enable-linker-build-id --libexecdir=/usr/lib --without-included-gettext --enable-threads=posix --with-gxx-include-dir=/usr/include/c++/4.8 --libdir=/usr/lib --enable-nls --with-sysroot=/ --enable-clocale=gnu --enable-libstdcxx-debug --enable-libstdcxx-time=yes --enable-gnu-unique-object --disable-libmudflap --enable-plugin --with-system-zlib --disable-browser-plugin --enable-java-awt=gtk --enable-gtk-cairo --with-java-home=/usr/lib/jvm/java-1.5.0-gcj-4.8-amd64/jre --enable-java-home --with-jvm-root-dir=/usr/lib/jvm/java-1.5.0-gcj-4.8-amd64 --with-jvm-jar-dir=/usr/lib/jvm-exports/java-1.5.0-gcj-4.8-amd64 --with-arch-directory=amd64 --with-ecj-jar=/usr/share/java/eclipse-ecj.jar --enable-objc-gc --enable-multiarch --disable-werror --with-arch-32=i686 --with-abi=m64 --with-multilib-list=m32,m64,mx32 --with-tune=generic --enable-checking=release --build=x86_64-linux-gnu --host=x86_64-linux-gnu --target=x86_64-linux-gnu
Thread model: posix
gcc version 4.8.4 (Ubuntu 4.8.4-2ubuntu1~14.04.3) 
configure:3240: $? = 0
configure:3229: gcc -V >&5
gcc: error: unrecognized command line option '-V'
gcc: fatal error: no input files
compilation terminated.
configure:3240: $? = 4
configure:3229: gcc -qversion >&5
gcc: error: unrecognized command line option '-qversion'
gcc: fatal error: no input files
compilation terminated.
configure:3240: $? = 4
configure:3256: gcc -o conftest -fsanitize=address -g  -static-libstdc++ -static-libgcc  conftest.c  >&5
configure:3259: $? = 0
configure:3288: checking for C compiler default output file name
configure:3310: gcc -fsanitize=address -g  -static-libstdc++ -static-libgcc  conftest.c  >&5
configure:3314: $? = 0
configure:3351: result: a.out
configure:3367: checking whether the C compiler works
configure:3376: ./a.out
configure:3380: $? = 0
configure:3395: result: yes
configure:3402: checking whether we are cross compiling
configure:3404: result: no
configure:3407: checking for suffix of executables
configure:3414: gcc -o conftest -fsanitize=address -g  -static-libstdc++ -static-libgcc  conftest.c  >&5
configure:3418: $? = 0
configure:3440: result: 
configure:3447: checking for suffix of object files
configure:3469: gcc -c -fsanitize=address -g  conftest.c >&5
configure:3473: $? = 0
configure:3494: result: o
configure:3498: checking whether we are using the GNU C compiler
configure:3517: gcc -c -fsanitize=address -g  conftest.c >&5
configure:3517: $? = 0
configure:3526: result: yes
configure:3535: checking whether gcc accepts -g
configure:3555: gcc -c -g  conftest.c >&5
configure:3555: $? = 0
configure:3596: result: yes
configure:3613: checking for gcc option to accept ISO C89
configure:3677: gcc  -c -fsanitize=address -g  conftest.c >&5
configure:3677: $? = 0
configure:3690: result: none needed
configure:3721: checking for style of include used by make
configure:3749: result: GNU
configure:3775: checking dependency style of gcc
configure:3886: result: gcc3
configure:3951: checking how to print strings
configure:3978: result: printf
configure:3999: checking for a sed that does not truncate output
configure:4063: result: /bin/sed
configure:4081: checking for grep that handles long lines and -e
configure:4139: result: /bin/grep
configure:4144: checking for egrep
configure:4206: result: /bin/grep -E
configure:4211: checking for fgrep
configure:4273: result: /bin/grep -F
configure:4308: checking for ld used by gcc
configure:4375: result: ld
configure:4382: checking if the linker (ld) is GNU ld
configure:4397: result: yes
configure:4409: checking for BSD- or MS-compatible name lister (nm)
configure:4458: result: nm
configure:4588: checking the name lister (nm) interface
configure:4595: gcc -c -fsanitize=address -g  conftest.c >&5
configure:4598: nm "conftest.o"
configure:4601: output
0000000000000000 t _GLOBAL__sub_D_00099_0_some_variable
0000000000000015 t _GLOBAL__sub_I_00099_1_some_variable
                 U __asan_init_v1
                 U __asan_register_globals
                 U __asan_unregister_globals
0000000000000000 B some_variable
configure:4608: result: BSD nm
configure:4611: checking whether ln -s works
configure:4615: result: yes
configure:4623: checking the maximum length of command line arguments
configure:4748: result: 3458764513820540925
configure:4765: checking whether the shell understands some XSI constructs
configure:4775: result: yes
configure:4779: checking whether the shell understands "+="
configure:4785: result: yes
configure:4820: checking for ld option to reload object files
configure:4827: result: -r
configure:4856: checking for x86_64-pc-linux-gnu-objdump
configure:4883: result: objdump
configure:4955: checking how to recognize dependent libraries
configure:5156: result: pass_all
configure:5176: checking for x86_64-pc-linux-gnu-ar
configure:5203: result: ar
configure:5281: checking for x86_64-pc-linux-gnu-strip
configure:5311: result: no
configure:5321: checking for strip
configure:5337: found /usr/bin/strip
configure:5348: result: strip
configure:5380: checking for x86_64-pc-linux-gnu-ranlib
configure:5407: result: ranlib
configure:5549: checking command to parse nm output from gcc object
configure:5667: gcc -c -fsanitize=address -g  conftest.c >&5
configure:5670: $? = 0
configure:5674: nm conftest.o \| sed -n -e 's/^.*[ ]\([ABCDGIRSTW][ABCDGIRSTW]*\)[ ][ ]*\([_A-Za-z][_A-Za-z0-9]*\)$/\1 \2 \2/p' \> conftest.nm
configure:5677: $? = 0
configure:5731: gcc -o conftest -fsanitize=address -g  -static-libstdc++ -static-libgcc  conftest.c conftstm.o >&5
configure:5734: $? = 0
configure:5772: result: ok
configure:5868: gcc -c -fsanitize=address -g  conftest.c >&5
configure:5871: $? = 0
configure:6630: checking how to run the C preprocessor
configure:6661: gcc -E  conftest.c
configure:6661: $? = 0
configure:6675: gcc -E  conftest.c
conftest.c:11:28: fatal error: ac_nonexistent.h: No such file or directory
 #include <ac_nonexistent.h>
                            ^
compilation terminated.
configure:6675: $? = 1
configure: failed program was:
| /* confdefs.h */
| #define PACKAGE_NAME ""
| #define PACKAGE_TARNAME ""
| #define PACKAGE_VERSION ""
| #define PACKAGE_STRING ""
| #define PACKAGE_BUGREPORT ""
| #define PACKAGE_URL ""
| #define PACKAGE "zlib"
| #define VERSION "1.1.4"
| /* end confdefs.h.  */
| #include <ac_nonexistent.h>
configure:6700: result: gcc -E
configure:6720: gcc -E  conftest.c
configure:6720: $? = 0
configure:6734: gcc -E  conftest.c
conftest.c:11:28: fatal error: ac_nonexistent.h: No such file or directory
 #include <ac_nonexistent.h>
                            ^
compilation terminated.
configure:6734: $? = 1
configure: failed program was:
| /* confdefs.h */
| #define PACKAGE_NAME ""
| #define PACKAGE_TARNAME ""
| #define PACKAGE_VERSION ""
| #define PACKAGE_STRING ""
| #define PACKAGE_BUGREPORT ""
| #define PACKAGE_URL ""
| #define PACKAGE "zlib"
| #define VERSION "1.1.4"
| /* end confdefs.h.  */
| #include <ac_nonexistent.h>
configure:6763: checking for ANSI C header files
configure:6783: gcc -c -fsanitize=address -g  conftest.c >&5
configure:6783: $? = 0
configure:6856: gcc -o conftest -fsanitize=address -g  -static-libstdc++ -static-libgcc  conftest.c  >&5
configure:6856: $? = 0
configure:6856: ./conftest
configure:6856: $? = 0
configure:6867: result: yes
configure:6880: checking for sys/types.h
configure:6880: gcc -c -fsanitize=address -g  conftest.c >&5
configure:6880: $? = 0
configure:6880: result: yes
configure:6880: checking for sys/stat.h
configure:6880: gcc -c -fsanitize=address -g  conftest.c >&5
configure:6880: $? = 0
configure:6880: result: yes
configure:6880: checking for stdlib.h
configure:6880: gcc -c -fsanitize=address -g  conftest.c >&5
configure:6880: $? = 0
configure:6880: result: yes
configure:6880: checking for string.h
configure:6880: gcc -c -fsanitize=address -g  conftest.c >&5
configure:6880: $? = 0
configure:6880: result: yes
configure:6880: checking for memory.h
configure:6880: gcc -c -fsanitize=address -g  conftest.c >&5
configure:6880: $? = 0
configure:6880: result: yes
configure:6880: checking for strings.h
configure:6880: gcc -c -fsanitize=address -g  conftest.c >&5
configure:6880: $? = 0
configure:6880: result: yes
configure:6880: checking for inttypes.h
configure:6880: gcc -c -fsanitize=address -g  conftest.c >&5
configure:6880: $? = 0
configure:6880: result: yes
configure:6880: checking for stdint.h
configure:6880: gcc -c -fsanitize=address -g  conftest.c >&5
configure:6880: $? = 0
configure:6880: result: yes
configure:6880: checking for unistd.h
configure:6880: gcc -c -fsanitize=address -g  conftest.c >&5
configure:6880: $? = 0
configure:6880: result: yes
configure:6895: checking for dlfcn.h
configure:6895: gcc -c -fsanitize=address -g  conftest.c >&5
configure:6895: $? = 0
configure:6895: result: yes
configure:7082: checking for objdir
configure:7097: result: .libs
configure:7368: checking if gcc supports -fno-rtti -fno-exceptions
configure:7386: gcc -c -fsanitize=address -g  -fno-rtti -fno-exceptions conftest.c >&5
cc1: warning: command line option '-fno-rtti' is valid for C++/ObjC++ but not for C [enabled by default]
configure:7390: $? = 0
configure:7403: result: no
configure:7423: checking for gcc option to produce PIC
configure:7709: result: -fPIC -DPIC
configure:7721: checking if gcc PIC flag -fPIC -DPIC works
configure:7739: gcc -c -fsanitize=address -g  -fPIC -DPIC -DPIC conftest.c >&5
configure:7743: $? = 0
configure:7756: result: yes
configure:7780: checking if gcc static flag -static works
configure:7808: result: no
configure:7823: checking if gcc supports -c -o file.o
configure:7844: gcc -c -fsanitize=address -g  -o out/conftest2.o conftest.c >&5
configure:7848: $? = 0
configure:7870: result: yes
configure:7878: checking if gcc supports -c -o file.o
configure:7925: result: yes
configure:7958: checking whether the gcc linker (ld -m elf_x86_64) supports shared libraries
configure:9038: result: yes
configure:9075: checking whether -lc should be explicitly linked in
configure:9083: gcc -c -fsanitize=address -g  conftest.c >&5
configure:9086: $? = 0
configure:9101: gcc -shared  -fPIC -DPIC conftest.o  -v -Wl,-soname -Wl,conftest -o conftest 2\>\&1 \| /bin/grep  -lc  \>/dev/null 2\>\&1
configure:9104: $? = 0
configure:9118: result: no
configure:9283: checking dynamic linker characteristics
configure:9737: gcc -o conftest -fsanitize=address -g  -static-libstdc++ -static-libgcc  -Wl,-rpath -Wl,/foo conftest.c  >&5
configure:9737: $? = 0
configure:9959: result: GNU/Linux ld.so
configure:10066: checking how to hardcode library paths into programs
configure:10091: result: immediate
configure:10646: checking whether stripping libraries is possible
configure:10651: result: yes
configure:10686: checking if libtool supports shared libraries
configure:10688: result: yes
configure:10691: checking whether to build shared libraries
configure:10712: result: yes
configure:10715: checking whether to build static libraries
configure:10719: result: yes
configure:10762: checking how to run the C preprocessor
configure:10832: result: gcc -E
configure:10852: gcc -E  conftest.c
configure:10852: $? = 0
configure:10866: gcc -E  conftest.c
conftest.c:23:28: fatal error: ac_nonexistent.h: No such file or directory
 #include <ac_nonexistent.h>
                            ^
compilation terminated.
configure:10866: $? = 1
configure: failed program was:
| /* confdefs.h */
| #define PACKAGE_NAME ""
| #define PACKAGE_TARNAME ""
| #define PACKAGE_VERSION ""
| #define PACKAGE_STRING ""
| #define PACKAGE_BUGREPORT ""
| #define PACKAGE_URL ""
| #define PACKAGE "zlib"
| #define VERSION "1.1.4"
| #define STDC_HEADERS 1
| #define HAVE_SYS_TYPES_H 1
| #define HAVE_SYS_STAT_H 1
| #define HAVE_STDLIB_H 1
| #define HAVE_STRING_H 1
| #define HAVE_MEMORY_H 1
| #define HAVE_STRINGS_H 1
| #define HAVE_INTTYPES_H 1
| #define HAVE_STDINT_H 1
| #define HAVE_UNISTD_H 1
| #define HAVE_DLFCN_H 1
| #define LT_OBJDIR ".libs/"
| /* end confdefs.h.  */
| #include <ac_nonexistent.h>
configure:10919: checking for stdlib.h
configure:10919: result: yes
configure:10919: checking for unistd.h
configure:10919: result: yes
configure:10932: checking for getpagesize
configure:10932: gcc -o conftest -fsanitize=address -g  -static-libstdc++ -static-libgcc  conftest.c  >&5
configure:10932: $? = 0
configure:10932: result: yes
configure:10941: checking for working mmap
configure:11078: gcc -o conftest -fsanitize=address -g  -static-libstdc++ -static-libgcc  conftest.c  >&5
configure:11078: $? = 0
configure:11078: ./conftest
configure:11078: $? = 0
configure:11088: result: yes
configure:11101: checking for memcpy
configure:11101: gcc -o conftest -fsanitize=address -g  -static-libstdc++ -static-libgcc  conftest.c  >&5
conftest.c:50:6: warning: conflicting types for built-in function 'memcpy' [enabled by default]
 char memcpy ();
      ^
configure:11101: $? = 0
configure:11101: result: yes
configure:11101: checking for strerror
configure:11101: gcc -o conftest -fsanitize=address -g  -static-libstdc++ -static-libgcc  conftest.c  >&5
configure:11101: $? = 0
configure:11101: result: yes
configure:11167: checking for unistd.h
configure:11167: result: yes
configure:11289: updating cache ./config.cache
configure:11386: creating ./config.status

## ---------------------- ##
## Running config.status. ##
## ---------------------- ##

This file was extended by config.status, which was
generated by GNU Autoconf 2.64.  Invocation command line was

  CONFIG_FILES    = 
  CONFIG_HEADERS  = 
  CONFIG_LINKS    = 
  CONFIG_COMMANDS = 
  $ ./config.status 

on mdl-XPS-8900

config.status:1015: creating Makefile
config.status:1178: executing depfiles commands
config.status:1178: executing libtool commands

## ---------------- ##
## Cache variables. ##
## ---------------- ##

ac_cv_build=x86_64-pc-linux-gnu
ac_cv_c_compiler_gnu=yes
ac_cv_env_CPPFLAGS_set=
ac_cv_env_CPPFLAGS_value=
ac_cv_env_CPP_set=
ac_cv_env_CPP_value=
ac_cv_env_build_alias_set=set
ac_cv_env_build_alias_value=x86_64-pc-linux-gnu
ac_cv_env_host_alias_set=set
ac_cv_env_host_alias_value=x86_64-pc-linux-gnu
ac_cv_env_target_alias_set=set
ac_cv_env_target_alias_value=x86_64-pc-linux-gnu
ac_cv_func_getpagesize=yes
ac_cv_func_memcpy=yes
ac_cv_func_mmap_fixed_mapped=yes
ac_cv_func_strerror=yes
ac_cv_header_dlfcn_h=yes
ac_cv_header_inttypes_h=yes
ac_cv_header_memory_h=yes
ac_cv_header_stdc=yes
ac_cv_header_stdint_h=yes
ac_cv_header_stdlib_h=yes
ac_cv_header_string_h=yes
ac_cv_header_strings_h=yes
ac_cv_header_sys_stat_h=yes
ac_cv_header_sys_types_h=yes
ac_cv_header_unistd_h=yes
ac_cv_host=x86_64-pc-linux-gnu
ac_cv_objext=o
ac_cv_path_EGREP='/bin/grep -E'
ac_cv_path_FGREP='/bin/grep -F'
ac_cv_path_GREP=/bin/grep
ac_cv_path_SED=/bin/sed
ac_cv_path_mkdir=/bin/mkdir
ac_cv_prog_AR=ar
ac_cv_prog_AWK=gawk
ac_cv_prog_CC=gcc
ac_cv_prog_CPP='gcc -E'
ac_cv_prog_OBJDUMP=objdump
ac_cv_prog_RANLIB=ranlib
ac_cv_prog_ac_ct_STRIP=strip
ac_cv_prog_cc_c89=
ac_cv_prog_cc_g=yes
ac_cv_prog_make_make_set=yes
ac_cv_target=x86_64-pc-linux-gnu
am_cv_CC_dependencies_compiler_type=gcc3
lt_cv_archive_cmds_need_lc=no
lt_cv_deplibs_check_method=pass_all
lt_cv_file_magic_cmd='$MAGIC_CMD'
lt_cv_file_magic_test_file=
lt_cv_ld_reload_flag=-r
lt_cv_nm_interface='BSD nm'
lt_cv_objdir=.libs
lt_cv_path_LD=ld
lt_cv_path_NM=nm
lt_cv_prog_compiler_c_o=yes
lt_cv_prog_compiler_pic_works=yes
lt_cv_prog_compiler_rtti_exceptions=no
lt_cv_prog_compiler_static_works=no
lt_cv_prog_gnu_ld=yes
lt_cv_shlibpath_overrides_runpath=no
lt_cv_sys_global_symbol_pipe='sed -n -e '\''s/^.*[	 ]\([ABCDGIRSTW][ABCDGIRSTW]*\)[	 ][	 ]*\([_A-Za-z][_A-Za-z0-9]*\)$/\1 \2 \2/p'\'''
lt_cv_sys_global_symbol_to_c_name_address='sed -n -e '\''s/^: \([^ ]*\) $/  {\"\1\", (void *) 0},/p'\'' -e '\''s/^[ABCDGIRSTW]* \([^ ]*\) \([^ ]*\)$/  {"\2", (void *) \&\2},/p'\'''
lt_cv_sys_global_symbol_to_c_name_address_lib_prefix='sed -n -e '\''s/^: \([^ ]*\) $/  {\"\1\", (void *) 0},/p'\'' -e '\''s/^[ABCDGIRSTW]* \([^ ]*\) \(lib[^ ]*\)$/  {"\2", (void *) \&\2},/p'\'' -e '\''s/^[ABCDGIRSTW]* \([^ ]*\) \([^ ]*\)$/  {"lib\2", (void *) \&\2},/p'\'''
lt_cv_sys_global_symbol_to_cdecl='sed -n -e '\''s/^T .* \(.*\)$/extern int \1();/p'\'' -e '\''s/^[ABCDGIRSTW]* .* \(.*\)$/extern char \1;/p'\'''
lt_cv_sys_max_cmd_len=3458764513820540925

## ----------------- ##
## Output variables. ##
## ----------------- ##

ACLOCAL='${SHELL} /home/mdl/jun/afl-ptrix/afl-pt/samples/objdump-samples/target/binutils-2.29.1/missing --run aclocal-1.11'
AMDEPBACKSLASH='\'
AMDEP_FALSE='#'
AMDEP_TRUE=''
AMTAR='$${TAR-tar}'
AR='ar'
AUTOCONF='${SHELL} /home/mdl/jun/afl-ptrix/afl-pt/samples/objdump-samples/target/binutils-2.29.1/missing --run autoconf'
AUTOHEADER='${SHELL} /home/mdl/jun/afl-ptrix/afl-pt/samples/objdump-samples/target/binutils-2.29.1/missing --run autoheader'
AUTOMAKE='${SHELL} /home/mdl/jun/afl-ptrix/afl-pt/samples/objdump-samples/target/binutils-2.29.1/missing --run automake-1.11'
AWK='gawk'
CC='gcc'
CCDEPMODE='depmode=gcc3'
CFLAGS='-fsanitize=address -g'
COMPPATH='.'
CPP='gcc -E'
CPPFLAGS=''
CYGPATH_W='echo'
DEFS='-DPACKAGE_NAME=\"\" -DPACKAGE_TARNAME=\"\" -DPACKAGE_VERSION=\"\" -DPACKAGE_STRING=\"\" -DPACKAGE_BUGREPORT=\"\" -DPACKAGE_URL=\"\" -DPACKAGE=\"zlib\" -DVERSION=\"1.1.4\" -DSTDC_HEADERS=1 -DHAVE_SYS_TYPES_H=1 -DHAVE_SYS_STAT_H=1 -DHAVE_STDLIB_H=1 -DHAVE_STRING_H=1 -DHAVE_MEMORY_H=1 -DHAVE_STRINGS_H=1 -DHAVE_INTTYPES_H=1 -DHAVE_STDINT_H=1 -DHAVE_UNISTD_H=1 -DHAVE_DLFCN_H=1 -DLT_OBJDIR=\".libs/\" -DHAVE_STDLIB_H=1 -DHAVE_UNISTD_H=1 -DHAVE_GETPAGESIZE=1 -DHAVE_MMAP=1 -DHAVE_MEMCPY=1 -DHAVE_STRERROR=1 -DHAVE_UNISTD_H=1'
DEPDIR='.deps'
DSYMUTIL=''
DUMPBIN=''
ECHO_C=''
ECHO_N='-n'
ECHO_T=''
EGREP='/bin/grep -E'
EXEEXT=''
FGREP='/bin/grep -F'
GREP='/bin/grep'
INSTALL_DATA='/usr/bin/install -c -m 644'
INSTALL_PROGRAM='/usr/bin/install -c'
INSTALL_SCRIPT='/usr/bin/install -c'
INSTALL_STRIP_PROGRAM='$(install_sh) -c -s'
LD='ld -m elf_x86_64'
LDFLAGS='-static-libstdc++ -static-libgcc '
LIBOBJS=''
LIBS=''
LIBTOOL='$(SHELL) $(top_builddir)/libtool'
LIPO=''
LN_S='ln -s'
LTLIBOBJS=''
MAINT='#'
MAINTAINER_MODE_FALSE=''
MAINTAINER_MODE_TRUE='#'
MAKEINFO='/home/mdl/jun/afl-ptrix/afl-pt/samples/objdump-samples/target/binutils-2.29.1/missing makeinfo --split-size=5000000'
MKDIR_P='/bin/mkdir -p'
NM='nm'
NMEDIT=''
OBJDUMP='objdump'
OBJEXT='o'
OTOOL64=''
OTOOL=''
PACKAGE='zlib'
PACKAGE_BUGREPORT=''
PACKAGE_NAME=''
PACKAGE_STRING=''
PACKAGE_TARNAME=''
PACKAGE_URL=''
PACKAGE_VERSION=''
PATH_SEPARATOR=':'
PICFLAG=''
RANLIB='ranlib'
SED='/bin/sed'
SET_MAKE=''
SHELL='/bin/bash'
STRIP='strip'
TARGET_LIBRARY_FALSE=''
TARGET_LIBRARY_TRUE='#'
VERSION='1.1.4'
ac_ct_CC=''
ac_ct_DUMPBIN=''
am__EXEEXT_FALSE=''
am__EXEEXT_TRUE='#'
am__fastdepCC_FALSE='#'
am__fastdepCC_TRUE=''
am__include='include'
am__isrc=''
am__leading_dot='.'
am__nodep='_no'
am__quote=''
am__tar='$${TAR-tar} chof - "$$tardir"'
am__untar='$${TAR-tar} xf -'
bindir='${exec_prefix}/bin'
build='x86_64-pc-linux-gnu'
build_alias='x86_64-pc-linux-gnu'
build_cpu='x86_64'
build_os='linux-gnu'
build_vendor='pc'
datadir='${datarootdir}'
datarootdir='${prefix}/share'
docdir='${datarootdir}/doc/${PACKAGE}'
dvidir='${docdir}'
exec_prefix='${prefix}'
host='x86_64-pc-linux-gnu'
host_alias='x86_64-pc-linux-gnu'
host_cpu='x86_64'
host_os='linux-gnu'
host_vendor='pc'
htmldir='${docdir}'
includedir='${prefix}/include'
infodir='${datarootdir}/info'
install_sh='${SHELL} /home/mdl/jun/afl-ptrix/afl-pt/samples/objdump-samples/target/binutils-2.29.1/install-sh'
libdir='${exec_prefix}/lib'
libexecdir='${exec_prefix}/libexec'
localedir='${datarootdir}/locale'
localstatedir='${prefix}/var'
mandir='${datarootdir}/man'
mkdir_p='/bin/mkdir -p'
mkinstalldirs='/home/mdl/jun/afl-ptrix/afl-pt/samples/objdump-samples/target/binutils-2.29.1/mkinstalldirs'
multi_basedir=''
oldincludedir='/usr/include'
pdfdir='${docdir}'
prefix='/usr/local'
program_transform_name='s,y,y,'
psdir='${docdir}'
sbindir='${exec_prefix}/sbin'
sharedstatedir='${prefix}/com'
sysconfdir='${prefix}/etc'
target='x86_64-pc-linux-gnu'
target_alias='x86_64-pc-linux-gnu'
target_all='libzgcj.la'
target_cpu='x86_64'
target_os='linux-gnu'
target_vendor='pc'
toolexecdir='$(libdir)/gcc-lib/$(target_alias)'
toolexeclibdir='$(libdir)/../lib'

## ----------- ##
## confdefs.h. ##
## ----------- ##

/* confdefs.h */
#define PACKAGE_NAME ""
#define PACKAGE_TARNAME ""
#define PACKAGE_VERSION ""
#define PACKAGE_STRING ""
#define PACKAGE_BUGREPORT ""
#define PACKAGE_URL ""
#define PACKAGE "zlib"
#define VERSION "1.1.4"
#define STDC_HEADERS 1
#define HAVE_SYS_TYPES_H 1
#define HAVE_SYS_STAT_H 1
#define HAVE_STDLIB_H 1
#define HAVE_STRING_H 1
#define HAVE_MEMORY_H 1
#define HAVE_STRINGS_H 1
#define HAVE_INTTYPES_H 1
#define HAVE_STDINT_H 1
#define HAVE_UNISTD_H 1
#define HAVE_DLFCN_H 1
#define LT_OBJDIR ".libs/"
#define HAVE_STDLIB_H 1
#define HAVE_UNISTD_H 1
#define HAVE_GETPAGESIZE 1
#define HAVE_MMAP 1
#define HAVE_MEMCPY 1
#define HAVE_STRERROR 1
#define HAVE_UNISTD_H 1

configure: exit 0
