This file contains any messages produced by compilers while
running configure, to aid debugging if configure makes a mistake.

It was created by opcodes configure 2.29.1, which was
generated by GNU Autoconf 2.64.  Invocation command line was

  $ /home/mdl/jun/afl-ptrix/afl-pt/samples/objdump-samples/target/binutils-2.29.1/opcodes/configure --srcdir=.././opcodes --cache-file=./config.cache --with-gnu-as --with-gnu-ld --program-transform-name=s,y,y, --disable-option-checking --build=x86_64-pc-linux-gnu --host=x86_64-pc-linux-gnu --target=x86_64-pc-linux-gnu

## --------- ##
## Platform. ##
## --------- ##

hostname = mdl-XPS-8900
uname -m = x86_64
uname -r = 4.4.0-31-generic
uname -s = Linux
uname -v = #50~14.04.1-Ubuntu SMP Wed Jul 13 01:07:32 UTC 2016

/usr/bin/uname -p = unknown
/bin/uname -X     = unknown

/bin/arch              = unknown
/usr/bin/arch -k       = unknown
/usr/convex/getsysinfo = unknown
/usr/bin/hostinfo      = unknown
/bin/machine           = unknown
/usr/bin/oslevel       = unknown
/bin/universe          = unknown

PATH: /usr/local/sbin
PATH: /usr/local/bin
PATH: /usr/sbin
PATH: /usr/bin
PATH: /sbin
PATH: /bin
PATH: /usr/games
PATH: /usr/local/games


## ----------- ##
## Core tests. ##
## ----------- ##

configure:2187: creating cache ./config.cache
configure:2292: checking build system type
configure:2306: result: x86_64-pc-linux-gnu
configure:2326: checking host system type
configure:2339: result: x86_64-pc-linux-gnu
configure:2359: checking target system type
configure:2372: result: x86_64-pc-linux-gnu
configure:2406: checking for x86_64-pc-linux-gnu-gcc
configure:2433: result: gcc
configure:2702: checking for C compiler version
configure:2711: gcc --version >&5
gcc (Ubuntu 4.8.4-2ubuntu1~14.04.3) 4.8.4
Copyright (C) 2013 Free Software Foundation, Inc.
This is free software; see the source for copying conditions.  There is NO
warranty; not even for MERCHANTABILITY or FITNESS FOR A PARTICULAR PURPOSE.

configure:2722: $? = 0
configure:2711: gcc -v >&5
Using built-in specs.
COLLECT_GCC=gcc
COLLECT_LTO_WRAPPER=/usr/lib/gcc/x86_64-linux-gnu/4.8/lto-wrapper
Target: x86_64-linux-gnu
Configured with: ../src/configure -v --with-pkgversion='Ubuntu 4.8.4-2ubuntu1~14.04.3' --with-bugurl=file:///usr/share/doc/gcc-4.8/README.Bugs --enable-languages=c,c++,java,go,d,fortran,objc,obj-c++ --prefix=/usr --program-suffix=-4.8 --enable-shared --enable-linker-build-id --libexecdir=/usr/lib --without-included-gettext --enable-threads=posix --with-gxx-include-dir=/usr/include/c++/4.8 --libdir=/usr/lib --enable-nls --with-sysroot=/ --enable-clocale=gnu --enable-libstdcxx-debug --enable-libstdcxx-time=yes --enable-gnu-unique-object --disable-libmudflap --enable-plugin --with-system-zlib --disable-browser-plugin --enable-java-awt=gtk --enable-gtk-cairo --with-java-home=/usr/lib/jvm/java-1.5.0-gcj-4.8-amd64/jre --enable-java-home --with-jvm-root-dir=/usr/lib/jvm/java-1.5.0-gcj-4.8-amd64 --with-jvm-jar-dir=/usr/lib/jvm-exports/java-1.5.0-gcj-4.8-amd64 --with-arch-directory=amd64 --with-ecj-jar=/usr/share/java/eclipse-ecj.jar --enable-objc-gc --enable-multiarch --disable-werror --with-arch-32=i686 --with-abi=m64 --with-multilib-list=m32,m64,mx32 --with-tune=generic --enable-checking=release --build=x86_64-linux-gnu --host=x86_64-linux-gnu --target=x86_64-linux-gnu
Thread model: posix
gcc version 4.8.4 (Ubuntu 4.8.4-2ubuntu1~14.04.3) 
configure:2722: $? = 0
configure:2711: gcc -V >&5
gcc: error: unrecognized command line option '-V'
gcc: fatal error: no input files
compilation terminated.
configure:2722: $? = 4
configure:2711: gcc -qversion >&5
gcc: error: unrecognized command line option '-qversion'
gcc: fatal error: no input files
compilation terminated.
configure:2722: $? = 4
configure:2742: checking for C compiler default output file name
configure:2764: gcc -fsanitize=address -g  -static-libstdc++ -static-libgcc  conftest.c  >&5
configure:2768: $? = 0
configure:2805: result: a.out
configure:2821: checking whether the C compiler works
configure:2830: ./a.out
configure:2834: $? = 0
configure:2849: result: yes
configure:2856: checking whether we are cross compiling
configure:2858: result: no
configure:2861: checking for suffix of executables
configure:2868: gcc -o conftest -fsanitize=address -g  -static-libstdc++ -static-libgcc  conftest.c  >&5
configure:2872: $? = 0
configure:2894: result: 
configure:2900: checking for suffix of object files
configure:2922: gcc -c -fsanitize=address -g  conftest.c >&5
configure:2926: $? = 0
configure:2947: result: o
configure:2951: checking whether we are using the GNU C compiler
configure:2970: gcc -c -fsanitize=address -g  conftest.c >&5
configure:2970: $? = 0
configure:2979: result: yes
configure:2988: checking whether gcc accepts -g
configure:3008: gcc -c -g  conftest.c >&5
configure:3008: $? = 0
configure:3049: result: yes
configure:3066: checking for gcc option to accept ISO C89
configure:3130: gcc  -c -fsanitize=address -g  conftest.c >&5
configure:3130: $? = 0
configure:3143: result: none needed
configure:3164: checking for library containing strerror
configure:3195: gcc -o conftest -fsanitize=address -g  -static-libstdc++ -static-libgcc  conftest.c  >&5
configure:3195: $? = 0
configure:3212: result: none required
configure:3237: checking for a BSD-compatible install
configure:3305: result: /usr/bin/install -c
configure:3316: checking whether build environment is sane
configure:3366: result: yes
configure:3507: checking for a thread-safe mkdir -p
configure:3546: result: /bin/mkdir -p
configure:3559: checking for gawk
configure:3586: result: gawk
configure:3597: checking whether make sets $(MAKE)
configure:3619: result: yes
configure:3649: checking for style of include used by make
configure:3677: result: GNU
configure:3763: checking dependency style of gcc
configure:3874: result: gcc3
configure:3899: checking for x86_64-pc-linux-gnu-gcc
configure:3926: result: gcc
configure:4195: checking for C compiler version
configure:4204: gcc --version >&5
gcc (Ubuntu 4.8.4-2ubuntu1~14.04.3) 4.8.4
Copyright (C) 2013 Free Software Foundation, Inc.
This is free software; see the source for copying conditions.  There is NO
warranty; not even for MERCHANTABILITY or FITNESS FOR A PARTICULAR PURPOSE.

configure:4215: $? = 0
configure:4204: gcc -v >&5
Using built-in specs.
COLLECT_GCC=gcc
COLLECT_LTO_WRAPPER=/usr/lib/gcc/x86_64-linux-gnu/4.8/lto-wrapper
Target: x86_64-linux-gnu
Configured with: ../src/configure -v --with-pkgversion='Ubuntu 4.8.4-2ubuntu1~14.04.3' --with-bugurl=file:///usr/share/doc/gcc-4.8/README.Bugs --enable-languages=c,c++,java,go,d,fortran,objc,obj-c++ --prefix=/usr --program-suffix=-4.8 --enable-shared --enable-linker-build-id --libexecdir=/usr/lib --without-included-gettext --enable-threads=posix --with-gxx-include-dir=/usr/include/c++/4.8 --libdir=/usr/lib --enable-nls --with-sysroot=/ --enable-clocale=gnu --enable-libstdcxx-debug --enable-libstdcxx-time=yes --enable-gnu-unique-object --disable-libmudflap --enable-plugin --with-system-zlib --disable-browser-plugin --enable-java-awt=gtk --enable-gtk-cairo --with-java-home=/usr/lib/jvm/java-1.5.0-gcj-4.8-amd64/jre --enable-java-home --with-jvm-root-dir=/usr/lib/jvm/java-1.5.0-gcj-4.8-amd64 --with-jvm-jar-dir=/usr/lib/jvm-exports/java-1.5.0-gcj-4.8-amd64 --with-arch-directory=amd64 --with-ecj-jar=/usr/share/java/eclipse-ecj.jar --enable-objc-gc --enable-multiarch --disable-werror --with-arch-32=i686 --with-abi=m64 --with-multilib-list=m32,m64,mx32 --with-tune=generic --enable-checking=release --build=x86_64-linux-gnu --host=x86_64-linux-gnu --target=x86_64-linux-gnu
Thread model: posix
gcc version 4.8.4 (Ubuntu 4.8.4-2ubuntu1~14.04.3) 
configure:4215: $? = 0
configure:4204: gcc -V >&5
gcc: error: unrecognized command line option '-V'
gcc: fatal error: no input files
compilation terminated.
configure:4215: $? = 4
configure:4204: gcc -qversion >&5
gcc: error: unrecognized command line option '-qversion'
gcc: fatal error: no input files
compilation terminated.
configure:4215: $? = 4
configure:4219: checking whether we are using the GNU C compiler
configure:4247: result: yes
configure:4256: checking whether gcc accepts -g
configure:4317: result: yes
configure:4334: checking for gcc option to accept ISO C89
configure:4411: result: none needed
configure:4436: checking how to run the C preprocessor
configure:4467: gcc -E  conftest.c
configure:4467: $? = 0
configure:4481: gcc -E  conftest.c
conftest.c:11:28: fatal error: ac_nonexistent.h: No such file or directory
 #include <ac_nonexistent.h>
                            ^
compilation terminated.
configure:4481: $? = 1
configure: failed program was:
| /* confdefs.h */
| #define PACKAGE_NAME "opcodes"
| #define PACKAGE_TARNAME "opcodes"
| #define PACKAGE_VERSION "2.29.1"
| #define PACKAGE_STRING "opcodes 2.29.1"
| #define PACKAGE_BUGREPORT ""
| #define PACKAGE_URL ""
| #define PACKAGE "opcodes"
| #define VERSION "2.29.1"
| /* end confdefs.h.  */
| #include <ac_nonexistent.h>
configure:4506: result: gcc -E
configure:4526: gcc -E  conftest.c
configure:4526: $? = 0
configure:4540: gcc -E  conftest.c
conftest.c:11:28: fatal error: ac_nonexistent.h: No such file or directory
 #include <ac_nonexistent.h>
                            ^
compilation terminated.
configure:4540: $? = 1
configure: failed program was:
| /* confdefs.h */
| #define PACKAGE_NAME "opcodes"
| #define PACKAGE_TARNAME "opcodes"
| #define PACKAGE_VERSION "2.29.1"
| #define PACKAGE_STRING "opcodes 2.29.1"
| #define PACKAGE_BUGREPORT ""
| #define PACKAGE_URL ""
| #define PACKAGE "opcodes"
| #define VERSION "2.29.1"
| /* end confdefs.h.  */
| #include <ac_nonexistent.h>
configure:4569: checking for grep that handles long lines and -e
configure:4627: result: /bin/grep
configure:4632: checking for egrep
configure:4694: result: /bin/grep -E
configure:4699: checking for ANSI C header files
configure:4719: gcc -c -fsanitize=address -g  conftest.c >&5
configure:4719: $? = 0
configure:4792: gcc -o conftest -fsanitize=address -g  -static-libstdc++ -static-libgcc  conftest.c  >&5
configure:4792: $? = 0
configure:4792: ./conftest
configure:4792: $? = 0
configure:4803: result: yes
configure:4816: checking for sys/types.h
configure:4816: gcc -c -fsanitize=address -g  conftest.c >&5
configure:4816: $? = 0
configure:4816: result: yes
configure:4816: checking for sys/stat.h
configure:4816: gcc -c -fsanitize=address -g  conftest.c >&5
configure:4816: $? = 0
configure:4816: result: yes
configure:4816: checking for stdlib.h
configure:4816: gcc -c -fsanitize=address -g  conftest.c >&5
configure:4816: $? = 0
configure:4816: result: yes
configure:4816: checking for string.h
configure:4816: gcc -c -fsanitize=address -g  conftest.c >&5
configure:4816: $? = 0
configure:4816: result: yes
configure:4816: checking for memory.h
configure:4816: gcc -c -fsanitize=address -g  conftest.c >&5
configure:4816: $? = 0
configure:4816: result: yes
configure:4816: checking for strings.h
configure:4816: gcc -c -fsanitize=address -g  conftest.c >&5
configure:4816: $? = 0
configure:4816: result: yes
configure:4816: checking for inttypes.h
configure:4816: gcc -c -fsanitize=address -g  conftest.c >&5
configure:4816: $? = 0
configure:4816: result: yes
configure:4816: checking for stdint.h
configure:4816: gcc -c -fsanitize=address -g  conftest.c >&5
configure:4816: $? = 0
configure:4816: result: yes
configure:4816: checking for unistd.h
configure:4816: gcc -c -fsanitize=address -g  conftest.c >&5
configure:4816: $? = 0
configure:4816: result: yes
configure:4830: checking minix/config.h usability
configure:4830: gcc -c -fsanitize=address -g  conftest.c >&5
conftest.c:54:26: fatal error: minix/config.h: No such file or directory
 #include <minix/config.h>
                          ^
compilation terminated.
configure:4830: $? = 1
configure: failed program was:
| /* confdefs.h */
| #define PACKAGE_NAME "opcodes"
| #define PACKAGE_TARNAME "opcodes"
| #define PACKAGE_VERSION "2.29.1"
| #define PACKAGE_STRING "opcodes 2.29.1"
| #define PACKAGE_BUGREPORT ""
| #define PACKAGE_URL ""
| #define PACKAGE "opcodes"
| #define VERSION "2.29.1"
| #define STDC_HEADERS 1
| #define HAVE_SYS_TYPES_H 1
| #define HAVE_SYS_STAT_H 1
| #define HAVE_STDLIB_H 1
| #define HAVE_STRING_H 1
| #define HAVE_MEMORY_H 1
| #define HAVE_STRINGS_H 1
| #define HAVE_INTTYPES_H 1
| #define HAVE_STDINT_H 1
| #define HAVE_UNISTD_H 1
| /* end confdefs.h.  */
| #include <stdio.h>
| #ifdef HAVE_SYS_TYPES_H
| # include <sys/types.h>
| #endif
| #ifdef HAVE_SYS_STAT_H
| # include <sys/stat.h>
| #endif
| #ifdef STDC_HEADERS
| # include <stdlib.h>
| # include <stddef.h>
| #else
| # ifdef HAVE_STDLIB_H
| #  include <stdlib.h>
| # endif
| #endif
| #ifdef HAVE_STRING_H
| # if !defined STDC_HEADERS && defined HAVE_MEMORY_H
| #  include <memory.h>
| # endif
| # include <string.h>
| #endif
| #ifdef HAVE_STRINGS_H
| # include <strings.h>
| #endif
| #ifdef HAVE_INTTYPES_H
| # include <inttypes.h>
| #endif
| #ifdef HAVE_STDINT_H
| # include <stdint.h>
| #endif
| #ifdef HAVE_UNISTD_H
| # include <unistd.h>
| #endif
| #include <minix/config.h>
configure:4830: result: no
configure:4830: checking minix/config.h presence
configure:4830: gcc -E  conftest.c
conftest.c:21:26: fatal error: minix/config.h: No such file or directory
 #include <minix/config.h>
                          ^
compilation terminated.
configure:4830: $? = 1
configure: failed program was:
| /* confdefs.h */
| #define PACKAGE_NAME "opcodes"
| #define PACKAGE_TARNAME "opcodes"
| #define PACKAGE_VERSION "2.29.1"
| #define PACKAGE_STRING "opcodes 2.29.1"
| #define PACKAGE_BUGREPORT ""
| #define PACKAGE_URL ""
| #define PACKAGE "opcodes"
| #define VERSION "2.29.1"
| #define STDC_HEADERS 1
| #define HAVE_SYS_TYPES_H 1
| #define HAVE_SYS_STAT_H 1
| #define HAVE_STDLIB_H 1
| #define HAVE_STRING_H 1
| #define HAVE_MEMORY_H 1
| #define HAVE_STRINGS_H 1
| #define HAVE_INTTYPES_H 1
| #define HAVE_STDINT_H 1
| #define HAVE_UNISTD_H 1
| /* end confdefs.h.  */
| #include <minix/config.h>
configure:4830: result: no
configure:4830: checking for minix/config.h
configure:4830: result: no
configure:4851: checking whether it is safe to define __EXTENSIONS__
configure:4869: gcc -c -fsanitize=address -g  conftest.c >&5
configure:4869: $? = 0
configure:4876: result: yes
configure:4896: checking for x86_64-pc-linux-gnu-ar
configure:4923: result: ar
configure:4988: checking for x86_64-pc-linux-gnu-ranlib
configure:5015: result: ranlib
configure:5156: checking how to print strings
configure:5183: result: printf
configure:5204: checking for a sed that does not truncate output
configure:5268: result: /bin/sed
configure:5286: checking for fgrep
configure:5348: result: /bin/grep -F
configure:5383: checking for ld used by gcc
configure:5450: result: ld
configure:5457: checking if the linker (ld) is GNU ld
configure:5472: result: yes
configure:5484: checking for BSD- or MS-compatible name lister (nm)
configure:5533: result: nm
configure:5663: checking the name lister (nm) interface
configure:5670: gcc -c -fsanitize=address -g  conftest.c >&5
configure:5673: nm "conftest.o"
configure:5676: output
0000000000000000 t _GLOBAL__sub_D_00099_0_some_variable
0000000000000015 t _GLOBAL__sub_I_00099_1_some_variable
                 U __asan_init_v1
                 U __asan_register_globals
                 U __asan_unregister_globals
0000000000000000 B some_variable
configure:5683: result: BSD nm
configure:5686: checking whether ln -s works
configure:5690: result: yes
configure:5698: checking the maximum length of command line arguments
configure:5823: result: 3458764513820540925
configure:5840: checking whether the shell understands some XSI constructs
configure:5850: result: yes
configure:5854: checking whether the shell understands "+="
configure:5860: result: yes
configure:5895: checking for ld option to reload object files
configure:5902: result: -r
configure:5931: checking for x86_64-pc-linux-gnu-objdump
configure:5958: result: objdump
configure:6030: checking how to recognize dependent libraries
configure:6231: result: pass_all
configure:6251: checking for x86_64-pc-linux-gnu-ar
configure:6278: result: ar
configure:6356: checking for x86_64-pc-linux-gnu-strip
configure:6386: result: no
configure:6396: checking for strip
configure:6412: found /usr/bin/strip
configure:6423: result: strip
configure:6455: checking for x86_64-pc-linux-gnu-ranlib
configure:6482: result: ranlib
configure:6624: checking command to parse nm output from gcc object
configure:6742: gcc -c -fsanitize=address -g  conftest.c >&5
configure:6745: $? = 0
configure:6749: nm conftest.o \| sed -n -e 's/^.*[ ]\([ABCDGIRSTW][ABCDGIRSTW]*\)[ ][ ]*\([_A-Za-z][_A-Za-z0-9]*\)$/\1 \2 \2/p' \> conftest.nm
configure:6752: $? = 0
configure:6806: gcc -o conftest -fsanitize=address -g  -static-libstdc++ -static-libgcc  conftest.c conftstm.o >&5
configure:6809: $? = 0
configure:6847: result: ok
configure:6942: gcc -c -fsanitize=address -g  conftest.c >&5
configure:6945: $? = 0
configure:7695: checking for dlfcn.h
configure:7695: gcc -c -fsanitize=address -g  conftest.c >&5
configure:7695: $? = 0
configure:7695: result: yes
configure:7852: checking for objdir
configure:7867: result: .libs
configure:8138: checking if gcc supports -fno-rtti -fno-exceptions
configure:8156: gcc -c -fsanitize=address -g  -fno-rtti -fno-exceptions conftest.c >&5
cc1: warning: command line option '-fno-rtti' is valid for C++/ObjC++ but not for C [enabled by default]
configure:8160: $? = 0
configure:8173: result: no
configure:8193: checking for gcc option to produce PIC
configure:8479: result: -fPIC -DPIC
configure:8491: checking if gcc PIC flag -fPIC -DPIC works
configure:8509: gcc -c -fsanitize=address -g  -fPIC -DPIC -DPIC conftest.c >&5
configure:8513: $? = 0
configure:8526: result: yes
configure:8550: checking if gcc static flag -static works
configure:8578: result: no
configure:8593: checking if gcc supports -c -o file.o
configure:8614: gcc -c -fsanitize=address -g  -o out/conftest2.o conftest.c >&5
configure:8618: $? = 0
configure:8640: result: yes
configure:8648: checking if gcc supports -c -o file.o
configure:8695: result: yes
configure:8728: checking whether the gcc linker (ld -m elf_x86_64) supports shared libraries
configure:9799: result: yes
configure:10044: checking dynamic linker characteristics
configure:10495: gcc -o conftest -fsanitize=address -g  -static-libstdc++ -static-libgcc  -Wl,-rpath -Wl,/foo conftest.c  >&5
configure:10495: $? = 0
configure:10717: result: GNU/Linux ld.so
configure:10824: checking how to hardcode library paths into programs
configure:10849: result: immediate
configure:11389: checking whether stripping libraries is possible
configure:11394: result: yes
configure:11429: checking if libtool supports shared libraries
configure:11431: result: yes
configure:11434: checking whether to build shared libraries
configure:11455: result: no
configure:11458: checking whether to build static libraries
configure:11462: result: yes
configure:11677: checking whether gcc supports -Wmissing-field-initializers
configure:11694: gcc -c -Wmissing-field-initializers  conftest.c >&5
configure:11694: $? = 0
configure:11703: result: yes
configure:11729: checking whether to enable maintainer-specific portions of Makefiles
configure:11738: result: no
configure:11766: checking whether to install libbfd
configure:11779: result: yes
configure:11825: checking whether NLS is requested
configure:11831: result: yes
configure:11837: checking for catalogs to be installed
configure:11869: result:  da de es fi fr ga id it nl pt_BR ro sr sv tr uk vi zh_CN da de es fi fr ga id it nl pt_BR ro sr sv tr uk vi zh_CN
configure:11896: checking whether NLS is requested
configure:11905: result: yes
configure:11943: checking for msgfmt
configure:11974: result: /usr/bin/msgfmt
configure:11983: checking for gmsgfmt
configure:12014: result: /usr/bin/msgfmt
configure:12054: checking for xgettext
configure:12085: result: /usr/bin/xgettext
configure:12125: checking for msgmerge
configure:12155: result: /usr/bin/msgmerge
configure:12237: checking for string.h
configure:12237: result: yes
configure:12237: checking for strings.h
configure:12237: result: yes
configure:12237: checking for stdlib.h
configure:12237: result: yes
configure:12237: checking limits.h usability
configure:12237: gcc -c -fsanitize=address -g  conftest.c >&5
configure:12237: $? = 0
configure:12237: result: yes
configure:12237: checking limits.h presence
configure:12237: gcc -E  conftest.c
configure:12237: $? = 0
configure:12237: result: yes
configure:12237: checking for limits.h
configure:12237: result: yes
configure:12248: checking whether string.h and strings.h may both be included
configure:12265: gcc -c -fsanitize=address -g  conftest.c >&5
configure:12265: $? = 0
configure:12272: result: yes
configure:12281: checking whether basename is declared
configure:12281: gcc -c -fsanitize=address -g  conftest.c >&5
configure:12281: $? = 0
configure:12281: result: yes
configure:12291: checking whether stpcpy is declared
configure:12291: gcc -c -fsanitize=address -g  conftest.c >&5
configure:12291: $? = 0
configure:12291: result: yes
configure:12305: checking for sigsetjmp
configure:12323: gcc -c -fsanitize=address -g  conftest.c >&5
configure:12323: $? = 0
configure:12330: result: 
configure:12368: checking linker --as-needed support
configure:12379: result: yes
configure:12470: checking for cos in -lm
configure:12495: gcc -o conftest -fsanitize=address -g  -static-libstdc++ -static-libgcc  conftest.c -lm   >&5
conftest.c:44:6: warning: conflicting types for built-in function 'cos' [enabled by default]
 char cos ();
      ^
configure:12495: $? = 0
configure:12504: result: yes
configure:12842: updating cache ./config.cache
configure:12907: creating ./config.status

## ---------------------- ##
## Running config.status. ##
## ---------------------- ##

This file was extended by opcodes config.status 2.29.1, which was
generated by GNU Autoconf 2.64.  Invocation command line was

  CONFIG_FILES    = 
  CONFIG_HEADERS  = 
  CONFIG_LINKS    = 
  CONFIG_COMMANDS = 
  $ ./config.status 

on mdl-XPS-8900

config.status:1133: creating Makefile
config.status:1133: creating po/Makefile.in
config.status:1133: creating config.h
config.status:1353: executing depfiles commands
config.status:1353: executing libtool commands
config.status:1353: executing default-1 commands

## ---------------- ##
## Cache variables. ##
## ---------------- ##

ac_cv_build=x86_64-pc-linux-gnu
ac_cv_c_compiler_gnu=yes
ac_cv_env_CC_set=set
ac_cv_env_CC_value=gcc
ac_cv_env_CFLAGS_set=set
ac_cv_env_CFLAGS_value='-fsanitize=address -g'
ac_cv_env_CPPFLAGS_set=
ac_cv_env_CPPFLAGS_value=
ac_cv_env_CPP_set=
ac_cv_env_CPP_value=
ac_cv_env_LDFLAGS_set=set
ac_cv_env_LDFLAGS_value='-static-libstdc++ -static-libgcc '
ac_cv_env_LIBS_set=
ac_cv_env_LIBS_value=
ac_cv_env_build_alias_set=set
ac_cv_env_build_alias_value=x86_64-pc-linux-gnu
ac_cv_env_host_alias_set=set
ac_cv_env_host_alias_value=x86_64-pc-linux-gnu
ac_cv_env_target_alias_set=set
ac_cv_env_target_alias_value=x86_64-pc-linux-gnu
ac_cv_have_decl_basename=yes
ac_cv_have_decl_stpcpy=yes
ac_cv_header_dlfcn_h=yes
ac_cv_header_inttypes_h=yes
ac_cv_header_limits_h=yes
ac_cv_header_memory_h=yes
ac_cv_header_minix_config_h=no
ac_cv_header_stdc=yes
ac_cv_header_stdint_h=yes
ac_cv_header_stdlib_h=yes
ac_cv_header_string_h=yes
ac_cv_header_strings_h=yes
ac_cv_header_sys_stat_h=yes
ac_cv_header_sys_types_h=yes
ac_cv_header_unistd_h=yes
ac_cv_host=x86_64-pc-linux-gnu
ac_cv_lib_m_cos=yes
ac_cv_objext=o
ac_cv_path_EGREP='/bin/grep -E'
ac_cv_path_FGREP='/bin/grep -F'
ac_cv_path_GMSGFMT=/usr/bin/msgfmt
ac_cv_path_GREP=/bin/grep
ac_cv_path_MSGFMT=/usr/bin/msgfmt
ac_cv_path_MSGMERGE=/usr/bin/msgmerge
ac_cv_path_SED=/bin/sed
ac_cv_path_XGETTEXT=/usr/bin/xgettext
ac_cv_path_mkdir=/bin/mkdir
ac_cv_prog_AR=ar
ac_cv_prog_AWK=gawk
ac_cv_prog_CC=gcc
ac_cv_prog_CPP='gcc -E'
ac_cv_prog_OBJDUMP=objdump
ac_cv_prog_RANLIB=ranlib
ac_cv_prog_ac_ct_STRIP=strip
ac_cv_prog_cc_c89=
ac_cv_prog_cc_g=yes
ac_cv_prog_make_make_set=yes
ac_cv_safe_to_define___extensions__=yes
ac_cv_search_strerror='none required'
ac_cv_target=x86_64-pc-linux-gnu
acx_cv_prog_cc_warning__Wmissing_field_initializers=yes
am_cv_CC_dependencies_compiler_type=gcc3
bfd_cv_func_sigsetjmp=yes
bfd_cv_ld_as_needed=yes
gcc_cv_header_string=yes
lt_cv_deplibs_check_method=pass_all
lt_cv_file_magic_cmd='$MAGIC_CMD'
lt_cv_file_magic_test_file=
lt_cv_ld_reload_flag=-r
lt_cv_nm_interface='BSD nm'
lt_cv_objdir=.libs
lt_cv_path_LD=ld
lt_cv_path_NM=nm
lt_cv_prog_compiler_c_o=yes
lt_cv_prog_compiler_pic_works=yes
lt_cv_prog_compiler_rtti_exceptions=no
lt_cv_prog_compiler_static_works=no
lt_cv_prog_gnu_ld=yes
lt_cv_shlibpath_overrides_runpath=no
lt_cv_sys_global_symbol_pipe='sed -n -e '\''s/^.*[	 ]\([ABCDGIRSTW][ABCDGIRSTW]*\)[	 ][	 ]*\([_A-Za-z][_A-Za-z0-9]*\)$/\1 \2 \2/p'\'''
lt_cv_sys_global_symbol_to_c_name_address='sed -n -e '\''s/^: \([^ ]*\) $/  {\"\1\", (void *) 0},/p'\'' -e '\''s/^[ABCDGIRSTW]* \([^ ]*\) \([^ ]*\)$/  {"\2", (void *) \&\2},/p'\'''
lt_cv_sys_global_symbol_to_c_name_address_lib_prefix='sed -n -e '\''s/^: \([^ ]*\) $/  {\"\1\", (void *) 0},/p'\'' -e '\''s/^[ABCDGIRSTW]* \([^ ]*\) \(lib[^ ]*\)$/  {"\2", (void *) \&\2},/p'\'' -e '\''s/^[ABCDGIRSTW]* \([^ ]*\) \([^ ]*\)$/  {"lib\2", (void *) \&\2},/p'\'''
lt_cv_sys_global_symbol_to_cdecl='sed -n -e '\''s/^T .* \(.*\)$/extern int \1();/p'\'' -e '\''s/^[ABCDGIRSTW]* .* \(.*\)$/extern char \1;/p'\'''
lt_cv_sys_max_cmd_len=3458764513820540925

## ----------------- ##
## Output variables. ##
## ----------------- ##

ACLOCAL='${SHELL} /home/mdl/jun/afl-ptrix/afl-pt/samples/objdump-samples/target/binutils-2.29.1/missing --run aclocal-1.11'
AMDEPBACKSLASH='\'
AMDEP_FALSE='#'
AMDEP_TRUE=''
AMTAR='$${TAR-tar}'
AR='ar'
AUTOCONF='${SHELL} /home/mdl/jun/afl-ptrix/afl-pt/samples/objdump-samples/target/binutils-2.29.1/missing --run autoconf'
AUTOHEADER='${SHELL} /home/mdl/jun/afl-ptrix/afl-pt/samples/objdump-samples/target/binutils-2.29.1/missing --run autoheader'
AUTOMAKE='${SHELL} /home/mdl/jun/afl-ptrix/afl-pt/samples/objdump-samples/target/binutils-2.29.1/missing --run automake-1.11'
AWK='gawk'
BFD_MACHINES=' i386-dis.lo i386-opc.lo'
BUILD_LIBS='../libiberty/libiberty.a '
BUILD_LIB_DEPS='../libiberty/libiberty.a '
CATALOGS=' da.gmo de.gmo es.gmo fi.gmo fr.gmo ga.gmo id.gmo it.gmo nl.gmo pt_BR.gmo ro.gmo sr.gmo sv.gmo tr.gmo uk.gmo vi.gmo zh_CN.gmo da.gmo de.gmo es.gmo fi.gmo fr.gmo ga.gmo id.gmo it.gmo nl.gmo pt_BR.gmo ro.gmo sr.gmo sv.gmo tr.gmo uk.gmo vi.gmo zh_CN.gmo'
CATOBJEXT='.gmo'
CC='gcc'
CCDEPMODE='depmode=gcc3'
CC_FOR_BUILD='gcc'
CFLAGS='-fsanitize=address -g'
CGEN_MAINT_FALSE=''
CGEN_MAINT_TRUE='#'
CPP='gcc -E'
CPPFLAGS=''
CYGPATH_W='echo'
DATADIRNAME='share'
DEFS='-DHAVE_CONFIG_H'
DEPDIR='.deps'
DSYMUTIL=''
DUMPBIN=''
ECHO_C=''
ECHO_N='-n'
ECHO_T=''
EGREP='/bin/grep -E'
EXEEXT=''
EXEEXT_FOR_BUILD='$(EXEEXT)'
FGREP='/bin/grep -F'
GENCAT='gencat'
GMSGFMT='/usr/bin/msgfmt'
GREP='/bin/grep'
HDEFINES=''
INCINTL=''
INSTALL_DATA='/usr/bin/install -c -m 644'
INSTALL_LIBBFD_FALSE='#'
INSTALL_LIBBFD_TRUE=''
INSTALL_PROGRAM='/usr/bin/install -c'
INSTALL_SCRIPT='/usr/bin/install -c'
INSTALL_STRIP_PROGRAM='$(install_sh) -c -s'
INSTOBJEXT='.mo'
LD='ld -m elf_x86_64'
LDFLAGS='-static-libstdc++ -static-libgcc '
LIBINTL=''
LIBINTL_DEP=''
LIBM='-lm'
LIBOBJS=''
LIBS=''
LIBTOOL='$(SHELL) $(top_builddir)/libtool'
LIPO=''
LN_S='ln -s'
LTLIBOBJS=''
MAINT='#'
MAINTAINER_MODE_FALSE=''
MAINTAINER_MODE_TRUE='#'
MAKEINFO='/home/mdl/jun/afl-ptrix/afl-pt/samples/objdump-samples/target/binutils-2.29.1/missing makeinfo --split-size=5000000'
MKDIR_P='/bin/mkdir -p'
MKINSTALLDIRS='$(top_builddir)/./../mkinstalldirs'
MSGFMT='/usr/bin/msgfmt'
MSGMERGE='/usr/bin/msgmerge'
NM='nm'
NMEDIT=''
NO_WERROR=''
NO_WMISSING_FIELD_INITIALIZERS='-Wno-missing-field-initializers'
OBJDUMP='objdump'
OBJEXT='o'
OTOOL64=''
OTOOL=''
PACKAGE='opcodes'
PACKAGE_BUGREPORT=''
PACKAGE_NAME='opcodes'
PACKAGE_STRING='opcodes 2.29.1'
PACKAGE_TARNAME='opcodes'
PACKAGE_URL=''
PACKAGE_VERSION='2.29.1'
PATH_SEPARATOR=':'
POSUB='po'
RANLIB='ranlib'
SED='/bin/sed'
SET_MAKE=''
SHARED_DEPENDENCIES=''
SHARED_LDFLAGS=''
SHARED_LIBADD=''
SHELL='/bin/bash'
STRIP='strip'
USE_NLS='yes'
VERSION='2.29.1'
WARN_CFLAGS='-W -Wall -Wstrict-prototypes -Wmissing-prototypes -Wshadow'
WARN_CFLAGS_FOR_BUILD='-W -Wall -Wstrict-prototypes -Wmissing-prototypes -Wshadow'
WARN_WRITE_STRINGS='-Wwrite-strings'
XGETTEXT='/usr/bin/xgettext'
ac_ct_CC=''
ac_ct_DUMPBIN=''
am__EXEEXT_FALSE=''
am__EXEEXT_TRUE='#'
am__fastdepCC_FALSE='#'
am__fastdepCC_TRUE=''
am__include='include'
am__isrc=''
am__leading_dot='.'
am__nodep='_no'
am__quote=''
am__tar='$${TAR-tar} chof - "$$tardir"'
am__untar='$${TAR-tar} xf -'
archdefs=' -DARCH_i386 -DARCH_iamcu -DARCH_l1om -DARCH_k1om'
bfdincludedir='$(includedir)'
bfdlibdir='$(libdir)'
bindir='${exec_prefix}/bin'
build='x86_64-pc-linux-gnu'
build_alias='x86_64-pc-linux-gnu'
build_cpu='x86_64'
build_os='linux-gnu'
build_vendor='pc'
cgendir='$(srcdir)/../cgen'
datadir='${datarootdir}'
datarootdir='${prefix}/share'
docdir='${datarootdir}/doc/${PACKAGE_TARNAME}'
dvidir='${docdir}'
exec_prefix='${prefix}'
host='x86_64-pc-linux-gnu'
host_alias='x86_64-pc-linux-gnu'
host_cpu='x86_64'
host_noncanonical='x86_64-pc-linux-gnu'
host_os='linux-gnu'
host_vendor='pc'
htmldir='${docdir}'
includedir='${prefix}/include'
infodir='${datarootdir}/info'
install_sh='${SHELL} /home/mdl/jun/afl-ptrix/afl-pt/samples/objdump-samples/target/binutils-2.29.1/install-sh'
libdir='${exec_prefix}/lib'
libexecdir='${exec_prefix}/libexec'
localedir='${datarootdir}/locale'
localstatedir='${prefix}/var'
mandir='${datarootdir}/man'
mkdir_p='/bin/mkdir -p'
oldincludedir='/usr/include'
pdfdir='${docdir}'
prefix='/usr/local'
program_transform_name='s,y,y,'
psdir='${docdir}'
sbindir='${exec_prefix}/sbin'
sharedstatedir='${prefix}/com'
sysconfdir='${prefix}/etc'
target='x86_64-pc-linux-gnu'
target_alias='x86_64-pc-linux-gnu'
target_cpu='x86_64'
target_noncanonical='x86_64-pc-linux-gnu'
target_os='linux-gnu'
target_vendor='pc'

## ----------- ##
## confdefs.h. ##
## ----------- ##

/* confdefs.h */
#define PACKAGE_NAME "opcodes"
#define PACKAGE_TARNAME "opcodes"
#define PACKAGE_VERSION "2.29.1"
#define PACKAGE_STRING "opcodes 2.29.1"
#define PACKAGE_BUGREPORT ""
#define PACKAGE_URL ""
#define PACKAGE "opcodes"
#define VERSION "2.29.1"
#define STDC_HEADERS 1
#define HAVE_SYS_TYPES_H 1
#define HAVE_SYS_STAT_H 1
#define HAVE_STDLIB_H 1
#define HAVE_STRING_H 1
#define HAVE_MEMORY_H 1
#define HAVE_STRINGS_H 1
#define HAVE_INTTYPES_H 1
#define HAVE_STDINT_H 1
#define HAVE_UNISTD_H 1
#define __EXTENSIONS__ 1
#define _ALL_SOURCE 1
#define _GNU_SOURCE 1
#define _POSIX_PTHREAD_SEMANTICS 1
#define _TANDEM_SOURCE 1
#define HAVE_DLFCN_H 1
#define LT_OBJDIR ".libs/"
#define ENABLE_NLS 1
#define HAVE_STRING_H 1
#define HAVE_STRINGS_H 1
#define HAVE_STDLIB_H 1
#define HAVE_LIMITS_H 1
#define STRING_WITH_STRINGS 1
#define HAVE_DECL_BASENAME 1
#define HAVE_DECL_STPCPY 1
#define HAVE_SIGSETJMP 1

configure: exit 0
